[[1;34mINFO[m] Scanning for projects...
Downloading from chronicle-enterprise-snapshots: https://nexus.chronicle.software/content/repositories/snapshots/net/openhft/chronicle-bom/2.22ea-SNAPSHOT/maven-metadata.xml
Downloading from Snapshot Repository: https://oss.sonatype.org/content/repositories/snapshots/net/openhft/chronicle-bom/2.22ea-SNAPSHOT/maven-metadata.xml
Downloading from chronicle-enterprise-release: https://nexus.chronicle.software/content/repositories/releases/net/openhft/chronicle-bom/2.22ea-SNAPSHOT/maven-metadata.xml
Progress (1): 784 B                   Downloaded from Snapshot Repository: https://oss.sonatype.org/content/repositories/snapshots/net/openhft/chronicle-bom/2.22ea-SNAPSHOT/maven-metadata.xml (784 B at 1.4 kB/s)
[[1;33mWARNING[m] Could not transfer metadata net.openhft:chronicle-bom:2.22ea-SNAPSHOT/maven-metadata.xml from/to chronicle-enterprise-snapshots (https://nexus.chronicle.software/content/repositories/snapshots): Not authorized , ReasonPhrase:Unauthorized.
[[1;33mWARNING[m] Could not transfer metadata net.openhft:chronicle-bom:2.22ea-SNAPSHOT/maven-metadata.xml from/to chronicle-enterprise-release (https://nexus.chronicle.software/content/repositories/releases): Not authorized , ReasonPhrase:Unauthorized.
Downloading from Snapshot Repository: https://oss.sonatype.org/content/repositories/snapshots/net/openhft/chronicle-bom/2.22ea-SNAPSHOT/chronicle-bom-2.22ea-20210901.175256-20.pom
Progress (1): 4.1/24 kBProgress (1): 7.8/24 kBProgress (1): 12/24 kB Progress (1): 16/24 kBProgress (1): 20/24 kBProgress (1): 24/24 kBProgress (1): 24 kB                      Downloaded from Snapshot Repository: https://oss.sonatype.org/content/repositories/snapshots/net/openhft/chronicle-bom/2.22ea-SNAPSHOT/chronicle-bom-2.22ea-20210901.175256-20.pom (24 kB at 272 kB/s)
[[1;34mINFO[m] 
[[1;34mINFO[m] [1m---------------------< [0;36mnet.openhft:chronicle-wire[0;1m >---------------------[m
[[1;34mINFO[m] [1mBuilding OpenHFT/Chronicle-Wire 2.22ea2-SNAPSHOT[m
[[1;34mINFO[m] [1m-------------------------------[ bundle ]-------------------------------[m
[[1;34mINFO[m] 
[[1;34mINFO[m] [1m>>> [0;32mnondex-maven-plugin:1.1.2:nondex[m [1m(default-cli)[0;1m > [0;1mtest-compile[m @ [36mchronicle-wire[0;1m >>>[m
[[1;34mINFO[m] 
[[1;34mINFO[m] [1m--- [0;32mmaven-enforcer-plugin:3.0.0-M3:enforce[m [1m(enforce-maven)[m @ [36mchronicle-wire[0;1m ---[m
[[1;34mINFO[m] 
[[1;34mINFO[m] [1m--- [0;32mmaven-enforcer-plugin:3.0.0-M3:enforce[m [1m(enforce-no-snapshots)[m @ [36mchronicle-wire[0;1m ---[m
[[1;34mINFO[m] 
[[1;34mINFO[m] [1m--- [0;32mdepends-maven-plugin:1.4.0:generate-depends-file[m [1m(generate-depends-file)[m @ [36mchronicle-wire[0;1m ---[m
[[1;34mINFO[m] Created: /home/shengan4/Chronicle-Wire/target/classes/META-INF/maven/dependencies.properties
[[1;34mINFO[m] 
[[1;34mINFO[m] [1m--- [0;32mmaven-resources-plugin:3.2.0:resources[m [1m(default-resources)[m @ [36mchronicle-wire[0;1m ---[m
[[1;34mINFO[m] Using 'UTF-8' encoding to copy filtered resources.
[[1;34mINFO[m] Using 'UTF-8' encoding to copy filtered properties files.
[[1;34mINFO[m] Copying 2 resources
[[1;34mINFO[m] 
[[1;34mINFO[m] [1m--- [0;32mmaven-compiler-plugin:3.8.1:compile[m [1m(default-compile)[m @ [36mchronicle-wire[0;1m ---[m
[[1;34mINFO[m] Changes detected - recompiling the module!
[[1;34mINFO[m] Compiling 166 source files to /home/shengan4/Chronicle-Wire/target/classes
[[1;33mWARNING[m] /home/shengan4/Chronicle-Wire/src/main/java/net/openhft/chronicle/wire/AbstractWire.java:[282,17] enterHeader(int) in net.openhft.chronicle.wire.WireOut has been deprecated
[[1;33mWARNING[m] /home/shengan4/Chronicle-Wire/src/main/java/net/openhft/chronicle/wire/HashWire.java:[226,17] enterHeader(int) in net.openhft.chronicle.wire.WireOut has been deprecated
[[1;33mWARNING[m] /home/shengan4/Chronicle-Wire/src/main/java/net/openhft/chronicle/wire/VanillaMethodWriterBuilder.java:[273,35] useMethodIds(boolean) in net.openhft.chronicle.bytes.MethodWriterBuilder has been deprecated
[[1;34mINFO[m] /home/shengan4/Chronicle-Wire/src/main/java/net/openhft/chronicle/wire/Marshallable.java: Some input files use unchecked or unsafe operations.
[[1;34mINFO[m] /home/shengan4/Chronicle-Wire/src/main/java/net/openhft/chronicle/wire/Marshallable.java: Recompile with -Xlint:unchecked for details.
[[1;34mINFO[m] 
[[1;34mINFO[m] [1m--- [0;32mmaven-bundle-plugin:5.1.2:manifest[m [1m(default)[m @ [36mchronicle-wire[0;1m ---[m
[[1;34mINFO[m] 
[[1;34mINFO[m] [1m--- [0;32mmaven-resources-plugin:3.2.0:testResources[m [1m(default-testResources)[m @ [36mchronicle-wire[0;1m ---[m
[[1;34mINFO[m] Using 'UTF-8' encoding to copy filtered resources.
[[1;34mINFO[m] Using 'UTF-8' encoding to copy filtered properties files.
[[1;34mINFO[m] Copying 491 resources
[[1;34mINFO[m] 
[[1;34mINFO[m] [1m--- [0;32mmaven-compiler-plugin:3.8.1:testCompile[m [1m(default-testCompile)[m @ [36mchronicle-wire[0;1m ---[m
[[1;34mINFO[m] Changes detected - recompiling the module!
[[1;34mINFO[m] Compiling 237 source files to /home/shengan4/Chronicle-Wire/target/test-classes
[[1;34mINFO[m] /home/shengan4/Chronicle-Wire/src/test/java/net/openhft/chronicle/wire/marshallable/BClass.java: Some input files use unchecked or unsafe operations.
[[1;34mINFO[m] /home/shengan4/Chronicle-Wire/src/test/java/net/openhft/chronicle/wire/marshallable/BClass.java: Recompile with -Xlint:unchecked for details.
[[1;34mINFO[m] 
[[1;34mINFO[m] [1m<<< [0;32mnondex-maven-plugin:1.1.2:nondex[m [1m(default-cli)[0;1m < [0;1mtest-compile[m @ [36mchronicle-wire[0;1m <<<[m
[[1;34mINFO[m] 
[[1;34mINFO[m] 
[[1;34mINFO[m] [1m--- [0;32mnondex-maven-plugin:1.1.2:nondex[m [1m(default-cli)[m @ [36mchronicle-wire[0;1m ---[m
INFO: The original argline is: 
INFO: Adding NonDex argLine to existing argLine specified by the project
CONFIG: nondexFilter=.*
nondexMode=FULL
nondexSeed=933178
nondexStart=0
nondexEnd=9223372036854775807
nondexPrintstack=false
nondexDir=/home/shengan4/Chronicle-Wire/.nondex
nondexJarDir=.nondex
nondexExecid=clean_K6hrReHqgAcadKHhSE1OGOmD5kHrLyEm6SaSJI3hNmk=
nondexLogging=CONFIG
test=
[[1;34mINFO[m] 
[[1;34mINFO[m] -------------------------------------------------------
[[1;34mINFO[m]  T E S T S
[[1;34mINFO[m] -------------------------------------------------------
[[1;34mINFO[m] Running net.openhft.chronicle.wire.[1mMarshallableTest[m
[[1;34mINFO[m] [1;32mTests run: [0;1;32m1[m, Failures: 0, Errors: 0, Skipped: 0, Time elapsed: 0.326 s - in net.openhft.chronicle.wire.[1mMarshallableTest[m
[[1;34mINFO[m] 
[[1;34mINFO[m] Results:
[[1;34mINFO[m] 
[[1;34mINFO[m] [1;32mTests run: 1, Failures: 0, Errors: 0, Skipped: 0[m
[[1;34mINFO[m] 
INFO: Adding excluded groups to newly created one
INFO: Adding NonDex argLine to existing argLine specified by the project
CONFIG: nondexFilter=.*
nondexMode=FULL
nondexSeed=933178
nondexStart=0
nondexEnd=9223372036854775807
nondexPrintstack=false
nondexDir=/home/shengan4/Chronicle-Wire/.nondex
nondexJarDir=/home/shengan4/Chronicle-Wire/.nondex
nondexExecid=zjgTBZVCPCTOt1nR+jjmpX7qq7i6RsadKKUrrvdBg=
nondexLogging=CONFIG
test=
[[1;34mINFO[m] 
[[1;34mINFO[m] -------------------------------------------------------
[[1;34mINFO[m]  T E S T S
[[1;34mINFO[m] -------------------------------------------------------
[[1;34mINFO[m] Running net.openhft.chronicle.wire.[1mMarshallableTest[m
[[1;34mINFO[m] [1;32mTests run: [0;1;32m1[m, Failures: 0, Errors: 0, Skipped: 0, Time elapsed: 0.26 s - in net.openhft.chronicle.wire.[1mMarshallableTest[m
[[1;34mINFO[m] 
[[1;34mINFO[m] Results:
[[1;34mINFO[m] 
[[1;34mINFO[m] [1;32mTests run: 1, Failures: 0, Errors: 0, Skipped: 0[m
[[1;34mINFO[m] 
INFO: Adding excluded groups to newly created one
INFO: Adding NonDex argLine to existing argLine specified by the project
CONFIG: nondexFilter=.*
nondexMode=FULL
nondexSeed=974622
nondexStart=0
nondexEnd=9223372036854775807
nondexPrintstack=false
nondexDir=/home/shengan4/Chronicle-Wire/.nondex
nondexJarDir=/home/shengan4/Chronicle-Wire/.nondex
nondexExecid=hvH9URYPCe854+nFyQhufaLCgFfyxOHKomxxXAI96Y=
nondexLogging=CONFIG
test=
[[1;34mINFO[m] 
[[1;34mINFO[m] -------------------------------------------------------
[[1;34mINFO[m]  T E S T S
[[1;34mINFO[m] -------------------------------------------------------
[[1;34mINFO[m] Running net.openhft.chronicle.wire.[1mMarshallableTest[m
[[1;34mINFO[m] [1;32mTests run: [0;1;32m1[m, Failures: 0, Errors: 0, Skipped: 0, Time elapsed: 0.268 s - in net.openhft.chronicle.wire.[1mMarshallableTest[m
[[1;34mINFO[m] 
[[1;34mINFO[m] Results:
[[1;34mINFO[m] 
[[1;34mINFO[m] [1;32mTests run: 1, Failures: 0, Errors: 0, Skipped: 0[m
[[1;34mINFO[m] 
INFO: Adding excluded groups to newly created one
INFO: Adding NonDex argLine to existing argLine specified by the project
CONFIG: nondexFilter=.*
nondexMode=FULL
nondexSeed=1016066
nondexStart=0
nondexEnd=9223372036854775807
nondexPrintstack=false
nondexDir=/home/shengan4/Chronicle-Wire/.nondex
nondexJarDir=/home/shengan4/Chronicle-Wire/.nondex
nondexExecid=tu214KiIkLdEFTEIpBWRhWYrkPRmmjebWi3Ghs57sw=
nondexLogging=CONFIG
test=
[[1;34mINFO[m] 
[[1;34mINFO[m] -------------------------------------------------------
[[1;34mINFO[m]  T E S T S
[[1;34mINFO[m] -------------------------------------------------------
[[1;34mINFO[m] Running net.openhft.chronicle.wire.[1mMarshallableTest[m
[[1;34mINFO[m] [1;32mTests run: [0;1;32m1[m, Failures: 0, Errors: 0, Skipped: 0, Time elapsed: 0.277 s - in net.openhft.chronicle.wire.[1mMarshallableTest[m
[[1;34mINFO[m] 
[[1;34mINFO[m] Results:
[[1;34mINFO[m] 
[[1;34mINFO[m] [1;32mTests run: 1, Failures: 0, Errors: 0, Skipped: 0[m
[[1;34mINFO[m] 
INFO: Adding excluded groups to newly created one
INFO: Adding NonDex argLine to existing argLine specified by the project
CONFIG: nondexFilter=.*
nondexMode=FULL
nondexSeed=1057510
nondexStart=0
nondexEnd=9223372036854775807
nondexPrintstack=false
nondexDir=/home/shengan4/Chronicle-Wire/.nondex
nondexJarDir=/home/shengan4/Chronicle-Wire/.nondex
nondexExecid=tfONf+7ZyVl3tcUufGGZCAni5M3M0MnJZt60kgWTdk=
nondexLogging=CONFIG
test=
[[1;34mINFO[m] 
[[1;34mINFO[m] -------------------------------------------------------
[[1;34mINFO[m]  T E S T S
[[1;34mINFO[m] -------------------------------------------------------
[[1;34mINFO[m] Running net.openhft.chronicle.wire.[1mMarshallableTest[m
[[1;34mINFO[m] [1;32mTests run: [0;1;32m1[m, Failures: 0, Errors: 0, Skipped: 0, Time elapsed: 0.269 s - in net.openhft.chronicle.wire.[1mMarshallableTest[m
[[1;34mINFO[m] 
[[1;34mINFO[m] Results:
[[1;34mINFO[m] 
[[1;34mINFO[m] [1;32mTests run: 1, Failures: 0, Errors: 0, Skipped: 0[m
[[1;34mINFO[m] 
INFO: Adding excluded groups to newly created one
INFO: Adding NonDex argLine to existing argLine specified by the project
CONFIG: nondexFilter=.*
nondexMode=FULL
nondexSeed=1098954
nondexStart=0
nondexEnd=9223372036854775807
nondexPrintstack=false
nondexDir=/home/shengan4/Chronicle-Wire/.nondex
nondexJarDir=/home/shengan4/Chronicle-Wire/.nondex
nondexExecid=XXuiRE1AKM2AIZuNpnY+3xJORPaN7djMLR9fPyEcJ4w=
nondexLogging=CONFIG
test=
[[1;34mINFO[m] 
[[1;34mINFO[m] -------------------------------------------------------
[[1;34mINFO[m]  T E S T S
[[1;34mINFO[m] -------------------------------------------------------
[[1;34mINFO[m] Running net.openhft.chronicle.wire.[1mMarshallableTest[m
[[1;34mINFO[m] [1;32mTests run: [0;1;32m1[m, Failures: 0, Errors: 0, Skipped: 0, Time elapsed: 0.285 s - in net.openhft.chronicle.wire.[1mMarshallableTest[m
[[1;34mINFO[m] 
[[1;34mINFO[m] Results:
[[1;34mINFO[m] 
[[1;34mINFO[m] [1;32mTests run: 1, Failures: 0, Errors: 0, Skipped: 0[m
[[1;34mINFO[m] 
INFO: Adding excluded groups to newly created one
INFO: Adding NonDex argLine to existing argLine specified by the project
CONFIG: nondexFilter=.*
nondexMode=FULL
nondexSeed=1140398
nondexStart=0
nondexEnd=9223372036854775807
nondexPrintstack=false
nondexDir=/home/shengan4/Chronicle-Wire/.nondex
nondexJarDir=/home/shengan4/Chronicle-Wire/.nondex
nondexExecid=0X6MnbOHoJFcWsGUHX4kMUH1dxfPTrfuJd4gaH7mzF8=
nondexLogging=CONFIG
test=
[[1;34mINFO[m] 
[[1;34mINFO[m] -------------------------------------------------------
[[1;34mINFO[m]  T E S T S
[[1;34mINFO[m] -------------------------------------------------------
[[1;34mINFO[m] Running net.openhft.chronicle.wire.[1mMarshallableTest[m
[[1;34mINFO[m] [1;32mTests run: [0;1;32m1[m, Failures: 0, Errors: 0, Skipped: 0, Time elapsed: 0.25 s - in net.openhft.chronicle.wire.[1mMarshallableTest[m
[[1;34mINFO[m] 
[[1;34mINFO[m] Results:
[[1;34mINFO[m] 
[[1;34mINFO[m] [1;32mTests run: 1, Failures: 0, Errors: 0, Skipped: 0[m
[[1;34mINFO[m] 
INFO: Adding excluded groups to newly created one
INFO: Adding NonDex argLine to existing argLine specified by the project
CONFIG: nondexFilter=.*
nondexMode=FULL
nondexSeed=1181842
nondexStart=0
nondexEnd=9223372036854775807
nondexPrintstack=false
nondexDir=/home/shengan4/Chronicle-Wire/.nondex
nondexJarDir=/home/shengan4/Chronicle-Wire/.nondex
nondexExecid=lJz19LE2ehgSlhwLzRUa8aS3iCzV4ePBBLUT06alQ=
nondexLogging=CONFIG
test=
[[1;34mINFO[m] 
[[1;34mINFO[m] -------------------------------------------------------
[[1;34mINFO[m]  T E S T S
[[1;34mINFO[m] -------------------------------------------------------
[[1;34mINFO[m] Running net.openhft.chronicle.wire.[1mMarshallableTest[m
[[1;34mINFO[m] [1;32mTests run: [0;1;32m1[m, Failures: 0, Errors: 0, Skipped: 0, Time elapsed: 0.246 s - in net.openhft.chronicle.wire.[1mMarshallableTest[m
[[1;34mINFO[m] 
[[1;34mINFO[m] Results:
[[1;34mINFO[m] 
[[1;34mINFO[m] [1;32mTests run: 1, Failures: 0, Errors: 0, Skipped: 0[m
[[1;34mINFO[m] 
INFO: Adding excluded groups to newly created one
INFO: Adding NonDex argLine to existing argLine specified by the project
CONFIG: nondexFilter=.*
nondexMode=FULL
nondexSeed=1223286
nondexStart=0
nondexEnd=9223372036854775807
nondexPrintstack=false
nondexDir=/home/shengan4/Chronicle-Wire/.nondex
nondexJarDir=/home/shengan4/Chronicle-Wire/.nondex
nondexExecid=LhE6BOaC5Ut99tYvMfLKJcBW2kRhmfa96uegs5jUpA=
nondexLogging=CONFIG
test=
[[1;34mINFO[m] 
[[1;34mINFO[m] -------------------------------------------------------
[[1;34mINFO[m]  T E S T S
[[1;34mINFO[m] -------------------------------------------------------
[[1;34mINFO[m] Running net.openhft.chronicle.wire.[1mMarshallableTest[m
[[1;34mINFO[m] [1;32mTests run: [0;1;32m1[m, Failures: 0, Errors: 0, Skipped: 0, Time elapsed: 0.316 s - in net.openhft.chronicle.wire.[1mMarshallableTest[m
[[1;34mINFO[m] 
[[1;34mINFO[m] Results:
[[1;34mINFO[m] 
[[1;34mINFO[m] [1;32mTests run: 1, Failures: 0, Errors: 0, Skipped: 0[m
[[1;34mINFO[m] 
INFO: Adding excluded groups to newly created one
INFO: Adding NonDex argLine to existing argLine specified by the project
CONFIG: nondexFilter=.*
nondexMode=FULL
nondexSeed=1264730
nondexStart=0
nondexEnd=9223372036854775807
nondexPrintstack=false
nondexDir=/home/shengan4/Chronicle-Wire/.nondex
nondexJarDir=/home/shengan4/Chronicle-Wire/.nondex
nondexExecid=0VGTP56EccAXOYys1fanV0IM8RMBDtkJKzbK5R9KWs=
nondexLogging=CONFIG
test=
[[1;34mINFO[m] 
[[1;34mINFO[m] -------------------------------------------------------
[[1;34mINFO[m]  T E S T S
[[1;34mINFO[m] -------------------------------------------------------
[[1;34mINFO[m] Running net.openhft.chronicle.wire.[1mMarshallableTest[m
[[1;34mINFO[m] [1;32mTests run: [0;1;32m1[m, Failures: 0, Errors: 0, Skipped: 0, Time elapsed: 0.251 s - in net.openhft.chronicle.wire.[1mMarshallableTest[m
[[1;34mINFO[m] 
[[1;34mINFO[m] Results:
[[1;34mINFO[m] 
[[1;34mINFO[m] [1;32mTests run: 1, Failures: 0, Errors: 0, Skipped: 0[m
[[1;34mINFO[m] 
INFO: Adding excluded groups to newly created one
INFO: Adding NonDex argLine to existing argLine specified by the project
CONFIG: nondexFilter=.*
nondexMode=FULL
nondexSeed=1306174
nondexStart=0
nondexEnd=9223372036854775807
nondexPrintstack=false
nondexDir=/home/shengan4/Chronicle-Wire/.nondex
nondexJarDir=/home/shengan4/Chronicle-Wire/.nondex
nondexExecid=oQ4uZdTF7qEtGOGXnnBcXLEMDqFCWyPphzyDRSUa32Q=
nondexLogging=CONFIG
test=
[[1;34mINFO[m] 
[[1;34mINFO[m] -------------------------------------------------------
[[1;34mINFO[m]  T E S T S
[[1;34mINFO[m] -------------------------------------------------------
[[1;34mINFO[m] Running net.openhft.chronicle.wire.[1mMarshallableTest[m
[[1;34mINFO[m] [1;32mTests run: [0;1;32m1[m, Failures: 0, Errors: 0, Skipped: 0, Time elapsed: 0.317 s - in net.openhft.chronicle.wire.[1mMarshallableTest[m
[[1;34mINFO[m] 
[[1;34mINFO[m] Results:
[[1;34mINFO[m] 
[[1;34mINFO[m] [1;32mTests run: 1, Failures: 0, Errors: 0, Skipped: 0[m
[[1;34mINFO[m] 
INFO: Adding excluded groups to newly created one
INFO: Adding NonDex argLine to existing argLine specified by the project
CONFIG: nondexFilter=.*
nondexMode=FULL
nondexSeed=1347618
nondexStart=0
nondexEnd=9223372036854775807
nondexPrintstack=false
nondexDir=/home/shengan4/Chronicle-Wire/.nondex
nondexJarDir=/home/shengan4/Chronicle-Wire/.nondex
nondexExecid=kE+kQMS1MzMDFSo6DkW0jC+akyb0sFvg8aMxguC1cw=
nondexLogging=CONFIG
test=
[[1;34mINFO[m] 
[[1;34mINFO[m] -------------------------------------------------------
[[1;34mINFO[m]  T E S T S
[[1;34mINFO[m] -------------------------------------------------------
[[1;34mINFO[m] Running net.openhft.chronicle.wire.[1mMarshallableTest[m
[[1;34mINFO[m] [1;32mTests run: [0;1;32m1[m, Failures: 0, Errors: 0, Skipped: 0, Time elapsed: 0.298 s - in net.openhft.chronicle.wire.[1mMarshallableTest[m
[[1;34mINFO[m] 
[[1;34mINFO[m] Results:
[[1;34mINFO[m] 
[[1;34mINFO[m] [1;32mTests run: 1, Failures: 0, Errors: 0, Skipped: 0[m
[[1;34mINFO[m] 
INFO: Adding excluded groups to newly created one
INFO: Adding NonDex argLine to existing argLine specified by the project
CONFIG: nondexFilter=.*
nondexMode=FULL
nondexSeed=1389062
nondexStart=0
nondexEnd=9223372036854775807
nondexPrintstack=false
nondexDir=/home/shengan4/Chronicle-Wire/.nondex
nondexJarDir=/home/shengan4/Chronicle-Wire/.nondex
nondexExecid=DjhT7nkMIB1FHCFd5XQLZHYbNegUmZozX1kKMMKTcZA=
nondexLogging=CONFIG
test=
[[1;34mINFO[m] 
[[1;34mINFO[m] -------------------------------------------------------
[[1;34mINFO[m]  T E S T S
[[1;34mINFO[m] -------------------------------------------------------
[[1;34mINFO[m] Running net.openhft.chronicle.wire.[1mMarshallableTest[m
[[1;34mINFO[m] [1;32mTests run: [0;1;32m1[m, Failures: 0, Errors: 0, Skipped: 0, Time elapsed: 0.252 s - in net.openhft.chronicle.wire.[1mMarshallableTest[m
[[1;34mINFO[m] 
[[1;34mINFO[m] Results:
[[1;34mINFO[m] 
[[1;34mINFO[m] [1;32mTests run: 1, Failures: 0, Errors: 0, Skipped: 0[m
[[1;34mINFO[m] 
INFO: Adding excluded groups to newly created one
INFO: Adding NonDex argLine to existing argLine specified by the project
CONFIG: nondexFilter=.*
nondexMode=FULL
nondexSeed=1430506
nondexStart=0
nondexEnd=9223372036854775807
nondexPrintstack=false
nondexDir=/home/shengan4/Chronicle-Wire/.nondex
nondexJarDir=/home/shengan4/Chronicle-Wire/.nondex
nondexExecid=rMzRZ8ECP1a9I07ZOyjYOoQO26IRIXI8hIsW8iy06I=
nondexLogging=CONFIG
test=
[[1;34mINFO[m] 
[[1;34mINFO[m] -------------------------------------------------------
[[1;34mINFO[m]  T E S T S
[[1;34mINFO[m] -------------------------------------------------------
[[1;34mINFO[m] Running net.openhft.chronicle.wire.[1mMarshallableTest[m
[[1;34mINFO[m] [1;32mTests run: [0;1;32m1[m, Failures: 0, Errors: 0, Skipped: 0, Time elapsed: 0.259 s - in net.openhft.chronicle.wire.[1mMarshallableTest[m
[[1;34mINFO[m] 
[[1;34mINFO[m] Results:
[[1;34mINFO[m] 
[[1;34mINFO[m] [1;32mTests run: 1, Failures: 0, Errors: 0, Skipped: 0[m
[[1;34mINFO[m] 
INFO: Adding excluded groups to newly created one
INFO: Adding NonDex argLine to existing argLine specified by the project
CONFIG: nondexFilter=.*
nondexMode=FULL
nondexSeed=1471950
nondexStart=0
nondexEnd=9223372036854775807
nondexPrintstack=false
nondexDir=/home/shengan4/Chronicle-Wire/.nondex
nondexJarDir=/home/shengan4/Chronicle-Wire/.nondex
nondexExecid=yfRHRonVwLZKLQI0gZh2+qRWgTp1GJJq9LNgGZ6Bqs=
nondexLogging=CONFIG
test=
[[1;34mINFO[m] 
[[1;34mINFO[m] -------------------------------------------------------
[[1;34mINFO[m]  T E S T S
[[1;34mINFO[m] -------------------------------------------------------
[[1;34mINFO[m] Running net.openhft.chronicle.wire.[1mMarshallableTest[m
[[1;34mINFO[m] [1;32mTests run: [0;1;32m1[m, Failures: 0, Errors: 0, Skipped: 0, Time elapsed: 0.278 s - in net.openhft.chronicle.wire.[1mMarshallableTest[m
[[1;34mINFO[m] 
[[1;34mINFO[m] Results:
[[1;34mINFO[m] 
[[1;34mINFO[m] [1;32mTests run: 1, Failures: 0, Errors: 0, Skipped: 0[m
[[1;34mINFO[m] 
INFO: Adding excluded groups to newly created one
INFO: Adding NonDex argLine to existing argLine specified by the project
CONFIG: nondexFilter=.*
nondexMode=FULL
nondexSeed=1513394
nondexStart=0
nondexEnd=9223372036854775807
nondexPrintstack=false
nondexDir=/home/shengan4/Chronicle-Wire/.nondex
nondexJarDir=/home/shengan4/Chronicle-Wire/.nondex
nondexExecid=Jti7ui5kLrjzZLPDrXLd23RqgpFWCUkJhX0O6IuFSE=
nondexLogging=CONFIG
test=
[[1;34mINFO[m] 
[[1;34mINFO[m] -------------------------------------------------------
[[1;34mINFO[m]  T E S T S
[[1;34mINFO[m] -------------------------------------------------------
[[1;34mINFO[m] Running net.openhft.chronicle.wire.[1mMarshallableTest[m
[[1;34mINFO[m] [1;32mTests run: [0;1;32m1[m, Failures: 0, Errors: 0, Skipped: 0, Time elapsed: 0.275 s - in net.openhft.chronicle.wire.[1mMarshallableTest[m
[[1;34mINFO[m] 
[[1;34mINFO[m] Results:
[[1;34mINFO[m] 
[[1;34mINFO[m] [1;32mTests run: 1, Failures: 0, Errors: 0, Skipped: 0[m
[[1;34mINFO[m] 
INFO: Adding excluded groups to newly created one
INFO: Adding NonDex argLine to existing argLine specified by the project
CONFIG: nondexFilter=.*
nondexMode=FULL
nondexSeed=1554838
nondexStart=0
nondexEnd=9223372036854775807
nondexPrintstack=false
nondexDir=/home/shengan4/Chronicle-Wire/.nondex
nondexJarDir=/home/shengan4/Chronicle-Wire/.nondex
nondexExecid=40RIXR1g9InQHNX6EIgJhMkOhg800kOemIqYpGaww=
nondexLogging=CONFIG
test=
[[1;34mINFO[m] 
[[1;34mINFO[m] -------------------------------------------------------
[[1;34mINFO[m]  T E S T S
[[1;34mINFO[m] -------------------------------------------------------
[[1;34mINFO[m] Running net.openhft.chronicle.wire.[1mMarshallableTest[m
[[1;34mINFO[m] [1;32mTests run: [0;1;32m1[m, Failures: 0, Errors: 0, Skipped: 0, Time elapsed: 0.288 s - in net.openhft.chronicle.wire.[1mMarshallableTest[m
[[1;34mINFO[m] 
[[1;34mINFO[m] Results:
[[1;34mINFO[m] 
[[1;34mINFO[m] [1;32mTests run: 1, Failures: 0, Errors: 0, Skipped: 0[m
[[1;34mINFO[m] 
INFO: Adding excluded groups to newly created one
INFO: Adding NonDex argLine to existing argLine specified by the project
CONFIG: nondexFilter=.*
nondexMode=FULL
nondexSeed=1596282
nondexStart=0
nondexEnd=9223372036854775807
nondexPrintstack=false
nondexDir=/home/shengan4/Chronicle-Wire/.nondex
nondexJarDir=/home/shengan4/Chronicle-Wire/.nondex
nondexExecid=xe2jZNglzEethY7F9VLc6SxjUbxU681dvAvtATXTQc=
nondexLogging=CONFIG
test=
[[1;34mINFO[m] 
[[1;34mINFO[m] -------------------------------------------------------
[[1;34mINFO[m]  T E S T S
[[1;34mINFO[m] -------------------------------------------------------
[[1;34mINFO[m] Running net.openhft.chronicle.wire.[1mMarshallableTest[m
[[1;34mINFO[m] [1;32mTests run: [0;1;32m1[m, Failures: 0, Errors: 0, Skipped: 0, Time elapsed: 0.257 s - in net.openhft.chronicle.wire.[1mMarshallableTest[m
[[1;34mINFO[m] 
[[1;34mINFO[m] Results:
[[1;34mINFO[m] 
[[1;34mINFO[m] [1;32mTests run: 1, Failures: 0, Errors: 0, Skipped: 0[m
[[1;34mINFO[m] 
INFO: Adding excluded groups to newly created one
INFO: Adding NonDex argLine to existing argLine specified by the project
CONFIG: nondexFilter=.*
nondexMode=FULL
nondexSeed=1637726
nondexStart=0
nondexEnd=9223372036854775807
nondexPrintstack=false
nondexDir=/home/shengan4/Chronicle-Wire/.nondex
nondexJarDir=/home/shengan4/Chronicle-Wire/.nondex
nondexExecid=SsqFDHulErKV7szig6KStKa1k6D13XGfgh8oMjKevM=
nondexLogging=CONFIG
test=
[[1;34mINFO[m] 
[[1;34mINFO[m] -------------------------------------------------------
[[1;34mINFO[m]  T E S T S
[[1;34mINFO[m] -------------------------------------------------------
[[1;34mINFO[m] Running net.openhft.chronicle.wire.[1mMarshallableTest[m
[[1;34mINFO[m] [1;32mTests run: [0;1;32m1[m, Failures: 0, Errors: 0, Skipped: 0, Time elapsed: 0.276 s - in net.openhft.chronicle.wire.[1mMarshallableTest[m
[[1;34mINFO[m] 
[[1;34mINFO[m] Results:
[[1;34mINFO[m] 
[[1;34mINFO[m] [1;32mTests run: 1, Failures: 0, Errors: 0, Skipped: 0[m
[[1;34mINFO[m] 
INFO: Adding excluded groups to newly created one
INFO: Adding NonDex argLine to existing argLine specified by the project
CONFIG: nondexFilter=.*
nondexMode=FULL
nondexSeed=1679170
nondexStart=0
nondexEnd=9223372036854775807
nondexPrintstack=false
nondexDir=/home/shengan4/Chronicle-Wire/.nondex
nondexJarDir=/home/shengan4/Chronicle-Wire/.nondex
nondexExecid=ns+GmJSybuT57UvUialNXve15ZK6z864icgRZCL5Zr0=
nondexLogging=CONFIG
test=
[[1;34mINFO[m] 
[[1;34mINFO[m] -------------------------------------------------------
[[1;34mINFO[m]  T E S T S
[[1;34mINFO[m] -------------------------------------------------------
[[1;34mINFO[m] Running net.openhft.chronicle.wire.[1mMarshallableTest[m
[[1;34mINFO[m] [1;32mTests run: [0;1;32m1[m, Failures: 0, Errors: 0, Skipped: 0, Time elapsed: 0.255 s - in net.openhft.chronicle.wire.[1mMarshallableTest[m
[[1;34mINFO[m] 
[[1;34mINFO[m] Results:
[[1;34mINFO[m] 
[[1;34mINFO[m] [1;32mTests run: 1, Failures: 0, Errors: 0, Skipped: 0[m
[[1;34mINFO[m] 
INFO: Adding excluded groups to newly created one
INFO: Adding NonDex argLine to existing argLine specified by the project
CONFIG: nondexFilter=.*
nondexMode=FULL
nondexSeed=1720614
nondexStart=0
nondexEnd=9223372036854775807
nondexPrintstack=false
nondexDir=/home/shengan4/Chronicle-Wire/.nondex
nondexJarDir=/home/shengan4/Chronicle-Wire/.nondex
nondexExecid=eCcHdRKSaeMMtQiryP7drp5JqRQ5qJnhsO5QOitYYE=
nondexLogging=CONFIG
test=
[[1;34mINFO[m] 
[[1;34mINFO[m] -------------------------------------------------------
[[1;34mINFO[m]  T E S T S
[[1;34mINFO[m] -------------------------------------------------------
[[1;34mINFO[m] Running net.openhft.chronicle.wire.[1mMarshallableTest[m
[[1;34mINFO[m] [1;32mTests run: [0;1;32m1[m, Failures: 0, Errors: 0, Skipped: 0, Time elapsed: 0.304 s - in net.openhft.chronicle.wire.[1mMarshallableTest[m
[[1;34mINFO[m] 
[[1;34mINFO[m] Results:
[[1;34mINFO[m] 
[[1;34mINFO[m] [1;32mTests run: 1, Failures: 0, Errors: 0, Skipped: 0[m
[[1;34mINFO[m] 
INFO: Adding excluded groups to newly created one
INFO: Adding NonDex argLine to existing argLine specified by the project
CONFIG: nondexFilter=.*
nondexMode=FULL
nondexSeed=1762058
nondexStart=0
nondexEnd=9223372036854775807
nondexPrintstack=false
nondexDir=/home/shengan4/Chronicle-Wire/.nondex
nondexJarDir=/home/shengan4/Chronicle-Wire/.nondex
nondexExecid=HvC4ZGL7hBCTSvGVIB8bieSEOrVqfzoVJYw0oJ3rGq4=
nondexLogging=CONFIG
test=
[[1;34mINFO[m] 
[[1;34mINFO[m] -------------------------------------------------------
[[1;34mINFO[m]  T E S T S
[[1;34mINFO[m] -------------------------------------------------------
[[1;34mINFO[m] Running net.openhft.chronicle.wire.[1mMarshallableTest[m
[[1;34mINFO[m] [1;32mTests run: [0;1;32m1[m, Failures: 0, Errors: 0, Skipped: 0, Time elapsed: 0.26 s - in net.openhft.chronicle.wire.[1mMarshallableTest[m
[[1;34mINFO[m] 
[[1;34mINFO[m] Results:
[[1;34mINFO[m] 
[[1;34mINFO[m] [1;32mTests run: 1, Failures: 0, Errors: 0, Skipped: 0[m
[[1;34mINFO[m] 
INFO: Adding excluded groups to newly created one
INFO: Adding NonDex argLine to existing argLine specified by the project
CONFIG: nondexFilter=.*
nondexMode=FULL
nondexSeed=1803502
nondexStart=0
nondexEnd=9223372036854775807
nondexPrintstack=false
nondexDir=/home/shengan4/Chronicle-Wire/.nondex
nondexJarDir=/home/shengan4/Chronicle-Wire/.nondex
nondexExecid=M0Cy7u4oLV4rWtQJaXyGY1Qj0CkBD4EPQV21JXHSA8=
nondexLogging=CONFIG
test=
[[1;34mINFO[m] 
[[1;34mINFO[m] -------------------------------------------------------
[[1;34mINFO[m]  T E S T S
[[1;34mINFO[m] -------------------------------------------------------
[[1;34mINFO[m] Running net.openhft.chronicle.wire.[1mMarshallableTest[m
[[1;34mINFO[m] [1;32mTests run: [0;1;32m1[m, Failures: 0, Errors: 0, Skipped: 0, Time elapsed: 0.29 s - in net.openhft.chronicle.wire.[1mMarshallableTest[m
[[1;34mINFO[m] 
[[1;34mINFO[m] Results:
[[1;34mINFO[m] 
[[1;34mINFO[m] [1;32mTests run: 1, Failures: 0, Errors: 0, Skipped: 0[m
[[1;34mINFO[m] 
INFO: Adding excluded groups to newly created one
INFO: Adding NonDex argLine to existing argLine specified by the project
CONFIG: nondexFilter=.*
nondexMode=FULL
nondexSeed=1844946
nondexStart=0
nondexEnd=9223372036854775807
nondexPrintstack=false
nondexDir=/home/shengan4/Chronicle-Wire/.nondex
nondexJarDir=/home/shengan4/Chronicle-Wire/.nondex
nondexExecid=gVKtZg9IgB2fEQGFQc01rX3+NUJMXQG8Ten78OIes=
nondexLogging=CONFIG
test=
[[1;34mINFO[m] 
[[1;34mINFO[m] -------------------------------------------------------
[[1;34mINFO[m]  T E S T S
[[1;34mINFO[m] -------------------------------------------------------
[[1;34mINFO[m] Running net.openhft.chronicle.wire.[1mMarshallableTest[m
[[1;34mINFO[m] [1;32mTests run: [0;1;32m1[m, Failures: 0, Errors: 0, Skipped: 0, Time elapsed: 0.249 s - in net.openhft.chronicle.wire.[1mMarshallableTest[m
[[1;34mINFO[m] 
[[1;34mINFO[m] Results:
[[1;34mINFO[m] 
[[1;34mINFO[m] [1;32mTests run: 1, Failures: 0, Errors: 0, Skipped: 0[m
[[1;34mINFO[m] 
INFO: Adding excluded groups to newly created one
INFO: Adding NonDex argLine to existing argLine specified by the project
CONFIG: nondexFilter=.*
nondexMode=FULL
nondexSeed=1886390
nondexStart=0
nondexEnd=9223372036854775807
nondexPrintstack=false
nondexDir=/home/shengan4/Chronicle-Wire/.nondex
nondexJarDir=/home/shengan4/Chronicle-Wire/.nondex
nondexExecid=b+cN92eX5yPr+nNY3p0vtxHpvB9Lq7kfb2Gm+6Tb4jc=
nondexLogging=CONFIG
test=
[[1;34mINFO[m] 
[[1;34mINFO[m] -------------------------------------------------------
[[1;34mINFO[m]  T E S T S
[[1;34mINFO[m] -------------------------------------------------------
[[1;34mINFO[m] Running net.openhft.chronicle.wire.[1mMarshallableTest[m
[[1;34mINFO[m] [1;32mTests run: [0;1;32m1[m, Failures: 0, Errors: 0, Skipped: 0, Time elapsed: 0.28 s - in net.openhft.chronicle.wire.[1mMarshallableTest[m
[[1;34mINFO[m] 
[[1;34mINFO[m] Results:
[[1;34mINFO[m] 
[[1;34mINFO[m] [1;32mTests run: 1, Failures: 0, Errors: 0, Skipped: 0[m
[[1;34mINFO[m] 
INFO: Adding excluded groups to newly created one
INFO: Adding NonDex argLine to existing argLine specified by the project
CONFIG: nondexFilter=.*
nondexMode=FULL
nondexSeed=1927834
nondexStart=0
nondexEnd=9223372036854775807
nondexPrintstack=false
nondexDir=/home/shengan4/Chronicle-Wire/.nondex
nondexJarDir=/home/shengan4/Chronicle-Wire/.nondex
nondexExecid=Z51ZDeM6vxPUJVy0O9o9QJRpDoi5bxiMszKe7F8k=
nondexLogging=CONFIG
test=
[[1;34mINFO[m] 
[[1;34mINFO[m] -------------------------------------------------------
[[1;34mINFO[m]  T E S T S
[[1;34mINFO[m] -------------------------------------------------------
[[1;34mINFO[m] Running net.openhft.chronicle.wire.[1mMarshallableTest[m
[[1;34mINFO[m] [1;32mTests run: [0;1;32m1[m, Failures: 0, Errors: 0, Skipped: 0, Time elapsed: 0.253 s - in net.openhft.chronicle.wire.[1mMarshallableTest[m
[[1;34mINFO[m] 
[[1;34mINFO[m] Results:
[[1;34mINFO[m] 
[[1;34mINFO[m] [1;32mTests run: 1, Failures: 0, Errors: 0, Skipped: 0[m
[[1;34mINFO[m] 
INFO: Adding excluded groups to newly created one
INFO: Adding NonDex argLine to existing argLine specified by the project
CONFIG: nondexFilter=.*
nondexMode=FULL
nondexSeed=1969278
nondexStart=0
nondexEnd=9223372036854775807
nondexPrintstack=false
nondexDir=/home/shengan4/Chronicle-Wire/.nondex
nondexJarDir=/home/shengan4/Chronicle-Wire/.nondex
nondexExecid=+YLhyVJSoaxrkIIW3FtKYYi5wfzo+u6AuZfVGXKiSU=
nondexLogging=CONFIG
test=
[[1;34mINFO[m] 
[[1;34mINFO[m] -------------------------------------------------------
[[1;34mINFO[m]  T E S T S
[[1;34mINFO[m] -------------------------------------------------------
[[1;34mINFO[m] Running net.openhft.chronicle.wire.[1mMarshallableTest[m
[[1;34mINFO[m] [1;32mTests run: [0;1;32m1[m, Failures: 0, Errors: 0, Skipped: 0, Time elapsed: 0.28 s - in net.openhft.chronicle.wire.[1mMarshallableTest[m
[[1;34mINFO[m] 
[[1;34mINFO[m] Results:
[[1;34mINFO[m] 
[[1;34mINFO[m] [1;32mTests run: 1, Failures: 0, Errors: 0, Skipped: 0[m
[[1;34mINFO[m] 
INFO: Adding excluded groups to newly created one
INFO: Adding NonDex argLine to existing argLine specified by the project
CONFIG: nondexFilter=.*
nondexMode=FULL
nondexSeed=2010722
nondexStart=0
nondexEnd=9223372036854775807
nondexPrintstack=false
nondexDir=/home/shengan4/Chronicle-Wire/.nondex
nondexJarDir=/home/shengan4/Chronicle-Wire/.nondex
nondexExecid=j52VdKTYxiZy5iLy59274YPmXVF1V09p8JTcin2n4ZQ=
nondexLogging=CONFIG
test=
[[1;34mINFO[m] 
[[1;34mINFO[m] -------------------------------------------------------
[[1;34mINFO[m]  T E S T S
[[1;34mINFO[m] -------------------------------------------------------
[[1;34mINFO[m] Running net.openhft.chronicle.wire.[1mMarshallableTest[m
[[1;34mINFO[m] [1;32mTests run: [0;1;32m1[m, Failures: 0, Errors: 0, Skipped: 0, Time elapsed: 0.262 s - in net.openhft.chronicle.wire.[1mMarshallableTest[m
[[1;34mINFO[m] 
[[1;34mINFO[m] Results:
[[1;34mINFO[m] 
[[1;34mINFO[m] [1;32mTests run: 1, Failures: 0, Errors: 0, Skipped: 0[m
[[1;34mINFO[m] 
INFO: Adding excluded groups to newly created one
INFO: Adding NonDex argLine to existing argLine specified by the project
CONFIG: nondexFilter=.*
nondexMode=FULL
nondexSeed=2052166
nondexStart=0
nondexEnd=9223372036854775807
nondexPrintstack=false
nondexDir=/home/shengan4/Chronicle-Wire/.nondex
nondexJarDir=/home/shengan4/Chronicle-Wire/.nondex
nondexExecid=NBi9lGQ5JJaUQh0cZb+yqqx+PPXC8rT925tgPOEICsI=
nondexLogging=CONFIG
test=
[[1;34mINFO[m] 
[[1;34mINFO[m] -------------------------------------------------------
[[1;34mINFO[m]  T E S T S
[[1;34mINFO[m] -------------------------------------------------------
[[1;34mINFO[m] Running net.openhft.chronicle.wire.[1mMarshallableTest[m
[[1;34mINFO[m] [1;32mTests run: [0;1;32m1[m, Failures: 0, Errors: 0, Skipped: 0, Time elapsed: 0.261 s - in net.openhft.chronicle.wire.[1mMarshallableTest[m
[[1;34mINFO[m] 
[[1;34mINFO[m] Results:
[[1;34mINFO[m] 
[[1;34mINFO[m] [1;32mTests run: 1, Failures: 0, Errors: 0, Skipped: 0[m
[[1;34mINFO[m] 
INFO: Adding excluded groups to newly created one
INFO: Adding NonDex argLine to existing argLine specified by the project
CONFIG: nondexFilter=.*
nondexMode=FULL
nondexSeed=2093610
nondexStart=0
nondexEnd=9223372036854775807
nondexPrintstack=false
nondexDir=/home/shengan4/Chronicle-Wire/.nondex
nondexJarDir=/home/shengan4/Chronicle-Wire/.nondex
nondexExecid=a4z649e5b2S0SBf2aTWkSiaRuCIj4H6nGLTDPkRkAq0=
nondexLogging=CONFIG
test=
[[1;34mINFO[m] 
[[1;34mINFO[m] -------------------------------------------------------
[[1;34mINFO[m]  T E S T S
[[1;34mINFO[m] -------------------------------------------------------
[[1;34mINFO[m] Running net.openhft.chronicle.wire.[1mMarshallableTest[m
[[1;34mINFO[m] [1;32mTests run: [0;1;32m1[m, Failures: 0, Errors: 0, Skipped: 0, Time elapsed: 0.249 s - in net.openhft.chronicle.wire.[1mMarshallableTest[m
[[1;34mINFO[m] 
[[1;34mINFO[m] Results:
[[1;34mINFO[m] 
[[1;34mINFO[m] [1;32mTests run: 1, Failures: 0, Errors: 0, Skipped: 0[m
[[1;34mINFO[m] 
INFO: Adding excluded groups to newly created one
INFO: Adding NonDex argLine to existing argLine specified by the project
CONFIG: nondexFilter=.*
nondexMode=FULL
nondexSeed=2135054
nondexStart=0
nondexEnd=9223372036854775807
nondexPrintstack=false
nondexDir=/home/shengan4/Chronicle-Wire/.nondex
nondexJarDir=/home/shengan4/Chronicle-Wire/.nondex
nondexExecid=g1Tp+chVnEXtCWYxgdsL4LgkKBVhZ95cx9ZFjj5M=
nondexLogging=CONFIG
test=
[[1;34mINFO[m] 
[[1;34mINFO[m] -------------------------------------------------------
[[1;34mINFO[m]  T E S T S
[[1;34mINFO[m] -------------------------------------------------------
[[1;34mINFO[m] Running net.openhft.chronicle.wire.[1mMarshallableTest[m
[[1;34mINFO[m] [1;32mTests run: [0;1;32m1[m, Failures: 0, Errors: 0, Skipped: 0, Time elapsed: 0.269 s - in net.openhft.chronicle.wire.[1mMarshallableTest[m
[[1;34mINFO[m] 
[[1;34mINFO[m] Results:
[[1;34mINFO[m] 
[[1;34mINFO[m] [1;32mTests run: 1, Failures: 0, Errors: 0, Skipped: 0[m
[[1;34mINFO[m] 
INFO: Adding excluded groups to newly created one
INFO: Adding NonDex argLine to existing argLine specified by the project
CONFIG: nondexFilter=.*
nondexMode=FULL
nondexSeed=2176498
nondexStart=0
nondexEnd=9223372036854775807
nondexPrintstack=false
nondexDir=/home/shengan4/Chronicle-Wire/.nondex
nondexJarDir=/home/shengan4/Chronicle-Wire/.nondex
nondexExecid=LFmdgjTQ48iyg+AKB81xsKkLw2aw4eapLp1ZOOIV0hQ=
nondexLogging=CONFIG
test=
[[1;34mINFO[m] 
[[1;34mINFO[m] -------------------------------------------------------
[[1;34mINFO[m]  T E S T S
[[1;34mINFO[m] -------------------------------------------------------
[[1;34mINFO[m] Running net.openhft.chronicle.wire.[1mMarshallableTest[m
[[1;34mINFO[m] [1;32mTests run: [0;1;32m1[m, Failures: 0, Errors: 0, Skipped: 0, Time elapsed: 0.25 s - in net.openhft.chronicle.wire.[1mMarshallableTest[m
[[1;34mINFO[m] 
[[1;34mINFO[m] Results:
[[1;34mINFO[m] 
[[1;34mINFO[m] [1;32mTests run: 1, Failures: 0, Errors: 0, Skipped: 0[m
[[1;34mINFO[m] 
INFO: Adding excluded groups to newly created one
INFO: Adding NonDex argLine to existing argLine specified by the project
CONFIG: nondexFilter=.*
nondexMode=FULL
nondexSeed=2217942
nondexStart=0
nondexEnd=9223372036854775807
nondexPrintstack=false
nondexDir=/home/shengan4/Chronicle-Wire/.nondex
nondexJarDir=/home/shengan4/Chronicle-Wire/.nondex
nondexExecid=SGNbD4kpUKhggxTaqzD4v5Ind4yh7ai8EWVjVjH1qNQ=
nondexLogging=CONFIG
test=
[[1;34mINFO[m] 
[[1;34mINFO[m] -------------------------------------------------------
[[1;34mINFO[m]  T E S T S
[[1;34mINFO[m] -------------------------------------------------------
[[1;34mINFO[m] Running net.openhft.chronicle.wire.[1mMarshallableTest[m
[[1;34mINFO[m] [1;32mTests run: [0;1;32m1[m, Failures: 0, Errors: 0, Skipped: 0, Time elapsed: 0.269 s - in net.openhft.chronicle.wire.[1mMarshallableTest[m
[[1;34mINFO[m] 
[[1;34mINFO[m] Results:
[[1;34mINFO[m] 
[[1;34mINFO[m] [1;32mTests run: 1, Failures: 0, Errors: 0, Skipped: 0[m
[[1;34mINFO[m] 
INFO: Adding excluded groups to newly created one
INFO: Adding NonDex argLine to existing argLine specified by the project
CONFIG: nondexFilter=.*
nondexMode=FULL
nondexSeed=2259386
nondexStart=0
nondexEnd=9223372036854775807
nondexPrintstack=false
nondexDir=/home/shengan4/Chronicle-Wire/.nondex
nondexJarDir=/home/shengan4/Chronicle-Wire/.nondex
nondexExecid=VwlXiUvsTxW+vZ1Dw7UEA6AW2W1T7olgO+GbfL4w2T4=
nondexLogging=CONFIG
test=
[[1;34mINFO[m] 
[[1;34mINFO[m] -------------------------------------------------------
[[1;34mINFO[m]  T E S T S
[[1;34mINFO[m] -------------------------------------------------------
[[1;34mINFO[m] Running net.openhft.chronicle.wire.[1mMarshallableTest[m
[[1;34mINFO[m] [1;32mTests run: [0;1;32m1[m, Failures: 0, Errors: 0, Skipped: 0, Time elapsed: 0.259 s - in net.openhft.chronicle.wire.[1mMarshallableTest[m
[[1;34mINFO[m] 
[[1;34mINFO[m] Results:
[[1;34mINFO[m] 
[[1;34mINFO[m] [1;32mTests run: 1, Failures: 0, Errors: 0, Skipped: 0[m
[[1;34mINFO[m] 
INFO: Adding excluded groups to newly created one
INFO: Adding NonDex argLine to existing argLine specified by the project
CONFIG: nondexFilter=.*
nondexMode=FULL
nondexSeed=2300830
nondexStart=0
nondexEnd=9223372036854775807
nondexPrintstack=false
nondexDir=/home/shengan4/Chronicle-Wire/.nondex
nondexJarDir=/home/shengan4/Chronicle-Wire/.nondex
nondexExecid=nMJBU5w16Wb1gKquJmVI6p1RqF2934KiWlyOAqeaBUc=
nondexLogging=CONFIG
test=
[[1;34mINFO[m] 
[[1;34mINFO[m] -------------------------------------------------------
[[1;34mINFO[m]  T E S T S
[[1;34mINFO[m] -------------------------------------------------------
[[1;34mINFO[m] Running net.openhft.chronicle.wire.[1mMarshallableTest[m
[[1;34mINFO[m] [1;32mTests run: [0;1;32m1[m, Failures: 0, Errors: 0, Skipped: 0, Time elapsed: 0.267 s - in net.openhft.chronicle.wire.[1mMarshallableTest[m
[[1;34mINFO[m] 
[[1;34mINFO[m] Results:
[[1;34mINFO[m] 
[[1;34mINFO[m] [1;32mTests run: 1, Failures: 0, Errors: 0, Skipped: 0[m
[[1;34mINFO[m] 
INFO: Adding excluded groups to newly created one
INFO: Adding NonDex argLine to existing argLine specified by the project
CONFIG: nondexFilter=.*
nondexMode=FULL
nondexSeed=2342274
nondexStart=0
nondexEnd=9223372036854775807
nondexPrintstack=false
nondexDir=/home/shengan4/Chronicle-Wire/.nondex
nondexJarDir=/home/shengan4/Chronicle-Wire/.nondex
nondexExecid=vSr9JBOSKXI7Ml6s4jizZRycE4dormvw53oyErABA7Q=
nondexLogging=CONFIG
test=
[[1;34mINFO[m] 
[[1;34mINFO[m] -------------------------------------------------------
[[1;34mINFO[m]  T E S T S
[[1;34mINFO[m] -------------------------------------------------------
[[1;34mINFO[m] Running net.openhft.chronicle.wire.[1mMarshallableTest[m
[[1;34mINFO[m] [1;32mTests run: [0;1;32m1[m, Failures: 0, Errors: 0, Skipped: 0, Time elapsed: 0.296 s - in net.openhft.chronicle.wire.[1mMarshallableTest[m
[[1;34mINFO[m] 
[[1;34mINFO[m] Results:
[[1;34mINFO[m] 
[[1;34mINFO[m] [1;32mTests run: 1, Failures: 0, Errors: 0, Skipped: 0[m
[[1;34mINFO[m] 
INFO: Adding excluded groups to newly created one
INFO: Adding NonDex argLine to existing argLine specified by the project
CONFIG: nondexFilter=.*
nondexMode=FULL
nondexSeed=2383718
nondexStart=0
nondexEnd=9223372036854775807
nondexPrintstack=false
nondexDir=/home/shengan4/Chronicle-Wire/.nondex
nondexJarDir=/home/shengan4/Chronicle-Wire/.nondex
nondexExecid=mURGi2O6XWwyiXnhmPCO5mGblBvjZfSdCBhEY2saYY=
nondexLogging=CONFIG
test=
[[1;34mINFO[m] 
[[1;34mINFO[m] -------------------------------------------------------
[[1;34mINFO[m]  T E S T S
[[1;34mINFO[m] -------------------------------------------------------
[[1;34mINFO[m] Running net.openhft.chronicle.wire.[1mMarshallableTest[m
[[1;34mINFO[m] [1;32mTests run: [0;1;32m1[m, Failures: 0, Errors: 0, Skipped: 0, Time elapsed: 0.278 s - in net.openhft.chronicle.wire.[1mMarshallableTest[m
[[1;34mINFO[m] 
[[1;34mINFO[m] Results:
[[1;34mINFO[m] 
[[1;34mINFO[m] [1;32mTests run: 1, Failures: 0, Errors: 0, Skipped: 0[m
[[1;34mINFO[m] 
INFO: Adding excluded groups to newly created one
INFO: Adding NonDex argLine to existing argLine specified by the project
CONFIG: nondexFilter=.*
nondexMode=FULL
nondexSeed=2425162
nondexStart=0
nondexEnd=9223372036854775807
nondexPrintstack=false
nondexDir=/home/shengan4/Chronicle-Wire/.nondex
nondexJarDir=/home/shengan4/Chronicle-Wire/.nondex
nondexExecid=IBDMP69SR+pAO1VeLgsR7wX2zcuTStxECuda+sy6bU=
nondexLogging=CONFIG
test=
[[1;34mINFO[m] 
[[1;34mINFO[m] -------------------------------------------------------
[[1;34mINFO[m]  T E S T S
[[1;34mINFO[m] -------------------------------------------------------
[[1;34mINFO[m] Running net.openhft.chronicle.wire.[1mMarshallableTest[m
[[1;34mINFO[m] [1;32mTests run: [0;1;32m1[m, Failures: 0, Errors: 0, Skipped: 0, Time elapsed: 0.269 s - in net.openhft.chronicle.wire.[1mMarshallableTest[m
[[1;34mINFO[m] 
[[1;34mINFO[m] Results:
[[1;34mINFO[m] 
[[1;34mINFO[m] [1;32mTests run: 1, Failures: 0, Errors: 0, Skipped: 0[m
[[1;34mINFO[m] 
INFO: Adding excluded groups to newly created one
INFO: Adding NonDex argLine to existing argLine specified by the project
CONFIG: nondexFilter=.*
nondexMode=FULL
nondexSeed=2466606
nondexStart=0
nondexEnd=9223372036854775807
nondexPrintstack=false
nondexDir=/home/shengan4/Chronicle-Wire/.nondex
nondexJarDir=/home/shengan4/Chronicle-Wire/.nondex
nondexExecid=x41InhEGl1654aaeQlrtyLAPmRDvcwYDUl6NSO8xFM=
nondexLogging=CONFIG
test=
[[1;34mINFO[m] 
[[1;34mINFO[m] -------------------------------------------------------
[[1;34mINFO[m]  T E S T S
[[1;34mINFO[m] -------------------------------------------------------
[[1;34mINFO[m] Running net.openhft.chronicle.wire.[1mMarshallableTest[m
[[1;34mINFO[m] [1;32mTests run: [0;1;32m1[m, Failures: 0, Errors: 0, Skipped: 0, Time elapsed: 0.276 s - in net.openhft.chronicle.wire.[1mMarshallableTest[m
[[1;34mINFO[m] 
[[1;34mINFO[m] Results:
[[1;34mINFO[m] 
[[1;34mINFO[m] [1;32mTests run: 1, Failures: 0, Errors: 0, Skipped: 0[m
[[1;34mINFO[m] 
INFO: Adding excluded groups to newly created one
INFO: Adding NonDex argLine to existing argLine specified by the project
CONFIG: nondexFilter=.*
nondexMode=FULL
nondexSeed=2508050
nondexStart=0
nondexEnd=9223372036854775807
nondexPrintstack=false
nondexDir=/home/shengan4/Chronicle-Wire/.nondex
nondexJarDir=/home/shengan4/Chronicle-Wire/.nondex
nondexExecid=vfNITC6R2S3IZoW5Hchckak49phc0BWeeKBClOvcPKk=
nondexLogging=CONFIG
test=
[[1;34mINFO[m] 
[[1;34mINFO[m] -------------------------------------------------------
[[1;34mINFO[m]  T E S T S
[[1;34mINFO[m] -------------------------------------------------------
[[1;34mINFO[m] Running net.openhft.chronicle.wire.[1mMarshallableTest[m
[[1;34mINFO[m] [1;32mTests run: [0;1;32m1[m, Failures: 0, Errors: 0, Skipped: 0, Time elapsed: 0.309 s - in net.openhft.chronicle.wire.[1mMarshallableTest[m
[[1;34mINFO[m] 
[[1;34mINFO[m] Results:
[[1;34mINFO[m] 
[[1;34mINFO[m] [1;32mTests run: 1, Failures: 0, Errors: 0, Skipped: 0[m
[[1;34mINFO[m] 
INFO: Adding excluded groups to newly created one
INFO: Adding NonDex argLine to existing argLine specified by the project
CONFIG: nondexFilter=.*
nondexMode=FULL
nondexSeed=2549494
nondexStart=0
nondexEnd=9223372036854775807
nondexPrintstack=false
nondexDir=/home/shengan4/Chronicle-Wire/.nondex
nondexJarDir=/home/shengan4/Chronicle-Wire/.nondex
nondexExecid=51vRQsvQVyC0+yl1LWCUU8L9JS19VfjK9TFBRvZZA=
nondexLogging=CONFIG
test=
[[1;34mINFO[m] 
[[1;34mINFO[m] -------------------------------------------------------
[[1;34mINFO[m]  T E S T S
[[1;34mINFO[m] -------------------------------------------------------
[[1;34mINFO[m] Running net.openhft.chronicle.wire.[1mMarshallableTest[m
[[1;34mINFO[m] [1;32mTests run: [0;1;32m1[m, Failures: 0, Errors: 0, Skipped: 0, Time elapsed: 0.25 s - in net.openhft.chronicle.wire.[1mMarshallableTest[m
[[1;34mINFO[m] 
[[1;34mINFO[m] Results:
[[1;34mINFO[m] 
[[1;34mINFO[m] [1;32mTests run: 1, Failures: 0, Errors: 0, Skipped: 0[m
[[1;34mINFO[m] 
INFO: Adding excluded groups to newly created one
INFO: Adding NonDex argLine to existing argLine specified by the project
CONFIG: nondexFilter=.*
nondexMode=FULL
nondexSeed=2590938
nondexStart=0
nondexEnd=9223372036854775807
nondexPrintstack=false
nondexDir=/home/shengan4/Chronicle-Wire/.nondex
nondexJarDir=/home/shengan4/Chronicle-Wire/.nondex
nondexExecid=i50yc0nBwHU8QUYyeNMj3jEIZvcqtAB0KujQNKBE=
nondexLogging=CONFIG
test=
[[1;34mINFO[m] 
[[1;34mINFO[m] -------------------------------------------------------
[[1;34mINFO[m]  T E S T S
[[1;34mINFO[m] -------------------------------------------------------
[[1;34mINFO[m] Running net.openhft.chronicle.wire.[1mMarshallableTest[m
[[1;34mINFO[m] [1;32mTests run: [0;1;32m1[m, Failures: 0, Errors: 0, Skipped: 0, Time elapsed: 0.251 s - in net.openhft.chronicle.wire.[1mMarshallableTest[m
[[1;34mINFO[m] 
[[1;34mINFO[m] Results:
[[1;34mINFO[m] 
[[1;34mINFO[m] [1;32mTests run: 1, Failures: 0, Errors: 0, Skipped: 0[m
[[1;34mINFO[m] 
INFO: Adding excluded groups to newly created one
INFO: Adding NonDex argLine to existing argLine specified by the project
CONFIG: nondexFilter=.*
nondexMode=FULL
nondexSeed=2632382
nondexStart=0
nondexEnd=9223372036854775807
nondexPrintstack=false
nondexDir=/home/shengan4/Chronicle-Wire/.nondex
nondexJarDir=/home/shengan4/Chronicle-Wire/.nondex
nondexExecid=7ruEas9faglGyp3SmkcGZq3mWVUfH1GFIb1emR77IM=
nondexLogging=CONFIG
test=
[[1;34mINFO[m] 
[[1;34mINFO[m] -------------------------------------------------------
[[1;34mINFO[m]  T E S T S
[[1;34mINFO[m] -------------------------------------------------------
[[1;34mINFO[m] Running net.openhft.chronicle.wire.[1mMarshallableTest[m
[[1;34mINFO[m] [1;32mTests run: [0;1;32m1[m, Failures: 0, Errors: 0, Skipped: 0, Time elapsed: 0.245 s - in net.openhft.chronicle.wire.[1mMarshallableTest[m
[[1;34mINFO[m] 
[[1;34mINFO[m] Results:
[[1;34mINFO[m] 
[[1;34mINFO[m] [1;32mTests run: 1, Failures: 0, Errors: 0, Skipped: 0[m
[[1;34mINFO[m] 
INFO: Adding excluded groups to newly created one
INFO: Adding NonDex argLine to existing argLine specified by the project
CONFIG: nondexFilter=.*
nondexMode=FULL
nondexSeed=2673826
nondexStart=0
nondexEnd=9223372036854775807
nondexPrintstack=false
nondexDir=/home/shengan4/Chronicle-Wire/.nondex
nondexJarDir=/home/shengan4/Chronicle-Wire/.nondex
nondexExecid=QcwhNesFdyCFjRAtAfxEUo7GO9ZfX3bGAJMm6jwODZE=
nondexLogging=CONFIG
test=
[[1;34mINFO[m] 
[[1;34mINFO[m] -------------------------------------------------------
[[1;34mINFO[m]  T E S T S
[[1;34mINFO[m] -------------------------------------------------------
[[1;34mINFO[m] Running net.openhft.chronicle.wire.[1mMarshallableTest[m
[[1;34mINFO[m] [1;32mTests run: [0;1;32m1[m, Failures: 0, Errors: 0, Skipped: 0, Time elapsed: 0.3 s - in net.openhft.chronicle.wire.[1mMarshallableTest[m
[[1;34mINFO[m] 
[[1;34mINFO[m] Results:
[[1;34mINFO[m] 
[[1;34mINFO[m] [1;32mTests run: 1, Failures: 0, Errors: 0, Skipped: 0[m
[[1;34mINFO[m] 
INFO: Adding excluded groups to newly created one
INFO: Adding NonDex argLine to existing argLine specified by the project
CONFIG: nondexFilter=.*
nondexMode=FULL
nondexSeed=2715270
nondexStart=0
nondexEnd=9223372036854775807
nondexPrintstack=false
nondexDir=/home/shengan4/Chronicle-Wire/.nondex
nondexJarDir=/home/shengan4/Chronicle-Wire/.nondex
nondexExecid=zz61IlDtWD7LQTM1axMbTOml1EJydIMtXhdDTrskyL4=
nondexLogging=CONFIG
test=
[[1;34mINFO[m] 
[[1;34mINFO[m] -------------------------------------------------------
[[1;34mINFO[m]  T E S T S
[[1;34mINFO[m] -------------------------------------------------------
[[1;34mINFO[m] Running net.openhft.chronicle.wire.[1mMarshallableTest[m
[[1;34mINFO[m] [1;32mTests run: [0;1;32m1[m, Failures: 0, Errors: 0, Skipped: 0, Time elapsed: 0.287 s - in net.openhft.chronicle.wire.[1mMarshallableTest[m
[[1;34mINFO[m] 
[[1;34mINFO[m] Results:
[[1;34mINFO[m] 
[[1;34mINFO[m] [1;32mTests run: 1, Failures: 0, Errors: 0, Skipped: 0[m
[[1;34mINFO[m] 
INFO: Adding excluded groups to newly created one
INFO: Adding NonDex argLine to existing argLine specified by the project
CONFIG: nondexFilter=.*
nondexMode=FULL
nondexSeed=2756714
nondexStart=0
nondexEnd=9223372036854775807
nondexPrintstack=false
nondexDir=/home/shengan4/Chronicle-Wire/.nondex
nondexJarDir=/home/shengan4/Chronicle-Wire/.nondex
nondexExecid=UpBhZxBP3kB3fHzFoDn5G5cd1W0GVaokilte2Ldvkk4=
nondexLogging=CONFIG
test=
[[1;34mINFO[m] 
[[1;34mINFO[m] -------------------------------------------------------
[[1;34mINFO[m]  T E S T S
[[1;34mINFO[m] -------------------------------------------------------
[[1;34mINFO[m] Running net.openhft.chronicle.wire.[1mMarshallableTest[m
[[1;34mINFO[m] [1;32mTests run: [0;1;32m1[m, Failures: 0, Errors: 0, Skipped: 0, Time elapsed: 0.279 s - in net.openhft.chronicle.wire.[1mMarshallableTest[m
[[1;34mINFO[m] 
[[1;34mINFO[m] Results:
[[1;34mINFO[m] 
[[1;34mINFO[m] [1;32mTests run: 1, Failures: 0, Errors: 0, Skipped: 0[m
[[1;34mINFO[m] 
INFO: Adding excluded groups to newly created one
INFO: Adding NonDex argLine to existing argLine specified by the project
CONFIG: nondexFilter=.*
nondexMode=FULL
nondexSeed=2798158
nondexStart=0
nondexEnd=9223372036854775807
nondexPrintstack=false
nondexDir=/home/shengan4/Chronicle-Wire/.nondex
nondexJarDir=/home/shengan4/Chronicle-Wire/.nondex
nondexExecid=OXnBr5AQvAZ+xFsktZ4x2NkswbOCUAdt4rsXKzwV8=
nondexLogging=CONFIG
test=
[[1;34mINFO[m] 
[[1;34mINFO[m] -------------------------------------------------------
[[1;34mINFO[m]  T E S T S
[[1;34mINFO[m] -------------------------------------------------------
[[1;34mINFO[m] Running net.openhft.chronicle.wire.[1mMarshallableTest[m
[[1;34mINFO[m] [1;32mTests run: [0;1;32m1[m, Failures: 0, Errors: 0, Skipped: 0, Time elapsed: 0.315 s - in net.openhft.chronicle.wire.[1mMarshallableTest[m
[[1;34mINFO[m] 
[[1;34mINFO[m] Results:
[[1;34mINFO[m] 
[[1;34mINFO[m] [1;32mTests run: 1, Failures: 0, Errors: 0, Skipped: 0[m
[[1;34mINFO[m] 
INFO: Adding excluded groups to newly created one
INFO: Adding NonDex argLine to existing argLine specified by the project
CONFIG: nondexFilter=.*
nondexMode=FULL
nondexSeed=2839602
nondexStart=0
nondexEnd=9223372036854775807
nondexPrintstack=false
nondexDir=/home/shengan4/Chronicle-Wire/.nondex
nondexJarDir=/home/shengan4/Chronicle-Wire/.nondex
nondexExecid=E0v55OKH4MPdpiNm2FMObPCjPwPoBaKZUUDDRmIDaM=
nondexLogging=CONFIG
test=
[[1;34mINFO[m] 
[[1;34mINFO[m] -------------------------------------------------------
[[1;34mINFO[m]  T E S T S
[[1;34mINFO[m] -------------------------------------------------------
[[1;34mINFO[m] Running net.openhft.chronicle.wire.[1mMarshallableTest[m
[[1;34mINFO[m] [1;32mTests run: [0;1;32m1[m, Failures: 0, Errors: 0, Skipped: 0, Time elapsed: 0.256 s - in net.openhft.chronicle.wire.[1mMarshallableTest[m
[[1;34mINFO[m] 
[[1;34mINFO[m] Results:
[[1;34mINFO[m] 
[[1;34mINFO[m] [1;32mTests run: 1, Failures: 0, Errors: 0, Skipped: 0[m
[[1;34mINFO[m] 
INFO: Adding excluded groups to newly created one
INFO: Adding NonDex argLine to existing argLine specified by the project
CONFIG: nondexFilter=.*
nondexMode=FULL
nondexSeed=2881046
nondexStart=0
nondexEnd=9223372036854775807
nondexPrintstack=false
nondexDir=/home/shengan4/Chronicle-Wire/.nondex
nondexJarDir=/home/shengan4/Chronicle-Wire/.nondex
nondexExecid=ofVJEi+2RDoZg71FRUIgqKgsvCS6xj0llUQfGGHmF3Q=
nondexLogging=CONFIG
test=
[[1;34mINFO[m] 
[[1;34mINFO[m] -------------------------------------------------------
[[1;34mINFO[m]  T E S T S
[[1;34mINFO[m] -------------------------------------------------------
[[1;34mINFO[m] Running net.openhft.chronicle.wire.[1mMarshallableTest[m
[[1;34mINFO[m] [1;32mTests run: [0;1;32m1[m, Failures: 0, Errors: 0, Skipped: 0, Time elapsed: 0.246 s - in net.openhft.chronicle.wire.[1mMarshallableTest[m
[[1;34mINFO[m] 
[[1;34mINFO[m] Results:
[[1;34mINFO[m] 
[[1;34mINFO[m] [1;32mTests run: 1, Failures: 0, Errors: 0, Skipped: 0[m
[[1;34mINFO[m] 
INFO: Adding excluded groups to newly created one
INFO: Adding NonDex argLine to existing argLine specified by the project
CONFIG: nondexFilter=.*
nondexMode=FULL
nondexSeed=2922490
nondexStart=0
nondexEnd=9223372036854775807
nondexPrintstack=false
nondexDir=/home/shengan4/Chronicle-Wire/.nondex
nondexJarDir=/home/shengan4/Chronicle-Wire/.nondex
nondexExecid=8BI2M36xMs0udzMv2a0ZBKm+ENfwdLq4IEdUdJBzhw=
nondexLogging=CONFIG
test=
[[1;34mINFO[m] 
[[1;34mINFO[m] -------------------------------------------------------
[[1;34mINFO[m]  T E S T S
[[1;34mINFO[m] -------------------------------------------------------
[[1;34mINFO[m] Running net.openhft.chronicle.wire.[1mMarshallableTest[m
[[1;34mINFO[m] [1;32mTests run: [0;1;32m1[m, Failures: 0, Errors: 0, Skipped: 0, Time elapsed: 0.251 s - in net.openhft.chronicle.wire.[1mMarshallableTest[m
[[1;34mINFO[m] 
[[1;34mINFO[m] Results:
[[1;34mINFO[m] 
[[1;34mINFO[m] [1;32mTests run: 1, Failures: 0, Errors: 0, Skipped: 0[m
[[1;34mINFO[m] 
INFO: Adding excluded groups to newly created one
INFO: Adding NonDex argLine to existing argLine specified by the project
CONFIG: nondexFilter=.*
nondexMode=FULL
nondexSeed=2963934
nondexStart=0
nondexEnd=9223372036854775807
nondexPrintstack=false
nondexDir=/home/shengan4/Chronicle-Wire/.nondex
nondexJarDir=/home/shengan4/Chronicle-Wire/.nondex
nondexExecid=QWdzsklPgQnfSgYt0nJv8UqpR7LKOGdveR3iXF7A6A=
nondexLogging=CONFIG
test=
[[1;34mINFO[m] 
[[1;34mINFO[m] -------------------------------------------------------
[[1;34mINFO[m]  T E S T S
[[1;34mINFO[m] -------------------------------------------------------
[[1;34mINFO[m] Running net.openhft.chronicle.wire.[1mMarshallableTest[m
[[1;34mINFO[m] [1;32mTests run: [0;1;32m1[m, Failures: 0, Errors: 0, Skipped: 0, Time elapsed: 0.246 s - in net.openhft.chronicle.wire.[1mMarshallableTest[m
[[1;34mINFO[m] 
[[1;34mINFO[m] Results:
[[1;34mINFO[m] 
[[1;34mINFO[m] [1;32mTests run: 1, Failures: 0, Errors: 0, Skipped: 0[m
[[1;34mINFO[m] 
INFO: Adding excluded groups to newly created one
INFO: Adding NonDex argLine to existing argLine specified by the project
CONFIG: nondexFilter=.*
nondexMode=FULL
nondexSeed=3005378
nondexStart=0
nondexEnd=9223372036854775807
nondexPrintstack=false
nondexDir=/home/shengan4/Chronicle-Wire/.nondex
nondexJarDir=/home/shengan4/Chronicle-Wire/.nondex
nondexExecid=KcP1VXYF4mgTaM9VWF1LgddlTTxg9caQr377ns20CSA=
nondexLogging=CONFIG
test=
[[1;34mINFO[m] 
[[1;34mINFO[m] -------------------------------------------------------
[[1;34mINFO[m]  T E S T S
[[1;34mINFO[m] -------------------------------------------------------
[[1;34mINFO[m] Running net.openhft.chronicle.wire.[1mMarshallableTest[m
[[1;34mINFO[m] [1;32mTests run: [0;1;32m1[m, Failures: 0, Errors: 0, Skipped: 0, Time elapsed: 0.249 s - in net.openhft.chronicle.wire.[1mMarshallableTest[m
[[1;34mINFO[m] 
[[1;34mINFO[m] Results:
[[1;34mINFO[m] 
[[1;34mINFO[m] [1;32mTests run: 1, Failures: 0, Errors: 0, Skipped: 0[m
[[1;34mINFO[m] 
INFO: Adding excluded groups to newly created one
INFO: Adding NonDex argLine to existing argLine specified by the project
CONFIG: nondexFilter=.*
nondexMode=FULL
nondexSeed=3046822
nondexStart=0
nondexEnd=9223372036854775807
nondexPrintstack=false
nondexDir=/home/shengan4/Chronicle-Wire/.nondex
nondexJarDir=/home/shengan4/Chronicle-Wire/.nondex
nondexExecid=Lv2jZrnsCbpRXm61sTCxkkzXZHC+2WBK8JPnGOOGtM=
nondexLogging=CONFIG
test=
[[1;34mINFO[m] 
[[1;34mINFO[m] -------------------------------------------------------
[[1;34mINFO[m]  T E S T S
[[1;34mINFO[m] -------------------------------------------------------
[[1;34mINFO[m] Running net.openhft.chronicle.wire.[1mMarshallableTest[m
[[1;34mINFO[m] [1;32mTests run: [0;1;32m1[m, Failures: 0, Errors: 0, Skipped: 0, Time elapsed: 0.256 s - in net.openhft.chronicle.wire.[1mMarshallableTest[m
[[1;34mINFO[m] 
[[1;34mINFO[m] Results:
[[1;34mINFO[m] 
[[1;34mINFO[m] [1;32mTests run: 1, Failures: 0, Errors: 0, Skipped: 0[m
[[1;34mINFO[m] 
INFO: Adding excluded groups to newly created one
INFO: Adding NonDex argLine to existing argLine specified by the project
CONFIG: nondexFilter=.*
nondexMode=FULL
nondexSeed=3088266
nondexStart=0
nondexEnd=9223372036854775807
nondexPrintstack=false
nondexDir=/home/shengan4/Chronicle-Wire/.nondex
nondexJarDir=/home/shengan4/Chronicle-Wire/.nondex
nondexExecid=jHqklrtXYH8gqT7gd6cRNkCjaDzZfURJ8rSqSKbn5L4=
nondexLogging=CONFIG
test=
[[1;34mINFO[m] 
[[1;34mINFO[m] -------------------------------------------------------
[[1;34mINFO[m]  T E S T S
[[1;34mINFO[m] -------------------------------------------------------
[[1;34mINFO[m] Running net.openhft.chronicle.wire.[1mMarshallableTest[m
[[1;34mINFO[m] [1;32mTests run: [0;1;32m1[m, Failures: 0, Errors: 0, Skipped: 0, Time elapsed: 0.268 s - in net.openhft.chronicle.wire.[1mMarshallableTest[m
[[1;34mINFO[m] 
[[1;34mINFO[m] Results:
[[1;34mINFO[m] 
[[1;34mINFO[m] [1;32mTests run: 1, Failures: 0, Errors: 0, Skipped: 0[m
[[1;34mINFO[m] 
INFO: Adding excluded groups to newly created one
INFO: Adding NonDex argLine to existing argLine specified by the project
CONFIG: nondexFilter=.*
nondexMode=FULL
nondexSeed=3129710
nondexStart=0
nondexEnd=9223372036854775807
nondexPrintstack=false
nondexDir=/home/shengan4/Chronicle-Wire/.nondex
nondexJarDir=/home/shengan4/Chronicle-Wire/.nondex
nondexExecid=w4caN8HYQOGIdhho+egUU4DG72YS8hf9rQGxa9thSNA=
nondexLogging=CONFIG
test=
[[1;34mINFO[m] 
[[1;34mINFO[m] -------------------------------------------------------
[[1;34mINFO[m]  T E S T S
[[1;34mINFO[m] -------------------------------------------------------
[[1;34mINFO[m] Running net.openhft.chronicle.wire.[1mMarshallableTest[m
[[1;34mINFO[m] [1;32mTests run: [0;1;32m1[m, Failures: 0, Errors: 0, Skipped: 0, Time elapsed: 0.392 s - in net.openhft.chronicle.wire.[1mMarshallableTest[m
[[1;34mINFO[m] 
[[1;34mINFO[m] Results:
[[1;34mINFO[m] 
[[1;34mINFO[m] [1;32mTests run: 1, Failures: 0, Errors: 0, Skipped: 0[m
[[1;34mINFO[m] 
INFO: Adding excluded groups to newly created one
INFO: Adding NonDex argLine to existing argLine specified by the project
CONFIG: nondexFilter=.*
nondexMode=FULL
nondexSeed=3171154
nondexStart=0
nondexEnd=9223372036854775807
nondexPrintstack=false
nondexDir=/home/shengan4/Chronicle-Wire/.nondex
nondexJarDir=/home/shengan4/Chronicle-Wire/.nondex
nondexExecid=LtW3kJkBWRtr+7vPBnlf1WsNPzcceTtCgrIsWyAybx4=
nondexLogging=CONFIG
test=
[[1;34mINFO[m] 
[[1;34mINFO[m] -------------------------------------------------------
[[1;34mINFO[m]  T E S T S
[[1;34mINFO[m] -------------------------------------------------------
[[1;34mINFO[m] Running net.openhft.chronicle.wire.[1mMarshallableTest[m
[[1;34mINFO[m] [1;32mTests run: [0;1;32m1[m, Failures: 0, Errors: 0, Skipped: 0, Time elapsed: 0.251 s - in net.openhft.chronicle.wire.[1mMarshallableTest[m
[[1;34mINFO[m] 
[[1;34mINFO[m] Results:
[[1;34mINFO[m] 
[[1;34mINFO[m] [1;32mTests run: 1, Failures: 0, Errors: 0, Skipped: 0[m
[[1;34mINFO[m] 
INFO: Adding excluded groups to newly created one
INFO: Adding NonDex argLine to existing argLine specified by the project
CONFIG: nondexFilter=.*
nondexMode=FULL
nondexSeed=3212598
nondexStart=0
nondexEnd=9223372036854775807
nondexPrintstack=false
nondexDir=/home/shengan4/Chronicle-Wire/.nondex
nondexJarDir=/home/shengan4/Chronicle-Wire/.nondex
nondexExecid=+20yVOk+ICcDu3F0KEldhNwl8vEJ4sxfC3ioHBi5HLc=
nondexLogging=CONFIG
test=
[[1;34mINFO[m] 
[[1;34mINFO[m] -------------------------------------------------------
[[1;34mINFO[m]  T E S T S
[[1;34mINFO[m] -------------------------------------------------------
[[1;34mINFO[m] Running net.openhft.chronicle.wire.[1mMarshallableTest[m
[[1;34mINFO[m] [1;32mTests run: [0;1;32m1[m, Failures: 0, Errors: 0, Skipped: 0, Time elapsed: 0.259 s - in net.openhft.chronicle.wire.[1mMarshallableTest[m
[[1;34mINFO[m] 
[[1;34mINFO[m] Results:
[[1;34mINFO[m] 
[[1;34mINFO[m] [1;32mTests run: 1, Failures: 0, Errors: 0, Skipped: 0[m
[[1;34mINFO[m] 
INFO: Adding excluded groups to newly created one
INFO: Adding NonDex argLine to existing argLine specified by the project
CONFIG: nondexFilter=.*
nondexMode=FULL
nondexSeed=3254042
nondexStart=0
nondexEnd=9223372036854775807
nondexPrintstack=false
nondexDir=/home/shengan4/Chronicle-Wire/.nondex
nondexJarDir=/home/shengan4/Chronicle-Wire/.nondex
nondexExecid=C1FtxqAc5sUoARVtQWXE3sI4gsixa4O72XDe0XYrymk=
nondexLogging=CONFIG
test=
[[1;34mINFO[m] 
[[1;34mINFO[m] -------------------------------------------------------
[[1;34mINFO[m]  T E S T S
[[1;34mINFO[m] -------------------------------------------------------
[[1;34mINFO[m] Running net.openhft.chronicle.wire.[1mMarshallableTest[m
[[1;34mINFO[m] [1;32mTests run: [0;1;32m1[m, Failures: 0, Errors: 0, Skipped: 0, Time elapsed: 0.301 s - in net.openhft.chronicle.wire.[1mMarshallableTest[m
[[1;34mINFO[m] 
[[1;34mINFO[m] Results:
[[1;34mINFO[m] 
[[1;34mINFO[m] [1;32mTests run: 1, Failures: 0, Errors: 0, Skipped: 0[m
[[1;34mINFO[m] 
INFO: Adding excluded groups to newly created one
INFO: Adding NonDex argLine to existing argLine specified by the project
CONFIG: nondexFilter=.*
nondexMode=FULL
nondexSeed=3295486
nondexStart=0
nondexEnd=9223372036854775807
nondexPrintstack=false
nondexDir=/home/shengan4/Chronicle-Wire/.nondex
nondexJarDir=/home/shengan4/Chronicle-Wire/.nondex
nondexExecid=YVYcA96YPftJlMeXQnCbs3uqeYvJiR+SlWHHT97bw=
nondexLogging=CONFIG
test=
[[1;34mINFO[m] 
[[1;34mINFO[m] -------------------------------------------------------
[[1;34mINFO[m]  T E S T S
[[1;34mINFO[m] -------------------------------------------------------
[[1;34mINFO[m] Running net.openhft.chronicle.wire.[1mMarshallableTest[m
[[1;34mINFO[m] [1;32mTests run: [0;1;32m1[m, Failures: 0, Errors: 0, Skipped: 0, Time elapsed: 0.243 s - in net.openhft.chronicle.wire.[1mMarshallableTest[m
[[1;34mINFO[m] 
[[1;34mINFO[m] Results:
[[1;34mINFO[m] 
[[1;34mINFO[m] [1;32mTests run: 1, Failures: 0, Errors: 0, Skipped: 0[m
[[1;34mINFO[m] 
INFO: Adding excluded groups to newly created one
INFO: Adding NonDex argLine to existing argLine specified by the project
CONFIG: nondexFilter=.*
nondexMode=FULL
nondexSeed=3336930
nondexStart=0
nondexEnd=9223372036854775807
nondexPrintstack=false
nondexDir=/home/shengan4/Chronicle-Wire/.nondex
nondexJarDir=/home/shengan4/Chronicle-Wire/.nondex
nondexExecid=GzMPnOhkrEwoFwMnpd+1Ktec36OVqLq0K6e7+xU25Y=
nondexLogging=CONFIG
test=
[[1;34mINFO[m] 
[[1;34mINFO[m] -------------------------------------------------------
[[1;34mINFO[m]  T E S T S
[[1;34mINFO[m] -------------------------------------------------------
[[1;34mINFO[m] Running net.openhft.chronicle.wire.[1mMarshallableTest[m
[[1;34mINFO[m] [1;32mTests run: [0;1;32m1[m, Failures: 0, Errors: 0, Skipped: 0, Time elapsed: 0.255 s - in net.openhft.chronicle.wire.[1mMarshallableTest[m
[[1;34mINFO[m] 
[[1;34mINFO[m] Results:
[[1;34mINFO[m] 
[[1;34mINFO[m] [1;32mTests run: 1, Failures: 0, Errors: 0, Skipped: 0[m
[[1;34mINFO[m] 
INFO: Adding excluded groups to newly created one
INFO: Adding NonDex argLine to existing argLine specified by the project
CONFIG: nondexFilter=.*
nondexMode=FULL
nondexSeed=3378374
nondexStart=0
nondexEnd=9223372036854775807
nondexPrintstack=false
nondexDir=/home/shengan4/Chronicle-Wire/.nondex
nondexJarDir=/home/shengan4/Chronicle-Wire/.nondex
nondexExecid=4QvQQjnth4jfga7sWmr8VUK3noxFA9tIQ6ry2dRSFDU=
nondexLogging=CONFIG
test=
[[1;34mINFO[m] 
[[1;34mINFO[m] -------------------------------------------------------
[[1;34mINFO[m]  T E S T S
[[1;34mINFO[m] -------------------------------------------------------
[[1;34mINFO[m] Running net.openhft.chronicle.wire.[1mMarshallableTest[m
[[1;34mINFO[m] [1;32mTests run: [0;1;32m1[m, Failures: 0, Errors: 0, Skipped: 0, Time elapsed: 0.289 s - in net.openhft.chronicle.wire.[1mMarshallableTest[m
[[1;34mINFO[m] 
[[1;34mINFO[m] Results:
[[1;34mINFO[m] 
[[1;34mINFO[m] [1;32mTests run: 1, Failures: 0, Errors: 0, Skipped: 0[m
[[1;34mINFO[m] 
INFO: Adding excluded groups to newly created one
INFO: Adding NonDex argLine to existing argLine specified by the project
CONFIG: nondexFilter=.*
nondexMode=FULL
nondexSeed=3419818
nondexStart=0
nondexEnd=9223372036854775807
nondexPrintstack=false
nondexDir=/home/shengan4/Chronicle-Wire/.nondex
nondexJarDir=/home/shengan4/Chronicle-Wire/.nondex
nondexExecid=bMB2sxYlc9UzXEUrE8oKHB3nN76CXfJa0PViVOmlHM=
nondexLogging=CONFIG
test=
[[1;34mINFO[m] 
[[1;34mINFO[m] -------------------------------------------------------
[[1;34mINFO[m]  T E S T S
[[1;34mINFO[m] -------------------------------------------------------
[[1;34mINFO[m] Running net.openhft.chronicle.wire.[1mMarshallableTest[m
[[1;34mINFO[m] [1;32mTests run: [0;1;32m1[m, Failures: 0, Errors: 0, Skipped: 0, Time elapsed: 0.24 s - in net.openhft.chronicle.wire.[1mMarshallableTest[m
[[1;34mINFO[m] 
[[1;34mINFO[m] Results:
[[1;34mINFO[m] 
[[1;34mINFO[m] [1;32mTests run: 1, Failures: 0, Errors: 0, Skipped: 0[m
[[1;34mINFO[m] 
INFO: Adding excluded groups to newly created one
INFO: Adding NonDex argLine to existing argLine specified by the project
CONFIG: nondexFilter=.*
nondexMode=FULL
nondexSeed=3461262
nondexStart=0
nondexEnd=9223372036854775807
nondexPrintstack=false
nondexDir=/home/shengan4/Chronicle-Wire/.nondex
nondexJarDir=/home/shengan4/Chronicle-Wire/.nondex
nondexExecid=yEGD1hZF9rgejS4W1WAmpCKh5nSRwEwaMPZoGvCVLDA=
nondexLogging=CONFIG
test=
[[1;34mINFO[m] 
[[1;34mINFO[m] -------------------------------------------------------
[[1;34mINFO[m]  T E S T S
[[1;34mINFO[m] -------------------------------------------------------
[[1;34mINFO[m] Running net.openhft.chronicle.wire.[1mMarshallableTest[m
[[1;34mINFO[m] [1;32mTests run: [0;1;32m1[m, Failures: 0, Errors: 0, Skipped: 0, Time elapsed: 0.286 s - in net.openhft.chronicle.wire.[1mMarshallableTest[m
[[1;34mINFO[m] 
[[1;34mINFO[m] Results:
[[1;34mINFO[m] 
[[1;34mINFO[m] [1;32mTests run: 1, Failures: 0, Errors: 0, Skipped: 0[m
[[1;34mINFO[m] 
INFO: Adding excluded groups to newly created one
INFO: Adding NonDex argLine to existing argLine specified by the project
CONFIG: nondexFilter=.*
nondexMode=FULL
nondexSeed=3502706
nondexStart=0
nondexEnd=9223372036854775807
nondexPrintstack=false
nondexDir=/home/shengan4/Chronicle-Wire/.nondex
nondexJarDir=/home/shengan4/Chronicle-Wire/.nondex
nondexExecid=h56LIGzA3XH52KhfAj+tGxKmCF3A+xslk8a33cBt9c=
nondexLogging=CONFIG
test=
[[1;34mINFO[m] 
[[1;34mINFO[m] -------------------------------------------------------
[[1;34mINFO[m]  T E S T S
[[1;34mINFO[m] -------------------------------------------------------
[[1;34mINFO[m] Running net.openhft.chronicle.wire.[1mMarshallableTest[m
[[1;34mINFO[m] [1;32mTests run: [0;1;32m1[m, Failures: 0, Errors: 0, Skipped: 0, Time elapsed: 0.248 s - in net.openhft.chronicle.wire.[1mMarshallableTest[m
[[1;34mINFO[m] 
[[1;34mINFO[m] Results:
[[1;34mINFO[m] 
[[1;34mINFO[m] [1;32mTests run: 1, Failures: 0, Errors: 0, Skipped: 0[m
[[1;34mINFO[m] 
INFO: Adding excluded groups to newly created one
INFO: Adding NonDex argLine to existing argLine specified by the project
CONFIG: nondexFilter=.*
nondexMode=FULL
nondexSeed=3544150
nondexStart=0
nondexEnd=9223372036854775807
nondexPrintstack=false
nondexDir=/home/shengan4/Chronicle-Wire/.nondex
nondexJarDir=/home/shengan4/Chronicle-Wire/.nondex
nondexExecid=EvXa3ECok2xWb0yX9qGHwu086di7mdGeHjMipe+A3U4=
nondexLogging=CONFIG
test=
[[1;34mINFO[m] 
[[1;34mINFO[m] -------------------------------------------------------
[[1;34mINFO[m]  T E S T S
[[1;34mINFO[m] -------------------------------------------------------
[[1;34mINFO[m] Running net.openhft.chronicle.wire.[1mMarshallableTest[m
[[1;34mINFO[m] [1;32mTests run: [0;1;32m1[m, Failures: 0, Errors: 0, Skipped: 0, Time elapsed: 0.274 s - in net.openhft.chronicle.wire.[1mMarshallableTest[m
[[1;34mINFO[m] 
[[1;34mINFO[m] Results:
[[1;34mINFO[m] 
[[1;34mINFO[m] [1;32mTests run: 1, Failures: 0, Errors: 0, Skipped: 0[m
[[1;34mINFO[m] 
INFO: Adding excluded groups to newly created one
INFO: Adding NonDex argLine to existing argLine specified by the project
CONFIG: nondexFilter=.*
nondexMode=FULL
nondexSeed=3585594
nondexStart=0
nondexEnd=9223372036854775807
nondexPrintstack=false
nondexDir=/home/shengan4/Chronicle-Wire/.nondex
nondexJarDir=/home/shengan4/Chronicle-Wire/.nondex
nondexExecid=QWORsdgQlf+VI1xQpK2C7h8TdPNgBtJ1FghJ0S4Cts=
nondexLogging=CONFIG
test=
[[1;34mINFO[m] 
[[1;34mINFO[m] -------------------------------------------------------
[[1;34mINFO[m]  T E S T S
[[1;34mINFO[m] -------------------------------------------------------
[[1;34mINFO[m] Running net.openhft.chronicle.wire.[1mMarshallableTest[m
[[1;34mINFO[m] [1;32mTests run: [0;1;32m1[m, Failures: 0, Errors: 0, Skipped: 0, Time elapsed: 0.302 s - in net.openhft.chronicle.wire.[1mMarshallableTest[m
[[1;34mINFO[m] 
[[1;34mINFO[m] Results:
[[1;34mINFO[m] 
[[1;34mINFO[m] [1;32mTests run: 1, Failures: 0, Errors: 0, Skipped: 0[m
[[1;34mINFO[m] 
INFO: Adding excluded groups to newly created one
INFO: Adding NonDex argLine to existing argLine specified by the project
CONFIG: nondexFilter=.*
nondexMode=FULL
nondexSeed=3627038
nondexStart=0
nondexEnd=9223372036854775807
nondexPrintstack=false
nondexDir=/home/shengan4/Chronicle-Wire/.nondex
nondexJarDir=/home/shengan4/Chronicle-Wire/.nondex
nondexExecid=HDKqXiV1BHLrEmE2wu2FplZFttg6drsgA1czXb2iOM=
nondexLogging=CONFIG
test=
[[1;34mINFO[m] 
[[1;34mINFO[m] -------------------------------------------------------
[[1;34mINFO[m]  T E S T S
[[1;34mINFO[m] -------------------------------------------------------
[[1;34mINFO[m] Running net.openhft.chronicle.wire.[1mMarshallableTest[m
[[1;34mINFO[m] [1;32mTests run: [0;1;32m1[m, Failures: 0, Errors: 0, Skipped: 0, Time elapsed: 0.268 s - in net.openhft.chronicle.wire.[1mMarshallableTest[m
[[1;34mINFO[m] 
[[1;34mINFO[m] Results:
[[1;34mINFO[m] 
[[1;34mINFO[m] [1;32mTests run: 1, Failures: 0, Errors: 0, Skipped: 0[m
[[1;34mINFO[m] 
INFO: Adding excluded groups to newly created one
INFO: Adding NonDex argLine to existing argLine specified by the project
CONFIG: nondexFilter=.*
nondexMode=FULL
nondexSeed=3668482
nondexStart=0
nondexEnd=9223372036854775807
nondexPrintstack=false
nondexDir=/home/shengan4/Chronicle-Wire/.nondex
nondexJarDir=/home/shengan4/Chronicle-Wire/.nondex
nondexExecid=UtAszF8KJIisMMVwEKmdaSF8lYOuT9fT8QqJqkjqLHU=
nondexLogging=CONFIG
test=
[[1;34mINFO[m] 
[[1;34mINFO[m] -------------------------------------------------------
[[1;34mINFO[m]  T E S T S
[[1;34mINFO[m] -------------------------------------------------------
[[1;34mINFO[m] Running net.openhft.chronicle.wire.[1mMarshallableTest[m
[[1;34mINFO[m] [1;32mTests run: [0;1;32m1[m, Failures: 0, Errors: 0, Skipped: 0, Time elapsed: 0.247 s - in net.openhft.chronicle.wire.[1mMarshallableTest[m
[[1;34mINFO[m] 
[[1;34mINFO[m] Results:
[[1;34mINFO[m] 
[[1;34mINFO[m] [1;32mTests run: 1, Failures: 0, Errors: 0, Skipped: 0[m
[[1;34mINFO[m] 
INFO: Adding excluded groups to newly created one
INFO: Adding NonDex argLine to existing argLine specified by the project
CONFIG: nondexFilter=.*
nondexMode=FULL
nondexSeed=3709926
nondexStart=0
nondexEnd=9223372036854775807
nondexPrintstack=false
nondexDir=/home/shengan4/Chronicle-Wire/.nondex
nondexJarDir=/home/shengan4/Chronicle-Wire/.nondex
nondexExecid=JPr64fmHZhKharyrjWNufZ0JWfBxEpuquxD1aGSO0S4=
nondexLogging=CONFIG
test=
[[1;34mINFO[m] 
[[1;34mINFO[m] -------------------------------------------------------
[[1;34mINFO[m]  T E S T S
[[1;34mINFO[m] -------------------------------------------------------
[[1;34mINFO[m] Running net.openhft.chronicle.wire.[1mMarshallableTest[m
[[1;34mINFO[m] [1;32mTests run: [0;1;32m1[m, Failures: 0, Errors: 0, Skipped: 0, Time elapsed: 0.27 s - in net.openhft.chronicle.wire.[1mMarshallableTest[m
[[1;34mINFO[m] 
[[1;34mINFO[m] Results:
[[1;34mINFO[m] 
[[1;34mINFO[m] [1;32mTests run: 1, Failures: 0, Errors: 0, Skipped: 0[m
[[1;34mINFO[m] 
INFO: Adding excluded groups to newly created one
INFO: Adding NonDex argLine to existing argLine specified by the project
CONFIG: nondexFilter=.*
nondexMode=FULL
nondexSeed=3751370
nondexStart=0
nondexEnd=9223372036854775807
nondexPrintstack=false
nondexDir=/home/shengan4/Chronicle-Wire/.nondex
nondexJarDir=/home/shengan4/Chronicle-Wire/.nondex
nondexExecid=UfBC5EKQAIp+yiNt30opCtqk4Lakfx8BANQkv2qoc=
nondexLogging=CONFIG
test=
[[1;34mINFO[m] 
[[1;34mINFO[m] -------------------------------------------------------
[[1;34mINFO[m]  T E S T S
[[1;34mINFO[m] -------------------------------------------------------
[[1;34mINFO[m] Running net.openhft.chronicle.wire.[1mMarshallableTest[m
[[1;34mINFO[m] [1;32mTests run: [0;1;32m1[m, Failures: 0, Errors: 0, Skipped: 0, Time elapsed: 0.271 s - in net.openhft.chronicle.wire.[1mMarshallableTest[m
[[1;34mINFO[m] 
[[1;34mINFO[m] Results:
[[1;34mINFO[m] 
[[1;34mINFO[m] [1;32mTests run: 1, Failures: 0, Errors: 0, Skipped: 0[m
[[1;34mINFO[m] 
INFO: Adding excluded groups to newly created one
INFO: Adding NonDex argLine to existing argLine specified by the project
CONFIG: nondexFilter=.*
nondexMode=FULL
nondexSeed=3792814
nondexStart=0
nondexEnd=9223372036854775807
nondexPrintstack=false
nondexDir=/home/shengan4/Chronicle-Wire/.nondex
nondexJarDir=/home/shengan4/Chronicle-Wire/.nondex
nondexExecid=NXWVSXh1NbOBfEz6X1Fj1tht1APddViSxEk9XcZGGk=
nondexLogging=CONFIG
test=
[[1;34mINFO[m] 
[[1;34mINFO[m] -------------------------------------------------------
[[1;34mINFO[m]  T E S T S
[[1;34mINFO[m] -------------------------------------------------------
[[1;34mINFO[m] Running net.openhft.chronicle.wire.[1mMarshallableTest[m
[[1;34mINFO[m] [1;32mTests run: [0;1;32m1[m, Failures: 0, Errors: 0, Skipped: 0, Time elapsed: 0.269 s - in net.openhft.chronicle.wire.[1mMarshallableTest[m
[[1;34mINFO[m] 
[[1;34mINFO[m] Results:
[[1;34mINFO[m] 
[[1;34mINFO[m] [1;32mTests run: 1, Failures: 0, Errors: 0, Skipped: 0[m
[[1;34mINFO[m] 
INFO: Adding excluded groups to newly created one
INFO: Adding NonDex argLine to existing argLine specified by the project
CONFIG: nondexFilter=.*
nondexMode=FULL
nondexSeed=3834258
nondexStart=0
nondexEnd=9223372036854775807
nondexPrintstack=false
nondexDir=/home/shengan4/Chronicle-Wire/.nondex
nondexJarDir=/home/shengan4/Chronicle-Wire/.nondex
nondexExecid=voiZXssFnWzkBxhNXwhV47tt929B2a3SFt25cGgOkbE=
nondexLogging=CONFIG
test=
[[1;34mINFO[m] 
[[1;34mINFO[m] -------------------------------------------------------
[[1;34mINFO[m]  T E S T S
[[1;34mINFO[m] -------------------------------------------------------
[[1;34mINFO[m] Running net.openhft.chronicle.wire.[1mMarshallableTest[m
[[1;34mINFO[m] [1;32mTests run: [0;1;32m1[m, Failures: 0, Errors: 0, Skipped: 0, Time elapsed: 0.282 s - in net.openhft.chronicle.wire.[1mMarshallableTest[m
[[1;34mINFO[m] 
[[1;34mINFO[m] Results:
[[1;34mINFO[m] 
[[1;34mINFO[m] [1;32mTests run: 1, Failures: 0, Errors: 0, Skipped: 0[m
[[1;34mINFO[m] 
INFO: Adding excluded groups to newly created one
INFO: Adding NonDex argLine to existing argLine specified by the project
CONFIG: nondexFilter=.*
nondexMode=FULL
nondexSeed=3875702
nondexStart=0
nondexEnd=9223372036854775807
nondexPrintstack=false
nondexDir=/home/shengan4/Chronicle-Wire/.nondex
nondexJarDir=/home/shengan4/Chronicle-Wire/.nondex
nondexExecid=gsbYIwXtezpkXeykJ5MdnTMr2qflIXupbM0cEGhvnA=
nondexLogging=CONFIG
test=
[[1;34mINFO[m] 
[[1;34mINFO[m] -------------------------------------------------------
[[1;34mINFO[m]  T E S T S
[[1;34mINFO[m] -------------------------------------------------------
[[1;34mINFO[m] Running net.openhft.chronicle.wire.[1mMarshallableTest[m
[[1;34mINFO[m] [1;32mTests run: [0;1;32m1[m, Failures: 0, Errors: 0, Skipped: 0, Time elapsed: 0.274 s - in net.openhft.chronicle.wire.[1mMarshallableTest[m
[[1;34mINFO[m] 
[[1;34mINFO[m] Results:
[[1;34mINFO[m] 
[[1;34mINFO[m] [1;32mTests run: 1, Failures: 0, Errors: 0, Skipped: 0[m
[[1;34mINFO[m] 
INFO: Adding excluded groups to newly created one
INFO: Adding NonDex argLine to existing argLine specified by the project
CONFIG: nondexFilter=.*
nondexMode=FULL
nondexSeed=3917146
nondexStart=0
nondexEnd=9223372036854775807
nondexPrintstack=false
nondexDir=/home/shengan4/Chronicle-Wire/.nondex
nondexJarDir=/home/shengan4/Chronicle-Wire/.nondex
nondexExecid=XyK+zlg94yd2faNntyczgJ3nSSZHWP7A+oQ511PI=
nondexLogging=CONFIG
test=
[[1;34mINFO[m] 
[[1;34mINFO[m] -------------------------------------------------------
[[1;34mINFO[m]  T E S T S
[[1;34mINFO[m] -------------------------------------------------------
[[1;34mINFO[m] Running net.openhft.chronicle.wire.[1mMarshallableTest[m
[[1;34mINFO[m] [1;32mTests run: [0;1;32m1[m, Failures: 0, Errors: 0, Skipped: 0, Time elapsed: 0.287 s - in net.openhft.chronicle.wire.[1mMarshallableTest[m
[[1;34mINFO[m] 
[[1;34mINFO[m] Results:
[[1;34mINFO[m] 
[[1;34mINFO[m] [1;32mTests run: 1, Failures: 0, Errors: 0, Skipped: 0[m
[[1;34mINFO[m] 
INFO: Adding excluded groups to newly created one
INFO: Adding NonDex argLine to existing argLine specified by the project
CONFIG: nondexFilter=.*
nondexMode=FULL
nondexSeed=3958590
nondexStart=0
nondexEnd=9223372036854775807
nondexPrintstack=false
nondexDir=/home/shengan4/Chronicle-Wire/.nondex
nondexJarDir=/home/shengan4/Chronicle-Wire/.nondex
nondexExecid=zUaltMB2peir1P7lR+FTmglPiJR86VHSPKDaEp7ViI=
nondexLogging=CONFIG
test=
[[1;34mINFO[m] 
[[1;34mINFO[m] -------------------------------------------------------
[[1;34mINFO[m]  T E S T S
[[1;34mINFO[m] -------------------------------------------------------
[[1;34mINFO[m] Running net.openhft.chronicle.wire.[1mMarshallableTest[m
[[1;34mINFO[m] [1;32mTests run: [0;1;32m1[m, Failures: 0, Errors: 0, Skipped: 0, Time elapsed: 0.267 s - in net.openhft.chronicle.wire.[1mMarshallableTest[m
[[1;34mINFO[m] 
[[1;34mINFO[m] Results:
[[1;34mINFO[m] 
[[1;34mINFO[m] [1;32mTests run: 1, Failures: 0, Errors: 0, Skipped: 0[m
[[1;34mINFO[m] 
INFO: Adding excluded groups to newly created one
INFO: Adding NonDex argLine to existing argLine specified by the project
CONFIG: nondexFilter=.*
nondexMode=FULL
nondexSeed=4000034
nondexStart=0
nondexEnd=9223372036854775807
nondexPrintstack=false
nondexDir=/home/shengan4/Chronicle-Wire/.nondex
nondexJarDir=/home/shengan4/Chronicle-Wire/.nondex
nondexExecid=eY3kUDYHkVACOE6L91ZAeayZT0QhGtv6AxkC9ikvVzQ=
nondexLogging=CONFIG
test=
[[1;34mINFO[m] 
[[1;34mINFO[m] -------------------------------------------------------
[[1;34mINFO[m]  T E S T S
[[1;34mINFO[m] -------------------------------------------------------
[[1;34mINFO[m] Running net.openhft.chronicle.wire.[1mMarshallableTest[m
[[1;34mINFO[m] [1;32mTests run: [0;1;32m1[m, Failures: 0, Errors: 0, Skipped: 0, Time elapsed: 0.248 s - in net.openhft.chronicle.wire.[1mMarshallableTest[m
[[1;34mINFO[m] 
[[1;34mINFO[m] Results:
[[1;34mINFO[m] 
[[1;34mINFO[m] [1;32mTests run: 1, Failures: 0, Errors: 0, Skipped: 0[m
[[1;34mINFO[m] 
INFO: Adding excluded groups to newly created one
INFO: Adding NonDex argLine to existing argLine specified by the project
CONFIG: nondexFilter=.*
nondexMode=FULL
nondexSeed=4041478
nondexStart=0
nondexEnd=9223372036854775807
nondexPrintstack=false
nondexDir=/home/shengan4/Chronicle-Wire/.nondex
nondexJarDir=/home/shengan4/Chronicle-Wire/.nondex
nondexExecid=5tcvGzcZZjUI14tGD79AnqPN+EpWZi3jWWw3zawEQ=
nondexLogging=CONFIG
test=
[[1;34mINFO[m] 
[[1;34mINFO[m] -------------------------------------------------------
[[1;34mINFO[m]  T E S T S
[[1;34mINFO[m] -------------------------------------------------------
[[1;34mINFO[m] Running net.openhft.chronicle.wire.[1mMarshallableTest[m
[[1;34mINFO[m] [1;32mTests run: [0;1;32m1[m, Failures: 0, Errors: 0, Skipped: 0, Time elapsed: 0.28 s - in net.openhft.chronicle.wire.[1mMarshallableTest[m
[[1;34mINFO[m] 
[[1;34mINFO[m] Results:
[[1;34mINFO[m] 
[[1;34mINFO[m] [1;32mTests run: 1, Failures: 0, Errors: 0, Skipped: 0[m
[[1;34mINFO[m] 
INFO: Adding excluded groups to newly created one
INFO: Adding NonDex argLine to existing argLine specified by the project
CONFIG: nondexFilter=.*
nondexMode=FULL
nondexSeed=4082922
nondexStart=0
nondexEnd=9223372036854775807
nondexPrintstack=false
nondexDir=/home/shengan4/Chronicle-Wire/.nondex
nondexJarDir=/home/shengan4/Chronicle-Wire/.nondex
nondexExecid=Rnq52LOWjt5kef77lJqiQz6BmiXcuFMOnHRyXOrF0g=
nondexLogging=CONFIG
test=
[[1;34mINFO[m] 
[[1;34mINFO[m] -------------------------------------------------------
[[1;34mINFO[m]  T E S T S
[[1;34mINFO[m] -------------------------------------------------------
[[1;34mINFO[m] Running net.openhft.chronicle.wire.[1mMarshallableTest[m
[[1;34mINFO[m] [1;32mTests run: [0;1;32m1[m, Failures: 0, Errors: 0, Skipped: 0, Time elapsed: 0.281 s - in net.openhft.chronicle.wire.[1mMarshallableTest[m
[[1;34mINFO[m] 
[[1;34mINFO[m] Results:
[[1;34mINFO[m] 
[[1;34mINFO[m] [1;32mTests run: 1, Failures: 0, Errors: 0, Skipped: 0[m
[[1;34mINFO[m] 
INFO: Adding excluded groups to newly created one
INFO: Adding NonDex argLine to existing argLine specified by the project
CONFIG: nondexFilter=.*
nondexMode=FULL
nondexSeed=4124366
nondexStart=0
nondexEnd=9223372036854775807
nondexPrintstack=false
nondexDir=/home/shengan4/Chronicle-Wire/.nondex
nondexJarDir=/home/shengan4/Chronicle-Wire/.nondex
nondexExecid=l1KcIx265H5HyV3pN3z1LIMaJZkh8PDB235qYkFOGBI=
nondexLogging=CONFIG
test=
[[1;34mINFO[m] 
[[1;34mINFO[m] -------------------------------------------------------
[[1;34mINFO[m]  T E S T S
[[1;34mINFO[m] -------------------------------------------------------
[[1;34mINFO[m] Running net.openhft.chronicle.wire.[1mMarshallableTest[m
[[1;34mINFO[m] [1;32mTests run: [0;1;32m1[m, Failures: 0, Errors: 0, Skipped: 0, Time elapsed: 0.29 s - in net.openhft.chronicle.wire.[1mMarshallableTest[m
[[1;34mINFO[m] 
[[1;34mINFO[m] Results:
[[1;34mINFO[m] 
[[1;34mINFO[m] [1;32mTests run: 1, Failures: 0, Errors: 0, Skipped: 0[m
[[1;34mINFO[m] 
INFO: Adding excluded groups to newly created one
INFO: Adding NonDex argLine to existing argLine specified by the project
CONFIG: nondexFilter=.*
nondexMode=FULL
nondexSeed=4165810
nondexStart=0
nondexEnd=9223372036854775807
nondexPrintstack=false
nondexDir=/home/shengan4/Chronicle-Wire/.nondex
nondexJarDir=/home/shengan4/Chronicle-Wire/.nondex
nondexExecid=r9iWOiKUsIcSpzoB1JhAlFJAjUPYxTE+cYxZZ0HRMNc=
nondexLogging=CONFIG
test=
[[1;34mINFO[m] 
[[1;34mINFO[m] -------------------------------------------------------
[[1;34mINFO[m]  T E S T S
[[1;34mINFO[m] -------------------------------------------------------
[[1;34mINFO[m] Running net.openhft.chronicle.wire.[1mMarshallableTest[m
[[1;34mINFO[m] [1;32mTests run: [0;1;32m1[m, Failures: 0, Errors: 0, Skipped: 0, Time elapsed: 0.28 s - in net.openhft.chronicle.wire.[1mMarshallableTest[m
[[1;34mINFO[m] 
[[1;34mINFO[m] Results:
[[1;34mINFO[m] 
[[1;34mINFO[m] [1;32mTests run: 1, Failures: 0, Errors: 0, Skipped: 0[m
[[1;34mINFO[m] 
INFO: Adding excluded groups to newly created one
INFO: Adding NonDex argLine to existing argLine specified by the project
CONFIG: nondexFilter=.*
nondexMode=FULL
nondexSeed=4207254
nondexStart=0
nondexEnd=9223372036854775807
nondexPrintstack=false
nondexDir=/home/shengan4/Chronicle-Wire/.nondex
nondexJarDir=/home/shengan4/Chronicle-Wire/.nondex
nondexExecid=TkS3lxcdA2TQe0Vmu6ZmMDpSJT9xZy351ZBBr2Dcko=
nondexLogging=CONFIG
test=
[[1;34mINFO[m] 
[[1;34mINFO[m] -------------------------------------------------------
[[1;34mINFO[m]  T E S T S
[[1;34mINFO[m] -------------------------------------------------------
[[1;34mINFO[m] Running net.openhft.chronicle.wire.[1mMarshallableTest[m
[[1;34mINFO[m] [1;32mTests run: [0;1;32m1[m, Failures: 0, Errors: 0, Skipped: 0, Time elapsed: 0.278 s - in net.openhft.chronicle.wire.[1mMarshallableTest[m
[[1;34mINFO[m] 
[[1;34mINFO[m] Results:
[[1;34mINFO[m] 
[[1;34mINFO[m] [1;32mTests run: 1, Failures: 0, Errors: 0, Skipped: 0[m
[[1;34mINFO[m] 
INFO: Adding excluded groups to newly created one
INFO: Adding NonDex argLine to existing argLine specified by the project
CONFIG: nondexFilter=.*
nondexMode=FULL
nondexSeed=4248698
nondexStart=0
nondexEnd=9223372036854775807
nondexPrintstack=false
nondexDir=/home/shengan4/Chronicle-Wire/.nondex
nondexJarDir=/home/shengan4/Chronicle-Wire/.nondex
nondexExecid=DsIK0brA1NtKRockh4WHBPcz0JxJtzTwtQGHur7eg=
nondexLogging=CONFIG
test=
[[1;34mINFO[m] 
[[1;34mINFO[m] -------------------------------------------------------
[[1;34mINFO[m]  T E S T S
[[1;34mINFO[m] -------------------------------------------------------
[[1;34mINFO[m] Running net.openhft.chronicle.wire.[1mMarshallableTest[m
[[1;34mINFO[m] [1;32mTests run: [0;1;32m1[m, Failures: 0, Errors: 0, Skipped: 0, Time elapsed: 0.272 s - in net.openhft.chronicle.wire.[1mMarshallableTest[m
[[1;34mINFO[m] 
[[1;34mINFO[m] Results:
[[1;34mINFO[m] 
[[1;34mINFO[m] [1;32mTests run: 1, Failures: 0, Errors: 0, Skipped: 0[m
[[1;34mINFO[m] 
INFO: Adding excluded groups to newly created one
INFO: Adding NonDex argLine to existing argLine specified by the project
CONFIG: nondexFilter=.*
nondexMode=FULL
nondexSeed=4290142
nondexStart=0
nondexEnd=9223372036854775807
nondexPrintstack=false
nondexDir=/home/shengan4/Chronicle-Wire/.nondex
nondexJarDir=/home/shengan4/Chronicle-Wire/.nondex
nondexExecid=x97osLiorgGg53Gk7a6o9LKN9t5GQa0St8dl06qGg=
nondexLogging=CONFIG
test=
[[1;34mINFO[m] 
[[1;34mINFO[m] -------------------------------------------------------
[[1;34mINFO[m]  T E S T S
[[1;34mINFO[m] -------------------------------------------------------
[[1;34mINFO[m] Running net.openhft.chronicle.wire.[1mMarshallableTest[m
[[1;34mINFO[m] [1;32mTests run: [0;1;32m1[m, Failures: 0, Errors: 0, Skipped: 0, Time elapsed: 0.25 s - in net.openhft.chronicle.wire.[1mMarshallableTest[m
[[1;34mINFO[m] 
[[1;34mINFO[m] Results:
[[1;34mINFO[m] 
[[1;34mINFO[m] [1;32mTests run: 1, Failures: 0, Errors: 0, Skipped: 0[m
[[1;34mINFO[m] 
INFO: Adding excluded groups to newly created one
INFO: Adding NonDex argLine to existing argLine specified by the project
CONFIG: nondexFilter=.*
nondexMode=FULL
nondexSeed=4331586
nondexStart=0
nondexEnd=9223372036854775807
nondexPrintstack=false
nondexDir=/home/shengan4/Chronicle-Wire/.nondex
nondexJarDir=/home/shengan4/Chronicle-Wire/.nondex
nondexExecid=iRxFrVWC5KyEYGYj5okMrnRFVy0HJzM9o7o5EVpr1+Q=
nondexLogging=CONFIG
test=
[[1;34mINFO[m] 
[[1;34mINFO[m] -------------------------------------------------------
[[1;34mINFO[m]  T E S T S
[[1;34mINFO[m] -------------------------------------------------------
[[1;34mINFO[m] Running net.openhft.chronicle.wire.[1mMarshallableTest[m
[[1;34mINFO[m] [1;32mTests run: [0;1;32m1[m, Failures: 0, Errors: 0, Skipped: 0, Time elapsed: 0.26 s - in net.openhft.chronicle.wire.[1mMarshallableTest[m
[[1;34mINFO[m] 
[[1;34mINFO[m] Results:
[[1;34mINFO[m] 
[[1;34mINFO[m] [1;32mTests run: 1, Failures: 0, Errors: 0, Skipped: 0[m
[[1;34mINFO[m] 
INFO: Adding excluded groups to newly created one
INFO: Adding NonDex argLine to existing argLine specified by the project
CONFIG: nondexFilter=.*
nondexMode=FULL
nondexSeed=4373030
nondexStart=0
nondexEnd=9223372036854775807
nondexPrintstack=false
nondexDir=/home/shengan4/Chronicle-Wire/.nondex
nondexJarDir=/home/shengan4/Chronicle-Wire/.nondex
nondexExecid=D3GlwgmFfDmk1XA+FeozBHMBHK96q8Y0j1Z1xpj4o5A=
nondexLogging=CONFIG
test=
[[1;34mINFO[m] 
[[1;34mINFO[m] -------------------------------------------------------
[[1;34mINFO[m]  T E S T S
[[1;34mINFO[m] -------------------------------------------------------
[[1;34mINFO[m] Running net.openhft.chronicle.wire.[1mMarshallableTest[m
[[1;34mINFO[m] [1;32mTests run: [0;1;32m1[m, Failures: 0, Errors: 0, Skipped: 0, Time elapsed: 0.272 s - in net.openhft.chronicle.wire.[1mMarshallableTest[m
[[1;34mINFO[m] 
[[1;34mINFO[m] Results:
[[1;34mINFO[m] 
[[1;34mINFO[m] [1;32mTests run: 1, Failures: 0, Errors: 0, Skipped: 0[m
[[1;34mINFO[m] 
INFO: Adding excluded groups to newly created one
INFO: Adding NonDex argLine to existing argLine specified by the project
CONFIG: nondexFilter=.*
nondexMode=FULL
nondexSeed=4414474
nondexStart=0
nondexEnd=9223372036854775807
nondexPrintstack=false
nondexDir=/home/shengan4/Chronicle-Wire/.nondex
nondexJarDir=/home/shengan4/Chronicle-Wire/.nondex
nondexExecid=do6PJylDN60Gdu3GkcN+Qm9EBoLv9z7HOrHUzDoZYHg=
nondexLogging=CONFIG
test=
[[1;34mINFO[m] 
[[1;34mINFO[m] -------------------------------------------------------
[[1;34mINFO[m]  T E S T S
[[1;34mINFO[m] -------------------------------------------------------
[[1;34mINFO[m] Running net.openhft.chronicle.wire.[1mMarshallableTest[m
[[1;34mINFO[m] [1;32mTests run: [0;1;32m1[m, Failures: 0, Errors: 0, Skipped: 0, Time elapsed: 0.276 s - in net.openhft.chronicle.wire.[1mMarshallableTest[m
[[1;34mINFO[m] 
[[1;34mINFO[m] Results:
[[1;34mINFO[m] 
[[1;34mINFO[m] [1;32mTests run: 1, Failures: 0, Errors: 0, Skipped: 0[m
[[1;34mINFO[m] 
INFO: Adding excluded groups to newly created one
INFO: Adding NonDex argLine to existing argLine specified by the project
CONFIG: nondexFilter=.*
nondexMode=FULL
nondexSeed=4455918
nondexStart=0
nondexEnd=9223372036854775807
nondexPrintstack=false
nondexDir=/home/shengan4/Chronicle-Wire/.nondex
nondexJarDir=/home/shengan4/Chronicle-Wire/.nondex
nondexExecid=ydfegdQjA647YPWXWf19bpAWGZLzePXZMdnEu039Ptw=
nondexLogging=CONFIG
test=
[[1;34mINFO[m] 
[[1;34mINFO[m] -------------------------------------------------------
[[1;34mINFO[m]  T E S T S
[[1;34mINFO[m] -------------------------------------------------------
[[1;34mINFO[m] Running net.openhft.chronicle.wire.[1mMarshallableTest[m
[[1;34mINFO[m] [1;32mTests run: [0;1;32m1[m, Failures: 0, Errors: 0, Skipped: 0, Time elapsed: 0.252 s - in net.openhft.chronicle.wire.[1mMarshallableTest[m
[[1;34mINFO[m] 
[[1;34mINFO[m] Results:
[[1;34mINFO[m] 
[[1;34mINFO[m] [1;32mTests run: 1, Failures: 0, Errors: 0, Skipped: 0[m
[[1;34mINFO[m] 
INFO: Adding excluded groups to newly created one
INFO: Adding NonDex argLine to existing argLine specified by the project
CONFIG: nondexFilter=.*
nondexMode=FULL
nondexSeed=4497362
nondexStart=0
nondexEnd=9223372036854775807
nondexPrintstack=false
nondexDir=/home/shengan4/Chronicle-Wire/.nondex
nondexJarDir=/home/shengan4/Chronicle-Wire/.nondex
nondexExecid=1LZOEjw3KsXXjK6E45LyVYbb4l+CatKuH+OknZJRo3g=
nondexLogging=CONFIG
test=
[[1;34mINFO[m] 
[[1;34mINFO[m] -------------------------------------------------------
[[1;34mINFO[m]  T E S T S
[[1;34mINFO[m] -------------------------------------------------------
[[1;34mINFO[m] Running net.openhft.chronicle.wire.[1mMarshallableTest[m
[[1;34mINFO[m] [1;32mTests run: [0;1;32m1[m, Failures: 0, Errors: 0, Skipped: 0, Time elapsed: 0.272 s - in net.openhft.chronicle.wire.[1mMarshallableTest[m
[[1;34mINFO[m] 
[[1;34mINFO[m] Results:
[[1;34mINFO[m] 
[[1;34mINFO[m] [1;32mTests run: 1, Failures: 0, Errors: 0, Skipped: 0[m
[[1;34mINFO[m] 
INFO: Adding excluded groups to newly created one
INFO: Adding NonDex argLine to existing argLine specified by the project
CONFIG: nondexFilter=.*
nondexMode=FULL
nondexSeed=4538806
nondexStart=0
nondexEnd=9223372036854775807
nondexPrintstack=false
nondexDir=/home/shengan4/Chronicle-Wire/.nondex
nondexJarDir=/home/shengan4/Chronicle-Wire/.nondex
nondexExecid=jJF0qwudVgsuwc5SmhiK1Vb0avNxo5WBkmF1uDIW10=
nondexLogging=CONFIG
test=
[[1;34mINFO[m] 
[[1;34mINFO[m] -------------------------------------------------------
[[1;34mINFO[m]  T E S T S
[[1;34mINFO[m] -------------------------------------------------------
[[1;34mINFO[m] Running net.openhft.chronicle.wire.[1mMarshallableTest[m
[[1;34mINFO[m] [1;32mTests run: [0;1;32m1[m, Failures: 0, Errors: 0, Skipped: 0, Time elapsed: 0.281 s - in net.openhft.chronicle.wire.[1mMarshallableTest[m
[[1;34mINFO[m] 
[[1;34mINFO[m] Results:
[[1;34mINFO[m] 
[[1;34mINFO[m] [1;32mTests run: 1, Failures: 0, Errors: 0, Skipped: 0[m
[[1;34mINFO[m] 
INFO: Adding excluded groups to newly created one
INFO: Adding NonDex argLine to existing argLine specified by the project
CONFIG: nondexFilter=.*
nondexMode=FULL
nondexSeed=4580250
nondexStart=0
nondexEnd=9223372036854775807
nondexPrintstack=false
nondexDir=/home/shengan4/Chronicle-Wire/.nondex
nondexJarDir=/home/shengan4/Chronicle-Wire/.nondex
nondexExecid=sLn9JcI806Y8DpGrQqlyBM2yjk96ExeFiSIdXIHiL64=
nondexLogging=CONFIG
test=
[[1;34mINFO[m] 
[[1;34mINFO[m] -------------------------------------------------------
[[1;34mINFO[m]  T E S T S
[[1;34mINFO[m] -------------------------------------------------------
[[1;34mINFO[m] Running net.openhft.chronicle.wire.[1mMarshallableTest[m
[[1;34mINFO[m] [1;32mTests run: [0;1;32m1[m, Failures: 0, Errors: 0, Skipped: 0, Time elapsed: 0.272 s - in net.openhft.chronicle.wire.[1mMarshallableTest[m
[[1;34mINFO[m] 
[[1;34mINFO[m] Results:
[[1;34mINFO[m] 
[[1;34mINFO[m] [1;32mTests run: 1, Failures: 0, Errors: 0, Skipped: 0[m
[[1;34mINFO[m] 
INFO: Adding excluded groups to newly created one
INFO: Adding NonDex argLine to existing argLine specified by the project
CONFIG: nondexFilter=.*
nondexMode=FULL
nondexSeed=4621694
nondexStart=0
nondexEnd=9223372036854775807
nondexPrintstack=false
nondexDir=/home/shengan4/Chronicle-Wire/.nondex
nondexJarDir=/home/shengan4/Chronicle-Wire/.nondex
nondexExecid=MTcrpqDtDgZSZICHhrscPKcWL14HpWc0c0bhhGrmLcA=
nondexLogging=CONFIG
test=
[[1;34mINFO[m] 
[[1;34mINFO[m] -------------------------------------------------------
[[1;34mINFO[m]  T E S T S
[[1;34mINFO[m] -------------------------------------------------------
[[1;34mINFO[m] Running net.openhft.chronicle.wire.[1mMarshallableTest[m
[[1;34mINFO[m] [1;32mTests run: [0;1;32m1[m, Failures: 0, Errors: 0, Skipped: 0, Time elapsed: 0.25 s - in net.openhft.chronicle.wire.[1mMarshallableTest[m
[[1;34mINFO[m] 
[[1;34mINFO[m] Results:
[[1;34mINFO[m] 
[[1;34mINFO[m] [1;32mTests run: 1, Failures: 0, Errors: 0, Skipped: 0[m
[[1;34mINFO[m] 
INFO: Adding excluded groups to newly created one
INFO: Adding NonDex argLine to existing argLine specified by the project
CONFIG: nondexFilter=.*
nondexMode=FULL
nondexSeed=4663138
nondexStart=0
nondexEnd=9223372036854775807
nondexPrintstack=false
nondexDir=/home/shengan4/Chronicle-Wire/.nondex
nondexJarDir=/home/shengan4/Chronicle-Wire/.nondex
nondexExecid=agDAGfmhyn7vyjX23L8ViX3J3zXMqSKbw8G9wFdw=
nondexLogging=CONFIG
test=
[[1;34mINFO[m] 
[[1;34mINFO[m] -------------------------------------------------------
[[1;34mINFO[m]  T E S T S
[[1;34mINFO[m] -------------------------------------------------------
[[1;34mINFO[m] Running net.openhft.chronicle.wire.[1mMarshallableTest[m
[[1;34mINFO[m] [1;32mTests run: [0;1;32m1[m, Failures: 0, Errors: 0, Skipped: 0, Time elapsed: 0.259 s - in net.openhft.chronicle.wire.[1mMarshallableTest[m
[[1;34mINFO[m] 
[[1;34mINFO[m] Results:
[[1;34mINFO[m] 
[[1;34mINFO[m] [1;32mTests run: 1, Failures: 0, Errors: 0, Skipped: 0[m
[[1;34mINFO[m] 
INFO: Adding excluded groups to newly created one
INFO: Adding NonDex argLine to existing argLine specified by the project
CONFIG: nondexFilter=.*
nondexMode=FULL
nondexSeed=4704582
nondexStart=0
nondexEnd=9223372036854775807
nondexPrintstack=false
nondexDir=/home/shengan4/Chronicle-Wire/.nondex
nondexJarDir=/home/shengan4/Chronicle-Wire/.nondex
nondexExecid=pHs7Sa1QEpyhtWOG9ZZrTnVKYwHYjPaRsrnpbMWAsM=
nondexLogging=CONFIG
test=
[[1;34mINFO[m] 
[[1;34mINFO[m] -------------------------------------------------------
[[1;34mINFO[m]  T E S T S
[[1;34mINFO[m] -------------------------------------------------------
[[1;34mINFO[m] Running net.openhft.chronicle.wire.[1mMarshallableTest[m
[[1;34mINFO[m] [1;32mTests run: [0;1;32m1[m, Failures: 0, Errors: 0, Skipped: 0, Time elapsed: 0.277 s - in net.openhft.chronicle.wire.[1mMarshallableTest[m
[[1;34mINFO[m] 
[[1;34mINFO[m] Results:
[[1;34mINFO[m] 
[[1;34mINFO[m] [1;32mTests run: 1, Failures: 0, Errors: 0, Skipped: 0[m
[[1;34mINFO[m] 
INFO: Adding excluded groups to newly created one
INFO: Adding NonDex argLine to existing argLine specified by the project
CONFIG: nondexFilter=.*
nondexMode=FULL
nondexSeed=4746026
nondexStart=0
nondexEnd=9223372036854775807
nondexPrintstack=false
nondexDir=/home/shengan4/Chronicle-Wire/.nondex
nondexJarDir=/home/shengan4/Chronicle-Wire/.nondex
nondexExecid=B1SXpFgs7t7djdmfsC9G3pscDEQXRMft3JjovCyZHhw=
nondexLogging=CONFIG
test=
[[1;34mINFO[m] 
[[1;34mINFO[m] -------------------------------------------------------
[[1;34mINFO[m]  T E S T S
[[1;34mINFO[m] -------------------------------------------------------
[[1;34mINFO[m] Running net.openhft.chronicle.wire.[1mMarshallableTest[m
[[1;34mINFO[m] [1;32mTests run: [0;1;32m1[m, Failures: 0, Errors: 0, Skipped: 0, Time elapsed: 0.251 s - in net.openhft.chronicle.wire.[1mMarshallableTest[m
[[1;34mINFO[m] 
[[1;34mINFO[m] Results:
[[1;34mINFO[m] 
[[1;34mINFO[m] [1;32mTests run: 1, Failures: 0, Errors: 0, Skipped: 0[m
[[1;34mINFO[m] 
INFO: Adding excluded groups to newly created one
INFO: Adding NonDex argLine to existing argLine specified by the project
CONFIG: nondexFilter=.*
nondexMode=FULL
nondexSeed=4787470
nondexStart=0
nondexEnd=9223372036854775807
nondexPrintstack=false
nondexDir=/home/shengan4/Chronicle-Wire/.nondex
nondexJarDir=/home/shengan4/Chronicle-Wire/.nondex
nondexExecid=z5Nbg3czYD+12RipHJeaXLoGCUkRMZiW7hWYG9A9gd0=
nondexLogging=CONFIG
test=
[[1;34mINFO[m] 
[[1;34mINFO[m] -------------------------------------------------------
[[1;34mINFO[m]  T E S T S
[[1;34mINFO[m] -------------------------------------------------------
[[1;34mINFO[m] Running net.openhft.chronicle.wire.[1mMarshallableTest[m
[[1;34mINFO[m] [1;32mTests run: [0;1;32m1[m, Failures: 0, Errors: 0, Skipped: 0, Time elapsed: 0.26 s - in net.openhft.chronicle.wire.[1mMarshallableTest[m
[[1;34mINFO[m] 
[[1;34mINFO[m] Results:
[[1;34mINFO[m] 
[[1;34mINFO[m] [1;32mTests run: 1, Failures: 0, Errors: 0, Skipped: 0[m
[[1;34mINFO[m] 
INFO: Adding excluded groups to newly created one
INFO: Adding NonDex argLine to existing argLine specified by the project
CONFIG: nondexFilter=.*
nondexMode=FULL
nondexSeed=4828914
nondexStart=0
nondexEnd=9223372036854775807
nondexPrintstack=false
nondexDir=/home/shengan4/Chronicle-Wire/.nondex
nondexJarDir=/home/shengan4/Chronicle-Wire/.nondex
nondexExecid=5qfnz9NG7MxHtH2HLm62Tyr7wsZa3cLrmHi3hMliE=
nondexLogging=CONFIG
test=
[[1;34mINFO[m] 
[[1;34mINFO[m] -------------------------------------------------------
[[1;34mINFO[m]  T E S T S
[[1;34mINFO[m] -------------------------------------------------------
[[1;34mINFO[m] Running net.openhft.chronicle.wire.[1mMarshallableTest[m
[[1;34mINFO[m] [1;32mTests run: [0;1;32m1[m, Failures: 0, Errors: 0, Skipped: 0, Time elapsed: 0.367 s - in net.openhft.chronicle.wire.[1mMarshallableTest[m
[[1;34mINFO[m] 
[[1;34mINFO[m] Results:
[[1;34mINFO[m] 
[[1;34mINFO[m] [1;32mTests run: 1, Failures: 0, Errors: 0, Skipped: 0[m
[[1;34mINFO[m] 
INFO: Adding excluded groups to newly created one
INFO: Adding NonDex argLine to existing argLine specified by the project
CONFIG: nondexFilter=.*
nondexMode=FULL
nondexSeed=4870358
nondexStart=0
nondexEnd=9223372036854775807
nondexPrintstack=false
nondexDir=/home/shengan4/Chronicle-Wire/.nondex
nondexJarDir=/home/shengan4/Chronicle-Wire/.nondex
nondexExecid=VC1uadFr5cywdPLjs2seCFBM8aampyisJwwZpZPeljE=
nondexLogging=CONFIG
test=
[[1;34mINFO[m] 
[[1;34mINFO[m] -------------------------------------------------------
[[1;34mINFO[m]  T E S T S
[[1;34mINFO[m] -------------------------------------------------------
[[1;34mINFO[m] Running net.openhft.chronicle.wire.[1mMarshallableTest[m
[[1;34mINFO[m] [1;32mTests run: [0;1;32m1[m, Failures: 0, Errors: 0, Skipped: 0, Time elapsed: 0.269 s - in net.openhft.chronicle.wire.[1mMarshallableTest[m
[[1;34mINFO[m] 
[[1;34mINFO[m] Results:
[[1;34mINFO[m] 
[[1;34mINFO[m] [1;32mTests run: 1, Failures: 0, Errors: 0, Skipped: 0[m
[[1;34mINFO[m] 
INFO: Adding excluded groups to newly created one
INFO: Adding NonDex argLine to existing argLine specified by the project
CONFIG: nondexFilter=.*
nondexMode=FULL
nondexSeed=4911802
nondexStart=0
nondexEnd=9223372036854775807
nondexPrintstack=false
nondexDir=/home/shengan4/Chronicle-Wire/.nondex
nondexJarDir=/home/shengan4/Chronicle-Wire/.nondex
nondexExecid=gNmWHH8uLSnhN0+wCqjs+wbWPeZD7Q0jwJG30eE58PM=
nondexLogging=CONFIG
test=
[[1;34mINFO[m] 
[[1;34mINFO[m] -------------------------------------------------------
[[1;34mINFO[m]  T E S T S
[[1;34mINFO[m] -------------------------------------------------------
[[1;34mINFO[m] Running net.openhft.chronicle.wire.[1mMarshallableTest[m
[[1;34mINFO[m] [1;32mTests run: [0;1;32m1[m, Failures: 0, Errors: 0, Skipped: 0, Time elapsed: 0.405 s - in net.openhft.chronicle.wire.[1mMarshallableTest[m
[[1;34mINFO[m] 
[[1;34mINFO[m] Results:
[[1;34mINFO[m] 
[[1;34mINFO[m] [1;32mTests run: 1, Failures: 0, Errors: 0, Skipped: 0[m
[[1;34mINFO[m] 
INFO: Adding excluded groups to newly created one
INFO: Adding NonDex argLine to existing argLine specified by the project
CONFIG: nondexFilter=.*
nondexMode=FULL
nondexSeed=4953246
nondexStart=0
nondexEnd=9223372036854775807
nondexPrintstack=false
nondexDir=/home/shengan4/Chronicle-Wire/.nondex
nondexJarDir=/home/shengan4/Chronicle-Wire/.nondex
nondexExecid=L8gRGnGgFy0ZFhW7S7ROv7ONDikM4rLkuCxJuKSDy5Y=
nondexLogging=CONFIG
test=
[[1;34mINFO[m] 
[[1;34mINFO[m] -------------------------------------------------------
[[1;34mINFO[m]  T E S T S
[[1;34mINFO[m] -------------------------------------------------------
[[1;34mINFO[m] Running net.openhft.chronicle.wire.[1mMarshallableTest[m
[[1;34mINFO[m] [1;32mTests run: [0;1;32m1[m, Failures: 0, Errors: 0, Skipped: 0, Time elapsed: 0.287 s - in net.openhft.chronicle.wire.[1mMarshallableTest[m
[[1;34mINFO[m] 
[[1;34mINFO[m] Results:
[[1;34mINFO[m] 
[[1;34mINFO[m] [1;32mTests run: 1, Failures: 0, Errors: 0, Skipped: 0[m
[[1;34mINFO[m] 
INFO: Adding excluded groups to newly created one
INFO: Adding NonDex argLine to existing argLine specified by the project
CONFIG: nondexFilter=.*
nondexMode=FULL
nondexSeed=4994690
nondexStart=0
nondexEnd=9223372036854775807
nondexPrintstack=false
nondexDir=/home/shengan4/Chronicle-Wire/.nondex
nondexJarDir=/home/shengan4/Chronicle-Wire/.nondex
nondexExecid=rtYB08S3klmVDdks1HVPz79Fhds3JgRMYpruQRgHNrs=
nondexLogging=CONFIG
test=
[[1;34mINFO[m] 
[[1;34mINFO[m] -------------------------------------------------------
[[1;34mINFO[m]  T E S T S
[[1;34mINFO[m] -------------------------------------------------------
[[1;34mINFO[m] Running net.openhft.chronicle.wire.[1mMarshallableTest[m
[[1;34mINFO[m] [1;32mTests run: [0;1;32m1[m, Failures: 0, Errors: 0, Skipped: 0, Time elapsed: 0.267 s - in net.openhft.chronicle.wire.[1mMarshallableTest[m
[[1;34mINFO[m] 
[[1;34mINFO[m] Results:
[[1;34mINFO[m] 
[[1;34mINFO[m] [1;32mTests run: 1, Failures: 0, Errors: 0, Skipped: 0[m
[[1;34mINFO[m] 
INFO: Adding excluded groups to newly created one
INFO: Adding NonDex argLine to existing argLine specified by the project
CONFIG: nondexFilter=.*
nondexMode=FULL
nondexSeed=5036134
nondexStart=0
nondexEnd=9223372036854775807
nondexPrintstack=false
nondexDir=/home/shengan4/Chronicle-Wire/.nondex
nondexJarDir=/home/shengan4/Chronicle-Wire/.nondex
nondexExecid=7PRwHv97w6ZLz0arj4L0JZvBhgfqaPKZYHUfiBQGM0=
nondexLogging=CONFIG
test=
[[1;34mINFO[m] 
[[1;34mINFO[m] -------------------------------------------------------
[[1;34mINFO[m]  T E S T S
[[1;34mINFO[m] -------------------------------------------------------
[[1;34mINFO[m] Running net.openhft.chronicle.wire.[1mMarshallableTest[m
[[1;34mINFO[m] [1;32mTests run: [0;1;32m1[m, Failures: 0, Errors: 0, Skipped: 0, Time elapsed: 0.272 s - in net.openhft.chronicle.wire.[1mMarshallableTest[m
[[1;34mINFO[m] 
[[1;34mINFO[m] Results:
[[1;34mINFO[m] 
[[1;34mINFO[m] [1;32mTests run: 1, Failures: 0, Errors: 0, Skipped: 0[m
[[1;34mINFO[m] 
[[1;34mINFO[m] NonDex SUMMARY:
[[1;34mINFO[m] *********
[[1;34mINFO[m] mvn nondex:nondex  -DnondexFilter='.*' -DnondexMode=FULL -DnondexSeed=933178 -DnondexStart=0 -DnondexEnd=9223372036854775807 -DnondexPrintstack=false -DnondexDir="/home/shengan4/Chronicle-Wire/.nondex" -DnondexJarDir="/home/shengan4/Chronicle-Wire/.nondex" -DnondexExecid=zjgTBZVCPCTOt1nR+jjmpX7qq7i6RsadKKUrrvdBg= -DnondexLogging=CONFIG
[[1;34mINFO[m] No Test Failed with this configuration.
[[1;34mINFO[m] *********
[[1;34mINFO[m] *********
[[1;34mINFO[m] mvn nondex:nondex  -DnondexFilter='.*' -DnondexMode=FULL -DnondexSeed=974622 -DnondexStart=0 -DnondexEnd=9223372036854775807 -DnondexPrintstack=false -DnondexDir="/home/shengan4/Chronicle-Wire/.nondex" -DnondexJarDir="/home/shengan4/Chronicle-Wire/.nondex" -DnondexExecid=hvH9URYPCe854+nFyQhufaLCgFfyxOHKomxxXAI96Y= -DnondexLogging=CONFIG
[[1;34mINFO[m] No Test Failed with this configuration.
[[1;34mINFO[m] *********
[[1;34mINFO[m] *********
[[1;34mINFO[m] mvn nondex:nondex  -DnondexFilter='.*' -DnondexMode=FULL -DnondexSeed=1016066 -DnondexStart=0 -DnondexEnd=9223372036854775807 -DnondexPrintstack=false -DnondexDir="/home/shengan4/Chronicle-Wire/.nondex" -DnondexJarDir="/home/shengan4/Chronicle-Wire/.nondex" -DnondexExecid=tu214KiIkLdEFTEIpBWRhWYrkPRmmjebWi3Ghs57sw= -DnondexLogging=CONFIG
[[1;34mINFO[m] No Test Failed with this configuration.
[[1;34mINFO[m] *********
[[1;34mINFO[m] *********
[[1;34mINFO[m] mvn nondex:nondex  -DnondexFilter='.*' -DnondexMode=FULL -DnondexSeed=1057510 -DnondexStart=0 -DnondexEnd=9223372036854775807 -DnondexPrintstack=false -DnondexDir="/home/shengan4/Chronicle-Wire/.nondex" -DnondexJarDir="/home/shengan4/Chronicle-Wire/.nondex" -DnondexExecid=tfONf+7ZyVl3tcUufGGZCAni5M3M0MnJZt60kgWTdk= -DnondexLogging=CONFIG
[[1;34mINFO[m] No Test Failed with this configuration.
[[1;34mINFO[m] *********
[[1;34mINFO[m] *********
[[1;34mINFO[m] mvn nondex:nondex  -DnondexFilter='.*' -DnondexMode=FULL -DnondexSeed=1098954 -DnondexStart=0 -DnondexEnd=9223372036854775807 -DnondexPrintstack=false -DnondexDir="/home/shengan4/Chronicle-Wire/.nondex" -DnondexJarDir="/home/shengan4/Chronicle-Wire/.nondex" -DnondexExecid=XXuiRE1AKM2AIZuNpnY+3xJORPaN7djMLR9fPyEcJ4w= -DnondexLogging=CONFIG
[[1;34mINFO[m] No Test Failed with this configuration.
[[1;34mINFO[m] *********
[[1;34mINFO[m] *********
[[1;34mINFO[m] mvn nondex:nondex  -DnondexFilter='.*' -DnondexMode=FULL -DnondexSeed=1140398 -DnondexStart=0 -DnondexEnd=9223372036854775807 -DnondexPrintstack=false -DnondexDir="/home/shengan4/Chronicle-Wire/.nondex" -DnondexJarDir="/home/shengan4/Chronicle-Wire/.nondex" -DnondexExecid=0X6MnbOHoJFcWsGUHX4kMUH1dxfPTrfuJd4gaH7mzF8= -DnondexLogging=CONFIG
[[1;34mINFO[m] No Test Failed with this configuration.
[[1;34mINFO[m] *********
[[1;34mINFO[m] *********
[[1;34mINFO[m] mvn nondex:nondex  -DnondexFilter='.*' -DnondexMode=FULL -DnondexSeed=1181842 -DnondexStart=0 -DnondexEnd=9223372036854775807 -DnondexPrintstack=false -DnondexDir="/home/shengan4/Chronicle-Wire/.nondex" -DnondexJarDir="/home/shengan4/Chronicle-Wire/.nondex" -DnondexExecid=lJz19LE2ehgSlhwLzRUa8aS3iCzV4ePBBLUT06alQ= -DnondexLogging=CONFIG
[[1;34mINFO[m] No Test Failed with this configuration.
[[1;34mINFO[m] *********
[[1;34mINFO[m] *********
[[1;34mINFO[m] mvn nondex:nondex  -DnondexFilter='.*' -DnondexMode=FULL -DnondexSeed=1223286 -DnondexStart=0 -DnondexEnd=9223372036854775807 -DnondexPrintstack=false -DnondexDir="/home/shengan4/Chronicle-Wire/.nondex" -DnondexJarDir="/home/shengan4/Chronicle-Wire/.nondex" -DnondexExecid=LhE6BOaC5Ut99tYvMfLKJcBW2kRhmfa96uegs5jUpA= -DnondexLogging=CONFIG
[[1;34mINFO[m] No Test Failed with this configuration.
[[1;34mINFO[m] *********
[[1;34mINFO[m] *********
[[1;34mINFO[m] mvn nondex:nondex  -DnondexFilter='.*' -DnondexMode=FULL -DnondexSeed=1264730 -DnondexStart=0 -DnondexEnd=9223372036854775807 -DnondexPrintstack=false -DnondexDir="/home/shengan4/Chronicle-Wire/.nondex" -DnondexJarDir="/home/shengan4/Chronicle-Wire/.nondex" -DnondexExecid=0VGTP56EccAXOYys1fanV0IM8RMBDtkJKzbK5R9KWs= -DnondexLogging=CONFIG
[[1;34mINFO[m] No Test Failed with this configuration.
[[1;34mINFO[m] *********
[[1;34mINFO[m] *********
[[1;34mINFO[m] mvn nondex:nondex  -DnondexFilter='.*' -DnondexMode=FULL -DnondexSeed=1306174 -DnondexStart=0 -DnondexEnd=9223372036854775807 -DnondexPrintstack=false -DnondexDir="/home/shengan4/Chronicle-Wire/.nondex" -DnondexJarDir="/home/shengan4/Chronicle-Wire/.nondex" -DnondexExecid=oQ4uZdTF7qEtGOGXnnBcXLEMDqFCWyPphzyDRSUa32Q= -DnondexLogging=CONFIG
[[1;34mINFO[m] No Test Failed with this configuration.
[[1;34mINFO[m] *********
[[1;34mINFO[m] *********
[[1;34mINFO[m] mvn nondex:nondex  -DnondexFilter='.*' -DnondexMode=FULL -DnondexSeed=1347618 -DnondexStart=0 -DnondexEnd=9223372036854775807 -DnondexPrintstack=false -DnondexDir="/home/shengan4/Chronicle-Wire/.nondex" -DnondexJarDir="/home/shengan4/Chronicle-Wire/.nondex" -DnondexExecid=kE+kQMS1MzMDFSo6DkW0jC+akyb0sFvg8aMxguC1cw= -DnondexLogging=CONFIG
[[1;34mINFO[m] No Test Failed with this configuration.
[[1;34mINFO[m] *********
[[1;34mINFO[m] *********
[[1;34mINFO[m] mvn nondex:nondex  -DnondexFilter='.*' -DnondexMode=FULL -DnondexSeed=1389062 -DnondexStart=0 -DnondexEnd=9223372036854775807 -DnondexPrintstack=false -DnondexDir="/home/shengan4/Chronicle-Wire/.nondex" -DnondexJarDir="/home/shengan4/Chronicle-Wire/.nondex" -DnondexExecid=DjhT7nkMIB1FHCFd5XQLZHYbNegUmZozX1kKMMKTcZA= -DnondexLogging=CONFIG
[[1;34mINFO[m] No Test Failed with this configuration.
[[1;34mINFO[m] *********
[[1;34mINFO[m] *********
[[1;34mINFO[m] mvn nondex:nondex  -DnondexFilter='.*' -DnondexMode=FULL -DnondexSeed=1430506 -DnondexStart=0 -DnondexEnd=9223372036854775807 -DnondexPrintstack=false -DnondexDir="/home/shengan4/Chronicle-Wire/.nondex" -DnondexJarDir="/home/shengan4/Chronicle-Wire/.nondex" -DnondexExecid=rMzRZ8ECP1a9I07ZOyjYOoQO26IRIXI8hIsW8iy06I= -DnondexLogging=CONFIG
[[1;34mINFO[m] No Test Failed with this configuration.
[[1;34mINFO[m] *********
[[1;34mINFO[m] *********
[[1;34mINFO[m] mvn nondex:nondex  -DnondexFilter='.*' -DnondexMode=FULL -DnondexSeed=1471950 -DnondexStart=0 -DnondexEnd=9223372036854775807 -DnondexPrintstack=false -DnondexDir="/home/shengan4/Chronicle-Wire/.nondex" -DnondexJarDir="/home/shengan4/Chronicle-Wire/.nondex" -DnondexExecid=yfRHRonVwLZKLQI0gZh2+qRWgTp1GJJq9LNgGZ6Bqs= -DnondexLogging=CONFIG
[[1;34mINFO[m] No Test Failed with this configuration.
[[1;34mINFO[m] *********
[[1;34mINFO[m] *********
[[1;34mINFO[m] mvn nondex:nondex  -DnondexFilter='.*' -DnondexMode=FULL -DnondexSeed=1513394 -DnondexStart=0 -DnondexEnd=9223372036854775807 -DnondexPrintstack=false -DnondexDir="/home/shengan4/Chronicle-Wire/.nondex" -DnondexJarDir="/home/shengan4/Chronicle-Wire/.nondex" -DnondexExecid=Jti7ui5kLrjzZLPDrXLd23RqgpFWCUkJhX0O6IuFSE= -DnondexLogging=CONFIG
[[1;34mINFO[m] No Test Failed with this configuration.
[[1;34mINFO[m] *********
[[1;34mINFO[m] *********
[[1;34mINFO[m] mvn nondex:nondex  -DnondexFilter='.*' -DnondexMode=FULL -DnondexSeed=1554838 -DnondexStart=0 -DnondexEnd=9223372036854775807 -DnondexPrintstack=false -DnondexDir="/home/shengan4/Chronicle-Wire/.nondex" -DnondexJarDir="/home/shengan4/Chronicle-Wire/.nondex" -DnondexExecid=40RIXR1g9InQHNX6EIgJhMkOhg800kOemIqYpGaww= -DnondexLogging=CONFIG
[[1;34mINFO[m] No Test Failed with this configuration.
[[1;34mINFO[m] *********
[[1;34mINFO[m] *********
[[1;34mINFO[m] mvn nondex:nondex  -DnondexFilter='.*' -DnondexMode=FULL -DnondexSeed=1596282 -DnondexStart=0 -DnondexEnd=9223372036854775807 -DnondexPrintstack=false -DnondexDir="/home/shengan4/Chronicle-Wire/.nondex" -DnondexJarDir="/home/shengan4/Chronicle-Wire/.nondex" -DnondexExecid=xe2jZNglzEethY7F9VLc6SxjUbxU681dvAvtATXTQc= -DnondexLogging=CONFIG
[[1;34mINFO[m] No Test Failed with this configuration.
[[1;34mINFO[m] *********
[[1;34mINFO[m] *********
[[1;34mINFO[m] mvn nondex:nondex  -DnondexFilter='.*' -DnondexMode=FULL -DnondexSeed=1637726 -DnondexStart=0 -DnondexEnd=9223372036854775807 -DnondexPrintstack=false -DnondexDir="/home/shengan4/Chronicle-Wire/.nondex" -DnondexJarDir="/home/shengan4/Chronicle-Wire/.nondex" -DnondexExecid=SsqFDHulErKV7szig6KStKa1k6D13XGfgh8oMjKevM= -DnondexLogging=CONFIG
[[1;34mINFO[m] No Test Failed with this configuration.
[[1;34mINFO[m] *********
[[1;34mINFO[m] *********
[[1;34mINFO[m] mvn nondex:nondex  -DnondexFilter='.*' -DnondexMode=FULL -DnondexSeed=1679170 -DnondexStart=0 -DnondexEnd=9223372036854775807 -DnondexPrintstack=false -DnondexDir="/home/shengan4/Chronicle-Wire/.nondex" -DnondexJarDir="/home/shengan4/Chronicle-Wire/.nondex" -DnondexExecid=ns+GmJSybuT57UvUialNXve15ZK6z864icgRZCL5Zr0= -DnondexLogging=CONFIG
[[1;34mINFO[m] No Test Failed with this configuration.
[[1;34mINFO[m] *********
[[1;34mINFO[m] *********
[[1;34mINFO[m] mvn nondex:nondex  -DnondexFilter='.*' -DnondexMode=FULL -DnondexSeed=1720614 -DnondexStart=0 -DnondexEnd=9223372036854775807 -DnondexPrintstack=false -DnondexDir="/home/shengan4/Chronicle-Wire/.nondex" -DnondexJarDir="/home/shengan4/Chronicle-Wire/.nondex" -DnondexExecid=eCcHdRKSaeMMtQiryP7drp5JqRQ5qJnhsO5QOitYYE= -DnondexLogging=CONFIG
[[1;34mINFO[m] No Test Failed with this configuration.
[[1;34mINFO[m] *********
[[1;34mINFO[m] *********
[[1;34mINFO[m] mvn nondex:nondex  -DnondexFilter='.*' -DnondexMode=FULL -DnondexSeed=1762058 -DnondexStart=0 -DnondexEnd=9223372036854775807 -DnondexPrintstack=false -DnondexDir="/home/shengan4/Chronicle-Wire/.nondex" -DnondexJarDir="/home/shengan4/Chronicle-Wire/.nondex" -DnondexExecid=HvC4ZGL7hBCTSvGVIB8bieSEOrVqfzoVJYw0oJ3rGq4= -DnondexLogging=CONFIG
[[1;34mINFO[m] No Test Failed with this configuration.
[[1;34mINFO[m] *********
[[1;34mINFO[m] *********
[[1;34mINFO[m] mvn nondex:nondex  -DnondexFilter='.*' -DnondexMode=FULL -DnondexSeed=1803502 -DnondexStart=0 -DnondexEnd=9223372036854775807 -DnondexPrintstack=false -DnondexDir="/home/shengan4/Chronicle-Wire/.nondex" -DnondexJarDir="/home/shengan4/Chronicle-Wire/.nondex" -DnondexExecid=M0Cy7u4oLV4rWtQJaXyGY1Qj0CkBD4EPQV21JXHSA8= -DnondexLogging=CONFIG
[[1;34mINFO[m] No Test Failed with this configuration.
[[1;34mINFO[m] *********
[[1;34mINFO[m] *********
[[1;34mINFO[m] mvn nondex:nondex  -DnondexFilter='.*' -DnondexMode=FULL -DnondexSeed=1844946 -DnondexStart=0 -DnondexEnd=9223372036854775807 -DnondexPrintstack=false -DnondexDir="/home/shengan4/Chronicle-Wire/.nondex" -DnondexJarDir="/home/shengan4/Chronicle-Wire/.nondex" -DnondexExecid=gVKtZg9IgB2fEQGFQc01rX3+NUJMXQG8Ten78OIes= -DnondexLogging=CONFIG
[[1;34mINFO[m] No Test Failed with this configuration.
[[1;34mINFO[m] *********
[[1;34mINFO[m] *********
[[1;34mINFO[m] mvn nondex:nondex  -DnondexFilter='.*' -DnondexMode=FULL -DnondexSeed=1886390 -DnondexStart=0 -DnondexEnd=9223372036854775807 -DnondexPrintstack=false -DnondexDir="/home/shengan4/Chronicle-Wire/.nondex" -DnondexJarDir="/home/shengan4/Chronicle-Wire/.nondex" -DnondexExecid=b+cN92eX5yPr+nNY3p0vtxHpvB9Lq7kfb2Gm+6Tb4jc= -DnondexLogging=CONFIG
[[1;34mINFO[m] No Test Failed with this configuration.
[[1;34mINFO[m] *********
[[1;34mINFO[m] *********
[[1;34mINFO[m] mvn nondex:nondex  -DnondexFilter='.*' -DnondexMode=FULL -DnondexSeed=1927834 -DnondexStart=0 -DnondexEnd=9223372036854775807 -DnondexPrintstack=false -DnondexDir="/home/shengan4/Chronicle-Wire/.nondex" -DnondexJarDir="/home/shengan4/Chronicle-Wire/.nondex" -DnondexExecid=Z51ZDeM6vxPUJVy0O9o9QJRpDoi5bxiMszKe7F8k= -DnondexLogging=CONFIG
[[1;34mINFO[m] No Test Failed with this configuration.
[[1;34mINFO[m] *********
[[1;34mINFO[m] *********
[[1;34mINFO[m] mvn nondex:nondex  -DnondexFilter='.*' -DnondexMode=FULL -DnondexSeed=1969278 -DnondexStart=0 -DnondexEnd=9223372036854775807 -DnondexPrintstack=false -DnondexDir="/home/shengan4/Chronicle-Wire/.nondex" -DnondexJarDir="/home/shengan4/Chronicle-Wire/.nondex" -DnondexExecid=+YLhyVJSoaxrkIIW3FtKYYi5wfzo+u6AuZfVGXKiSU= -DnondexLogging=CONFIG
[[1;34mINFO[m] No Test Failed with this configuration.
[[1;34mINFO[m] *********
[[1;34mINFO[m] *********
[[1;34mINFO[m] mvn nondex:nondex  -DnondexFilter='.*' -DnondexMode=FULL -DnondexSeed=2010722 -DnondexStart=0 -DnondexEnd=9223372036854775807 -DnondexPrintstack=false -DnondexDir="/home/shengan4/Chronicle-Wire/.nondex" -DnondexJarDir="/home/shengan4/Chronicle-Wire/.nondex" -DnondexExecid=j52VdKTYxiZy5iLy59274YPmXVF1V09p8JTcin2n4ZQ= -DnondexLogging=CONFIG
[[1;34mINFO[m] No Test Failed with this configuration.
[[1;34mINFO[m] *********
[[1;34mINFO[m] *********
[[1;34mINFO[m] mvn nondex:nondex  -DnondexFilter='.*' -DnondexMode=FULL -DnondexSeed=2052166 -DnondexStart=0 -DnondexEnd=9223372036854775807 -DnondexPrintstack=false -DnondexDir="/home/shengan4/Chronicle-Wire/.nondex" -DnondexJarDir="/home/shengan4/Chronicle-Wire/.nondex" -DnondexExecid=NBi9lGQ5JJaUQh0cZb+yqqx+PPXC8rT925tgPOEICsI= -DnondexLogging=CONFIG
[[1;34mINFO[m] No Test Failed with this configuration.
[[1;34mINFO[m] *********
[[1;34mINFO[m] *********
[[1;34mINFO[m] mvn nondex:nondex  -DnondexFilter='.*' -DnondexMode=FULL -DnondexSeed=2093610 -DnondexStart=0 -DnondexEnd=9223372036854775807 -DnondexPrintstack=false -DnondexDir="/home/shengan4/Chronicle-Wire/.nondex" -DnondexJarDir="/home/shengan4/Chronicle-Wire/.nondex" -DnondexExecid=a4z649e5b2S0SBf2aTWkSiaRuCIj4H6nGLTDPkRkAq0= -DnondexLogging=CONFIG
[[1;34mINFO[m] No Test Failed with this configuration.
[[1;34mINFO[m] *********
[[1;34mINFO[m] *********
[[1;34mINFO[m] mvn nondex:nondex  -DnondexFilter='.*' -DnondexMode=FULL -DnondexSeed=2135054 -DnondexStart=0 -DnondexEnd=9223372036854775807 -DnondexPrintstack=false -DnondexDir="/home/shengan4/Chronicle-Wire/.nondex" -DnondexJarDir="/home/shengan4/Chronicle-Wire/.nondex" -DnondexExecid=g1Tp+chVnEXtCWYxgdsL4LgkKBVhZ95cx9ZFjj5M= -DnondexLogging=CONFIG
[[1;34mINFO[m] No Test Failed with this configuration.
[[1;34mINFO[m] *********
[[1;34mINFO[m] *********
[[1;34mINFO[m] mvn nondex:nondex  -DnondexFilter='.*' -DnondexMode=FULL -DnondexSeed=2176498 -DnondexStart=0 -DnondexEnd=9223372036854775807 -DnondexPrintstack=false -DnondexDir="/home/shengan4/Chronicle-Wire/.nondex" -DnondexJarDir="/home/shengan4/Chronicle-Wire/.nondex" -DnondexExecid=LFmdgjTQ48iyg+AKB81xsKkLw2aw4eapLp1ZOOIV0hQ= -DnondexLogging=CONFIG
[[1;34mINFO[m] No Test Failed with this configuration.
[[1;34mINFO[m] *********
[[1;34mINFO[m] *********
[[1;34mINFO[m] mvn nondex:nondex  -DnondexFilter='.*' -DnondexMode=FULL -DnondexSeed=2217942 -DnondexStart=0 -DnondexEnd=9223372036854775807 -DnondexPrintstack=false -DnondexDir="/home/shengan4/Chronicle-Wire/.nondex" -DnondexJarDir="/home/shengan4/Chronicle-Wire/.nondex" -DnondexExecid=SGNbD4kpUKhggxTaqzD4v5Ind4yh7ai8EWVjVjH1qNQ= -DnondexLogging=CONFIG
[[1;34mINFO[m] No Test Failed with this configuration.
[[1;34mINFO[m] *********
[[1;34mINFO[m] *********
[[1;34mINFO[m] mvn nondex:nondex  -DnondexFilter='.*' -DnondexMode=FULL -DnondexSeed=2259386 -DnondexStart=0 -DnondexEnd=9223372036854775807 -DnondexPrintstack=false -DnondexDir="/home/shengan4/Chronicle-Wire/.nondex" -DnondexJarDir="/home/shengan4/Chronicle-Wire/.nondex" -DnondexExecid=VwlXiUvsTxW+vZ1Dw7UEA6AW2W1T7olgO+GbfL4w2T4= -DnondexLogging=CONFIG
[[1;34mINFO[m] No Test Failed with this configuration.
[[1;34mINFO[m] *********
[[1;34mINFO[m] *********
[[1;34mINFO[m] mvn nondex:nondex  -DnondexFilter='.*' -DnondexMode=FULL -DnondexSeed=2300830 -DnondexStart=0 -DnondexEnd=9223372036854775807 -DnondexPrintstack=false -DnondexDir="/home/shengan4/Chronicle-Wire/.nondex" -DnondexJarDir="/home/shengan4/Chronicle-Wire/.nondex" -DnondexExecid=nMJBU5w16Wb1gKquJmVI6p1RqF2934KiWlyOAqeaBUc= -DnondexLogging=CONFIG
[[1;34mINFO[m] No Test Failed with this configuration.
[[1;34mINFO[m] *********
[[1;34mINFO[m] *********
[[1;34mINFO[m] mvn nondex:nondex  -DnondexFilter='.*' -DnondexMode=FULL -DnondexSeed=2342274 -DnondexStart=0 -DnondexEnd=9223372036854775807 -DnondexPrintstack=false -DnondexDir="/home/shengan4/Chronicle-Wire/.nondex" -DnondexJarDir="/home/shengan4/Chronicle-Wire/.nondex" -DnondexExecid=vSr9JBOSKXI7Ml6s4jizZRycE4dormvw53oyErABA7Q= -DnondexLogging=CONFIG
[[1;34mINFO[m] No Test Failed with this configuration.
[[1;34mINFO[m] *********
[[1;34mINFO[m] *********
[[1;34mINFO[m] mvn nondex:nondex  -DnondexFilter='.*' -DnondexMode=FULL -DnondexSeed=2383718 -DnondexStart=0 -DnondexEnd=9223372036854775807 -DnondexPrintstack=false -DnondexDir="/home/shengan4/Chronicle-Wire/.nondex" -DnondexJarDir="/home/shengan4/Chronicle-Wire/.nondex" -DnondexExecid=mURGi2O6XWwyiXnhmPCO5mGblBvjZfSdCBhEY2saYY= -DnondexLogging=CONFIG
[[1;34mINFO[m] No Test Failed with this configuration.
[[1;34mINFO[m] *********
[[1;34mINFO[m] *********
[[1;34mINFO[m] mvn nondex:nondex  -DnondexFilter='.*' -DnondexMode=FULL -DnondexSeed=2425162 -DnondexStart=0 -DnondexEnd=9223372036854775807 -DnondexPrintstack=false -DnondexDir="/home/shengan4/Chronicle-Wire/.nondex" -DnondexJarDir="/home/shengan4/Chronicle-Wire/.nondex" -DnondexExecid=IBDMP69SR+pAO1VeLgsR7wX2zcuTStxECuda+sy6bU= -DnondexLogging=CONFIG
[[1;34mINFO[m] No Test Failed with this configuration.
[[1;34mINFO[m] *********
[[1;34mINFO[m] *********
[[1;34mINFO[m] mvn nondex:nondex  -DnondexFilter='.*' -DnondexMode=FULL -DnondexSeed=2466606 -DnondexStart=0 -DnondexEnd=9223372036854775807 -DnondexPrintstack=false -DnondexDir="/home/shengan4/Chronicle-Wire/.nondex" -DnondexJarDir="/home/shengan4/Chronicle-Wire/.nondex" -DnondexExecid=x41InhEGl1654aaeQlrtyLAPmRDvcwYDUl6NSO8xFM= -DnondexLogging=CONFIG
[[1;34mINFO[m] No Test Failed with this configuration.
[[1;34mINFO[m] *********
[[1;34mINFO[m] *********
[[1;34mINFO[m] mvn nondex:nondex  -DnondexFilter='.*' -DnondexMode=FULL -DnondexSeed=2508050 -DnondexStart=0 -DnondexEnd=9223372036854775807 -DnondexPrintstack=false -DnondexDir="/home/shengan4/Chronicle-Wire/.nondex" -DnondexJarDir="/home/shengan4/Chronicle-Wire/.nondex" -DnondexExecid=vfNITC6R2S3IZoW5Hchckak49phc0BWeeKBClOvcPKk= -DnondexLogging=CONFIG
[[1;34mINFO[m] No Test Failed with this configuration.
[[1;34mINFO[m] *********
[[1;34mINFO[m] *********
[[1;34mINFO[m] mvn nondex:nondex  -DnondexFilter='.*' -DnondexMode=FULL -DnondexSeed=2549494 -DnondexStart=0 -DnondexEnd=9223372036854775807 -DnondexPrintstack=false -DnondexDir="/home/shengan4/Chronicle-Wire/.nondex" -DnondexJarDir="/home/shengan4/Chronicle-Wire/.nondex" -DnondexExecid=51vRQsvQVyC0+yl1LWCUU8L9JS19VfjK9TFBRvZZA= -DnondexLogging=CONFIG
[[1;34mINFO[m] No Test Failed with this configuration.
[[1;34mINFO[m] *********
[[1;34mINFO[m] *********
[[1;34mINFO[m] mvn nondex:nondex  -DnondexFilter='.*' -DnondexMode=FULL -DnondexSeed=2590938 -DnondexStart=0 -DnondexEnd=9223372036854775807 -DnondexPrintstack=false -DnondexDir="/home/shengan4/Chronicle-Wire/.nondex" -DnondexJarDir="/home/shengan4/Chronicle-Wire/.nondex" -DnondexExecid=i50yc0nBwHU8QUYyeNMj3jEIZvcqtAB0KujQNKBE= -DnondexLogging=CONFIG
[[1;34mINFO[m] No Test Failed with this configuration.
[[1;34mINFO[m] *********
[[1;34mINFO[m] *********
[[1;34mINFO[m] mvn nondex:nondex  -DnondexFilter='.*' -DnondexMode=FULL -DnondexSeed=2632382 -DnondexStart=0 -DnondexEnd=9223372036854775807 -DnondexPrintstack=false -DnondexDir="/home/shengan4/Chronicle-Wire/.nondex" -DnondexJarDir="/home/shengan4/Chronicle-Wire/.nondex" -DnondexExecid=7ruEas9faglGyp3SmkcGZq3mWVUfH1GFIb1emR77IM= -DnondexLogging=CONFIG
[[1;34mINFO[m] No Test Failed with this configuration.
[[1;34mINFO[m] *********
[[1;34mINFO[m] *********
[[1;34mINFO[m] mvn nondex:nondex  -DnondexFilter='.*' -DnondexMode=FULL -DnondexSeed=2673826 -DnondexStart=0 -DnondexEnd=9223372036854775807 -DnondexPrintstack=false -DnondexDir="/home/shengan4/Chronicle-Wire/.nondex" -DnondexJarDir="/home/shengan4/Chronicle-Wire/.nondex" -DnondexExecid=QcwhNesFdyCFjRAtAfxEUo7GO9ZfX3bGAJMm6jwODZE= -DnondexLogging=CONFIG
[[1;34mINFO[m] No Test Failed with this configuration.
[[1;34mINFO[m] *********
[[1;34mINFO[m] *********
[[1;34mINFO[m] mvn nondex:nondex  -DnondexFilter='.*' -DnondexMode=FULL -DnondexSeed=2715270 -DnondexStart=0 -DnondexEnd=9223372036854775807 -DnondexPrintstack=false -DnondexDir="/home/shengan4/Chronicle-Wire/.nondex" -DnondexJarDir="/home/shengan4/Chronicle-Wire/.nondex" -DnondexExecid=zz61IlDtWD7LQTM1axMbTOml1EJydIMtXhdDTrskyL4= -DnondexLogging=CONFIG
[[1;34mINFO[m] No Test Failed with this configuration.
[[1;34mINFO[m] *********
[[1;34mINFO[m] *********
[[1;34mINFO[m] mvn nondex:nondex  -DnondexFilter='.*' -DnondexMode=FULL -DnondexSeed=2756714 -DnondexStart=0 -DnondexEnd=9223372036854775807 -DnondexPrintstack=false -DnondexDir="/home/shengan4/Chronicle-Wire/.nondex" -DnondexJarDir="/home/shengan4/Chronicle-Wire/.nondex" -DnondexExecid=UpBhZxBP3kB3fHzFoDn5G5cd1W0GVaokilte2Ldvkk4= -DnondexLogging=CONFIG
[[1;34mINFO[m] No Test Failed with this configuration.
[[1;34mINFO[m] *********
[[1;34mINFO[m] *********
[[1;34mINFO[m] mvn nondex:nondex  -DnondexFilter='.*' -DnondexMode=FULL -DnondexSeed=2798158 -DnondexStart=0 -DnondexEnd=9223372036854775807 -DnondexPrintstack=false -DnondexDir="/home/shengan4/Chronicle-Wire/.nondex" -DnondexJarDir="/home/shengan4/Chronicle-Wire/.nondex" -DnondexExecid=OXnBr5AQvAZ+xFsktZ4x2NkswbOCUAdt4rsXKzwV8= -DnondexLogging=CONFIG
[[1;34mINFO[m] No Test Failed with this configuration.
[[1;34mINFO[m] *********
[[1;34mINFO[m] *********
[[1;34mINFO[m] mvn nondex:nondex  -DnondexFilter='.*' -DnondexMode=FULL -DnondexSeed=2839602 -DnondexStart=0 -DnondexEnd=9223372036854775807 -DnondexPrintstack=false -DnondexDir="/home/shengan4/Chronicle-Wire/.nondex" -DnondexJarDir="/home/shengan4/Chronicle-Wire/.nondex" -DnondexExecid=E0v55OKH4MPdpiNm2FMObPCjPwPoBaKZUUDDRmIDaM= -DnondexLogging=CONFIG
[[1;34mINFO[m] No Test Failed with this configuration.
[[1;34mINFO[m] *********
[[1;34mINFO[m] *********
[[1;34mINFO[m] mvn nondex:nondex  -DnondexFilter='.*' -DnondexMode=FULL -DnondexSeed=2881046 -DnondexStart=0 -DnondexEnd=9223372036854775807 -DnondexPrintstack=false -DnondexDir="/home/shengan4/Chronicle-Wire/.nondex" -DnondexJarDir="/home/shengan4/Chronicle-Wire/.nondex" -DnondexExecid=ofVJEi+2RDoZg71FRUIgqKgsvCS6xj0llUQfGGHmF3Q= -DnondexLogging=CONFIG
[[1;34mINFO[m] No Test Failed with this configuration.
[[1;34mINFO[m] *********
[[1;34mINFO[m] *********
[[1;34mINFO[m] mvn nondex:nondex  -DnondexFilter='.*' -DnondexMode=FULL -DnondexSeed=2922490 -DnondexStart=0 -DnondexEnd=9223372036854775807 -DnondexPrintstack=false -DnondexDir="/home/shengan4/Chronicle-Wire/.nondex" -DnondexJarDir="/home/shengan4/Chronicle-Wire/.nondex" -DnondexExecid=8BI2M36xMs0udzMv2a0ZBKm+ENfwdLq4IEdUdJBzhw= -DnondexLogging=CONFIG
[[1;34mINFO[m] No Test Failed with this configuration.
[[1;34mINFO[m] *********
[[1;34mINFO[m] *********
[[1;34mINFO[m] mvn nondex:nondex  -DnondexFilter='.*' -DnondexMode=FULL -DnondexSeed=2963934 -DnondexStart=0 -DnondexEnd=9223372036854775807 -DnondexPrintstack=false -DnondexDir="/home/shengan4/Chronicle-Wire/.nondex" -DnondexJarDir="/home/shengan4/Chronicle-Wire/.nondex" -DnondexExecid=QWdzsklPgQnfSgYt0nJv8UqpR7LKOGdveR3iXF7A6A= -DnondexLogging=CONFIG
[[1;34mINFO[m] No Test Failed with this configuration.
[[1;34mINFO[m] *********
[[1;34mINFO[m] *********
[[1;34mINFO[m] mvn nondex:nondex  -DnondexFilter='.*' -DnondexMode=FULL -DnondexSeed=3005378 -DnondexStart=0 -DnondexEnd=9223372036854775807 -DnondexPrintstack=false -DnondexDir="/home/shengan4/Chronicle-Wire/.nondex" -DnondexJarDir="/home/shengan4/Chronicle-Wire/.nondex" -DnondexExecid=KcP1VXYF4mgTaM9VWF1LgddlTTxg9caQr377ns20CSA= -DnondexLogging=CONFIG
[[1;34mINFO[m] No Test Failed with this configuration.
[[1;34mINFO[m] *********
[[1;34mINFO[m] *********
[[1;34mINFO[m] mvn nondex:nondex  -DnondexFilter='.*' -DnondexMode=FULL -DnondexSeed=3046822 -DnondexStart=0 -DnondexEnd=9223372036854775807 -DnondexPrintstack=false -DnondexDir="/home/shengan4/Chronicle-Wire/.nondex" -DnondexJarDir="/home/shengan4/Chronicle-Wire/.nondex" -DnondexExecid=Lv2jZrnsCbpRXm61sTCxkkzXZHC+2WBK8JPnGOOGtM= -DnondexLogging=CONFIG
[[1;34mINFO[m] No Test Failed with this configuration.
[[1;34mINFO[m] *********
[[1;34mINFO[m] *********
[[1;34mINFO[m] mvn nondex:nondex  -DnondexFilter='.*' -DnondexMode=FULL -DnondexSeed=3088266 -DnondexStart=0 -DnondexEnd=9223372036854775807 -DnondexPrintstack=false -DnondexDir="/home/shengan4/Chronicle-Wire/.nondex" -DnondexJarDir="/home/shengan4/Chronicle-Wire/.nondex" -DnondexExecid=jHqklrtXYH8gqT7gd6cRNkCjaDzZfURJ8rSqSKbn5L4= -DnondexLogging=CONFIG
[[1;34mINFO[m] No Test Failed with this configuration.
[[1;34mINFO[m] *********
[[1;34mINFO[m] *********
[[1;34mINFO[m] mvn nondex:nondex  -DnondexFilter='.*' -DnondexMode=FULL -DnondexSeed=3129710 -DnondexStart=0 -DnondexEnd=9223372036854775807 -DnondexPrintstack=false -DnondexDir="/home/shengan4/Chronicle-Wire/.nondex" -DnondexJarDir="/home/shengan4/Chronicle-Wire/.nondex" -DnondexExecid=w4caN8HYQOGIdhho+egUU4DG72YS8hf9rQGxa9thSNA= -DnondexLogging=CONFIG
[[1;34mINFO[m] No Test Failed with this configuration.
[[1;34mINFO[m] *********
[[1;34mINFO[m] *********
[[1;34mINFO[m] mvn nondex:nondex  -DnondexFilter='.*' -DnondexMode=FULL -DnondexSeed=3171154 -DnondexStart=0 -DnondexEnd=9223372036854775807 -DnondexPrintstack=false -DnondexDir="/home/shengan4/Chronicle-Wire/.nondex" -DnondexJarDir="/home/shengan4/Chronicle-Wire/.nondex" -DnondexExecid=LtW3kJkBWRtr+7vPBnlf1WsNPzcceTtCgrIsWyAybx4= -DnondexLogging=CONFIG
[[1;34mINFO[m] No Test Failed with this configuration.
[[1;34mINFO[m] *********
[[1;34mINFO[m] *********
[[1;34mINFO[m] mvn nondex:nondex  -DnondexFilter='.*' -DnondexMode=FULL -DnondexSeed=3212598 -DnondexStart=0 -DnondexEnd=9223372036854775807 -DnondexPrintstack=false -DnondexDir="/home/shengan4/Chronicle-Wire/.nondex" -DnondexJarDir="/home/shengan4/Chronicle-Wire/.nondex" -DnondexExecid=+20yVOk+ICcDu3F0KEldhNwl8vEJ4sxfC3ioHBi5HLc= -DnondexLogging=CONFIG
[[1;34mINFO[m] No Test Failed with this configuration.
[[1;34mINFO[m] *********
[[1;34mINFO[m] *********
[[1;34mINFO[m] mvn nondex:nondex  -DnondexFilter='.*' -DnondexMode=FULL -DnondexSeed=3254042 -DnondexStart=0 -DnondexEnd=9223372036854775807 -DnondexPrintstack=false -DnondexDir="/home/shengan4/Chronicle-Wire/.nondex" -DnondexJarDir="/home/shengan4/Chronicle-Wire/.nondex" -DnondexExecid=C1FtxqAc5sUoARVtQWXE3sI4gsixa4O72XDe0XYrymk= -DnondexLogging=CONFIG
[[1;34mINFO[m] No Test Failed with this configuration.
[[1;34mINFO[m] *********
[[1;34mINFO[m] *********
[[1;34mINFO[m] mvn nondex:nondex  -DnondexFilter='.*' -DnondexMode=FULL -DnondexSeed=3295486 -DnondexStart=0 -DnondexEnd=9223372036854775807 -DnondexPrintstack=false -DnondexDir="/home/shengan4/Chronicle-Wire/.nondex" -DnondexJarDir="/home/shengan4/Chronicle-Wire/.nondex" -DnondexExecid=YVYcA96YPftJlMeXQnCbs3uqeYvJiR+SlWHHT97bw= -DnondexLogging=CONFIG
[[1;34mINFO[m] No Test Failed with this configuration.
[[1;34mINFO[m] *********
[[1;34mINFO[m] *********
[[1;34mINFO[m] mvn nondex:nondex  -DnondexFilter='.*' -DnondexMode=FULL -DnondexSeed=3336930 -DnondexStart=0 -DnondexEnd=9223372036854775807 -DnondexPrintstack=false -DnondexDir="/home/shengan4/Chronicle-Wire/.nondex" -DnondexJarDir="/home/shengan4/Chronicle-Wire/.nondex" -DnondexExecid=GzMPnOhkrEwoFwMnpd+1Ktec36OVqLq0K6e7+xU25Y= -DnondexLogging=CONFIG
[[1;34mINFO[m] No Test Failed with this configuration.
[[1;34mINFO[m] *********
[[1;34mINFO[m] *********
[[1;34mINFO[m] mvn nondex:nondex  -DnondexFilter='.*' -DnondexMode=FULL -DnondexSeed=3378374 -DnondexStart=0 -DnondexEnd=9223372036854775807 -DnondexPrintstack=false -DnondexDir="/home/shengan4/Chronicle-Wire/.nondex" -DnondexJarDir="/home/shengan4/Chronicle-Wire/.nondex" -DnondexExecid=4QvQQjnth4jfga7sWmr8VUK3noxFA9tIQ6ry2dRSFDU= -DnondexLogging=CONFIG
[[1;34mINFO[m] No Test Failed with this configuration.
[[1;34mINFO[m] *********
[[1;34mINFO[m] *********
[[1;34mINFO[m] mvn nondex:nondex  -DnondexFilter='.*' -DnondexMode=FULL -DnondexSeed=3419818 -DnondexStart=0 -DnondexEnd=9223372036854775807 -DnondexPrintstack=false -DnondexDir="/home/shengan4/Chronicle-Wire/.nondex" -DnondexJarDir="/home/shengan4/Chronicle-Wire/.nondex" -DnondexExecid=bMB2sxYlc9UzXEUrE8oKHB3nN76CXfJa0PViVOmlHM= -DnondexLogging=CONFIG
[[1;34mINFO[m] No Test Failed with this configuration.
[[1;34mINFO[m] *********
[[1;34mINFO[m] *********
[[1;34mINFO[m] mvn nondex:nondex  -DnondexFilter='.*' -DnondexMode=FULL -DnondexSeed=3461262 -DnondexStart=0 -DnondexEnd=9223372036854775807 -DnondexPrintstack=false -DnondexDir="/home/shengan4/Chronicle-Wire/.nondex" -DnondexJarDir="/home/shengan4/Chronicle-Wire/.nondex" -DnondexExecid=yEGD1hZF9rgejS4W1WAmpCKh5nSRwEwaMPZoGvCVLDA= -DnondexLogging=CONFIG
[[1;34mINFO[m] No Test Failed with this configuration.
[[1;34mINFO[m] *********
[[1;34mINFO[m] *********
[[1;34mINFO[m] mvn nondex:nondex  -DnondexFilter='.*' -DnondexMode=FULL -DnondexSeed=3502706 -DnondexStart=0 -DnondexEnd=9223372036854775807 -DnondexPrintstack=false -DnondexDir="/home/shengan4/Chronicle-Wire/.nondex" -DnondexJarDir="/home/shengan4/Chronicle-Wire/.nondex" -DnondexExecid=h56LIGzA3XH52KhfAj+tGxKmCF3A+xslk8a33cBt9c= -DnondexLogging=CONFIG
[[1;34mINFO[m] No Test Failed with this configuration.
[[1;34mINFO[m] *********
[[1;34mINFO[m] *********
[[1;34mINFO[m] mvn nondex:nondex  -DnondexFilter='.*' -DnondexMode=FULL -DnondexSeed=3544150 -DnondexStart=0 -DnondexEnd=9223372036854775807 -DnondexPrintstack=false -DnondexDir="/home/shengan4/Chronicle-Wire/.nondex" -DnondexJarDir="/home/shengan4/Chronicle-Wire/.nondex" -DnondexExecid=EvXa3ECok2xWb0yX9qGHwu086di7mdGeHjMipe+A3U4= -DnondexLogging=CONFIG
[[1;34mINFO[m] No Test Failed with this configuration.
[[1;34mINFO[m] *********
[[1;34mINFO[m] *********
[[1;34mINFO[m] mvn nondex:nondex  -DnondexFilter='.*' -DnondexMode=FULL -DnondexSeed=3585594 -DnondexStart=0 -DnondexEnd=9223372036854775807 -DnondexPrintstack=false -DnondexDir="/home/shengan4/Chronicle-Wire/.nondex" -DnondexJarDir="/home/shengan4/Chronicle-Wire/.nondex" -DnondexExecid=QWORsdgQlf+VI1xQpK2C7h8TdPNgBtJ1FghJ0S4Cts= -DnondexLogging=CONFIG
[[1;34mINFO[m] No Test Failed with this configuration.
[[1;34mINFO[m] *********
[[1;34mINFO[m] *********
[[1;34mINFO[m] mvn nondex:nondex  -DnondexFilter='.*' -DnondexMode=FULL -DnondexSeed=3627038 -DnondexStart=0 -DnondexEnd=9223372036854775807 -DnondexPrintstack=false -DnondexDir="/home/shengan4/Chronicle-Wire/.nondex" -DnondexJarDir="/home/shengan4/Chronicle-Wire/.nondex" -DnondexExecid=HDKqXiV1BHLrEmE2wu2FplZFttg6drsgA1czXb2iOM= -DnondexLogging=CONFIG
[[1;34mINFO[m] No Test Failed with this configuration.
[[1;34mINFO[m] *********
[[1;34mINFO[m] *********
[[1;34mINFO[m] mvn nondex:nondex  -DnondexFilter='.*' -DnondexMode=FULL -DnondexSeed=3668482 -DnondexStart=0 -DnondexEnd=9223372036854775807 -DnondexPrintstack=false -DnondexDir="/home/shengan4/Chronicle-Wire/.nondex" -DnondexJarDir="/home/shengan4/Chronicle-Wire/.nondex" -DnondexExecid=UtAszF8KJIisMMVwEKmdaSF8lYOuT9fT8QqJqkjqLHU= -DnondexLogging=CONFIG
[[1;34mINFO[m] No Test Failed with this configuration.
[[1;34mINFO[m] *********
[[1;34mINFO[m] *********
[[1;34mINFO[m] mvn nondex:nondex  -DnondexFilter='.*' -DnondexMode=FULL -DnondexSeed=3709926 -DnondexStart=0 -DnondexEnd=9223372036854775807 -DnondexPrintstack=false -DnondexDir="/home/shengan4/Chronicle-Wire/.nondex" -DnondexJarDir="/home/shengan4/Chronicle-Wire/.nondex" -DnondexExecid=JPr64fmHZhKharyrjWNufZ0JWfBxEpuquxD1aGSO0S4= -DnondexLogging=CONFIG
[[1;34mINFO[m] No Test Failed with this configuration.
[[1;34mINFO[m] *********
[[1;34mINFO[m] *********
[[1;34mINFO[m] mvn nondex:nondex  -DnondexFilter='.*' -DnondexMode=FULL -DnondexSeed=3751370 -DnondexStart=0 -DnondexEnd=9223372036854775807 -DnondexPrintstack=false -DnondexDir="/home/shengan4/Chronicle-Wire/.nondex" -DnondexJarDir="/home/shengan4/Chronicle-Wire/.nondex" -DnondexExecid=UfBC5EKQAIp+yiNt30opCtqk4Lakfx8BANQkv2qoc= -DnondexLogging=CONFIG
[[1;34mINFO[m] No Test Failed with this configuration.
[[1;34mINFO[m] *********
[[1;34mINFO[m] *********
[[1;34mINFO[m] mvn nondex:nondex  -DnondexFilter='.*' -DnondexMode=FULL -DnondexSeed=3792814 -DnondexStart=0 -DnondexEnd=9223372036854775807 -DnondexPrintstack=false -DnondexDir="/home/shengan4/Chronicle-Wire/.nondex" -DnondexJarDir="/home/shengan4/Chronicle-Wire/.nondex" -DnondexExecid=NXWVSXh1NbOBfEz6X1Fj1tht1APddViSxEk9XcZGGk= -DnondexLogging=CONFIG
[[1;34mINFO[m] No Test Failed with this configuration.
[[1;34mINFO[m] *********
[[1;34mINFO[m] *********
[[1;34mINFO[m] mvn nondex:nondex  -DnondexFilter='.*' -DnondexMode=FULL -DnondexSeed=3834258 -DnondexStart=0 -DnondexEnd=9223372036854775807 -DnondexPrintstack=false -DnondexDir="/home/shengan4/Chronicle-Wire/.nondex" -DnondexJarDir="/home/shengan4/Chronicle-Wire/.nondex" -DnondexExecid=voiZXssFnWzkBxhNXwhV47tt929B2a3SFt25cGgOkbE= -DnondexLogging=CONFIG
[[1;34mINFO[m] No Test Failed with this configuration.
[[1;34mINFO[m] *********
[[1;34mINFO[m] *********
[[1;34mINFO[m] mvn nondex:nondex  -DnondexFilter='.*' -DnondexMode=FULL -DnondexSeed=3875702 -DnondexStart=0 -DnondexEnd=9223372036854775807 -DnondexPrintstack=false -DnondexDir="/home/shengan4/Chronicle-Wire/.nondex" -DnondexJarDir="/home/shengan4/Chronicle-Wire/.nondex" -DnondexExecid=gsbYIwXtezpkXeykJ5MdnTMr2qflIXupbM0cEGhvnA= -DnondexLogging=CONFIG
[[1;34mINFO[m] No Test Failed with this configuration.
[[1;34mINFO[m] *********
[[1;34mINFO[m] *********
[[1;34mINFO[m] mvn nondex:nondex  -DnondexFilter='.*' -DnondexMode=FULL -DnondexSeed=3917146 -DnondexStart=0 -DnondexEnd=9223372036854775807 -DnondexPrintstack=false -DnondexDir="/home/shengan4/Chronicle-Wire/.nondex" -DnondexJarDir="/home/shengan4/Chronicle-Wire/.nondex" -DnondexExecid=XyK+zlg94yd2faNntyczgJ3nSSZHWP7A+oQ511PI= -DnondexLogging=CONFIG
[[1;34mINFO[m] No Test Failed with this configuration.
[[1;34mINFO[m] *********
[[1;34mINFO[m] *********
[[1;34mINFO[m] mvn nondex:nondex  -DnondexFilter='.*' -DnondexMode=FULL -DnondexSeed=3958590 -DnondexStart=0 -DnondexEnd=9223372036854775807 -DnondexPrintstack=false -DnondexDir="/home/shengan4/Chronicle-Wire/.nondex" -DnondexJarDir="/home/shengan4/Chronicle-Wire/.nondex" -DnondexExecid=zUaltMB2peir1P7lR+FTmglPiJR86VHSPKDaEp7ViI= -DnondexLogging=CONFIG
[[1;34mINFO[m] No Test Failed with this configuration.
[[1;34mINFO[m] *********
[[1;34mINFO[m] *********
[[1;34mINFO[m] mvn nondex:nondex  -DnondexFilter='.*' -DnondexMode=FULL -DnondexSeed=4000034 -DnondexStart=0 -DnondexEnd=9223372036854775807 -DnondexPrintstack=false -DnondexDir="/home/shengan4/Chronicle-Wire/.nondex" -DnondexJarDir="/home/shengan4/Chronicle-Wire/.nondex" -DnondexExecid=eY3kUDYHkVACOE6L91ZAeayZT0QhGtv6AxkC9ikvVzQ= -DnondexLogging=CONFIG
[[1;34mINFO[m] No Test Failed with this configuration.
[[1;34mINFO[m] *********
[[1;34mINFO[m] *********
[[1;34mINFO[m] mvn nondex:nondex  -DnondexFilter='.*' -DnondexMode=FULL -DnondexSeed=4041478 -DnondexStart=0 -DnondexEnd=9223372036854775807 -DnondexPrintstack=false -DnondexDir="/home/shengan4/Chronicle-Wire/.nondex" -DnondexJarDir="/home/shengan4/Chronicle-Wire/.nondex" -DnondexExecid=5tcvGzcZZjUI14tGD79AnqPN+EpWZi3jWWw3zawEQ= -DnondexLogging=CONFIG
[[1;34mINFO[m] No Test Failed with this configuration.
[[1;34mINFO[m] *********
[[1;34mINFO[m] *********
[[1;34mINFO[m] mvn nondex:nondex  -DnondexFilter='.*' -DnondexMode=FULL -DnondexSeed=4082922 -DnondexStart=0 -DnondexEnd=9223372036854775807 -DnondexPrintstack=false -DnondexDir="/home/shengan4/Chronicle-Wire/.nondex" -DnondexJarDir="/home/shengan4/Chronicle-Wire/.nondex" -DnondexExecid=Rnq52LOWjt5kef77lJqiQz6BmiXcuFMOnHRyXOrF0g= -DnondexLogging=CONFIG
[[1;34mINFO[m] No Test Failed with this configuration.
[[1;34mINFO[m] *********
[[1;34mINFO[m] *********
[[1;34mINFO[m] mvn nondex:nondex  -DnondexFilter='.*' -DnondexMode=FULL -DnondexSeed=4124366 -DnondexStart=0 -DnondexEnd=9223372036854775807 -DnondexPrintstack=false -DnondexDir="/home/shengan4/Chronicle-Wire/.nondex" -DnondexJarDir="/home/shengan4/Chronicle-Wire/.nondex" -DnondexExecid=l1KcIx265H5HyV3pN3z1LIMaJZkh8PDB235qYkFOGBI= -DnondexLogging=CONFIG
[[1;34mINFO[m] No Test Failed with this configuration.
[[1;34mINFO[m] *********
[[1;34mINFO[m] *********
[[1;34mINFO[m] mvn nondex:nondex  -DnondexFilter='.*' -DnondexMode=FULL -DnondexSeed=4165810 -DnondexStart=0 -DnondexEnd=9223372036854775807 -DnondexPrintstack=false -DnondexDir="/home/shengan4/Chronicle-Wire/.nondex" -DnondexJarDir="/home/shengan4/Chronicle-Wire/.nondex" -DnondexExecid=r9iWOiKUsIcSpzoB1JhAlFJAjUPYxTE+cYxZZ0HRMNc= -DnondexLogging=CONFIG
[[1;34mINFO[m] No Test Failed with this configuration.
[[1;34mINFO[m] *********
[[1;34mINFO[m] *********
[[1;34mINFO[m] mvn nondex:nondex  -DnondexFilter='.*' -DnondexMode=FULL -DnondexSeed=4207254 -DnondexStart=0 -DnondexEnd=9223372036854775807 -DnondexPrintstack=false -DnondexDir="/home/shengan4/Chronicle-Wire/.nondex" -DnondexJarDir="/home/shengan4/Chronicle-Wire/.nondex" -DnondexExecid=TkS3lxcdA2TQe0Vmu6ZmMDpSJT9xZy351ZBBr2Dcko= -DnondexLogging=CONFIG
[[1;34mINFO[m] No Test Failed with this configuration.
[[1;34mINFO[m] *********
[[1;34mINFO[m] *********
[[1;34mINFO[m] mvn nondex:nondex  -DnondexFilter='.*' -DnondexMode=FULL -DnondexSeed=4248698 -DnondexStart=0 -DnondexEnd=9223372036854775807 -DnondexPrintstack=false -DnondexDir="/home/shengan4/Chronicle-Wire/.nondex" -DnondexJarDir="/home/shengan4/Chronicle-Wire/.nondex" -DnondexExecid=DsIK0brA1NtKRockh4WHBPcz0JxJtzTwtQGHur7eg= -DnondexLogging=CONFIG
[[1;34mINFO[m] No Test Failed with this configuration.
[[1;34mINFO[m] *********
[[1;34mINFO[m] *********
[[1;34mINFO[m] mvn nondex:nondex  -DnondexFilter='.*' -DnondexMode=FULL -DnondexSeed=4290142 -DnondexStart=0 -DnondexEnd=9223372036854775807 -DnondexPrintstack=false -DnondexDir="/home/shengan4/Chronicle-Wire/.nondex" -DnondexJarDir="/home/shengan4/Chronicle-Wire/.nondex" -DnondexExecid=x97osLiorgGg53Gk7a6o9LKN9t5GQa0St8dl06qGg= -DnondexLogging=CONFIG
[[1;34mINFO[m] No Test Failed with this configuration.
[[1;34mINFO[m] *********
[[1;34mINFO[m] *********
[[1;34mINFO[m] mvn nondex:nondex  -DnondexFilter='.*' -DnondexMode=FULL -DnondexSeed=4331586 -DnondexStart=0 -DnondexEnd=9223372036854775807 -DnondexPrintstack=false -DnondexDir="/home/shengan4/Chronicle-Wire/.nondex" -DnondexJarDir="/home/shengan4/Chronicle-Wire/.nondex" -DnondexExecid=iRxFrVWC5KyEYGYj5okMrnRFVy0HJzM9o7o5EVpr1+Q= -DnondexLogging=CONFIG
[[1;34mINFO[m] No Test Failed with this configuration.
[[1;34mINFO[m] *********
[[1;34mINFO[m] *********
[[1;34mINFO[m] mvn nondex:nondex  -DnondexFilter='.*' -DnondexMode=FULL -DnondexSeed=4373030 -DnondexStart=0 -DnondexEnd=9223372036854775807 -DnondexPrintstack=false -DnondexDir="/home/shengan4/Chronicle-Wire/.nondex" -DnondexJarDir="/home/shengan4/Chronicle-Wire/.nondex" -DnondexExecid=D3GlwgmFfDmk1XA+FeozBHMBHK96q8Y0j1Z1xpj4o5A= -DnondexLogging=CONFIG
[[1;34mINFO[m] No Test Failed with this configuration.
[[1;34mINFO[m] *********
[[1;34mINFO[m] *********
[[1;34mINFO[m] mvn nondex:nondex  -DnondexFilter='.*' -DnondexMode=FULL -DnondexSeed=4414474 -DnondexStart=0 -DnondexEnd=9223372036854775807 -DnondexPrintstack=false -DnondexDir="/home/shengan4/Chronicle-Wire/.nondex" -DnondexJarDir="/home/shengan4/Chronicle-Wire/.nondex" -DnondexExecid=do6PJylDN60Gdu3GkcN+Qm9EBoLv9z7HOrHUzDoZYHg= -DnondexLogging=CONFIG
[[1;34mINFO[m] No Test Failed with this configuration.
[[1;34mINFO[m] *********
[[1;34mINFO[m] *********
[[1;34mINFO[m] mvn nondex:nondex  -DnondexFilter='.*' -DnondexMode=FULL -DnondexSeed=4455918 -DnondexStart=0 -DnondexEnd=9223372036854775807 -DnondexPrintstack=false -DnondexDir="/home/shengan4/Chronicle-Wire/.nondex" -DnondexJarDir="/home/shengan4/Chronicle-Wire/.nondex" -DnondexExecid=ydfegdQjA647YPWXWf19bpAWGZLzePXZMdnEu039Ptw= -DnondexLogging=CONFIG
[[1;34mINFO[m] No Test Failed with this configuration.
[[1;34mINFO[m] *********
[[1;34mINFO[m] *********
[[1;34mINFO[m] mvn nondex:nondex  -DnondexFilter='.*' -DnondexMode=FULL -DnondexSeed=4497362 -DnondexStart=0 -DnondexEnd=9223372036854775807 -DnondexPrintstack=false -DnondexDir="/home/shengan4/Chronicle-Wire/.nondex" -DnondexJarDir="/home/shengan4/Chronicle-Wire/.nondex" -DnondexExecid=1LZOEjw3KsXXjK6E45LyVYbb4l+CatKuH+OknZJRo3g= -DnondexLogging=CONFIG
[[1;34mINFO[m] No Test Failed with this configuration.
[[1;34mINFO[m] *********
[[1;34mINFO[m] *********
[[1;34mINFO[m] mvn nondex:nondex  -DnondexFilter='.*' -DnondexMode=FULL -DnondexSeed=4538806 -DnondexStart=0 -DnondexEnd=9223372036854775807 -DnondexPrintstack=false -DnondexDir="/home/shengan4/Chronicle-Wire/.nondex" -DnondexJarDir="/home/shengan4/Chronicle-Wire/.nondex" -DnondexExecid=jJF0qwudVgsuwc5SmhiK1Vb0avNxo5WBkmF1uDIW10= -DnondexLogging=CONFIG
[[1;34mINFO[m] No Test Failed with this configuration.
[[1;34mINFO[m] *********
[[1;34mINFO[m] *********
[[1;34mINFO[m] mvn nondex:nondex  -DnondexFilter='.*' -DnondexMode=FULL -DnondexSeed=4580250 -DnondexStart=0 -DnondexEnd=9223372036854775807 -DnondexPrintstack=false -DnondexDir="/home/shengan4/Chronicle-Wire/.nondex" -DnondexJarDir="/home/shengan4/Chronicle-Wire/.nondex" -DnondexExecid=sLn9JcI806Y8DpGrQqlyBM2yjk96ExeFiSIdXIHiL64= -DnondexLogging=CONFIG
[[1;34mINFO[m] No Test Failed with this configuration.
[[1;34mINFO[m] *********
[[1;34mINFO[m] *********
[[1;34mINFO[m] mvn nondex:nondex  -DnondexFilter='.*' -DnondexMode=FULL -DnondexSeed=4621694 -DnondexStart=0 -DnondexEnd=9223372036854775807 -DnondexPrintstack=false -DnondexDir="/home/shengan4/Chronicle-Wire/.nondex" -DnondexJarDir="/home/shengan4/Chronicle-Wire/.nondex" -DnondexExecid=MTcrpqDtDgZSZICHhrscPKcWL14HpWc0c0bhhGrmLcA= -DnondexLogging=CONFIG
[[1;34mINFO[m] No Test Failed with this configuration.
[[1;34mINFO[m] *********
[[1;34mINFO[m] *********
[[1;34mINFO[m] mvn nondex:nondex  -DnondexFilter='.*' -DnondexMode=FULL -DnondexSeed=4663138 -DnondexStart=0 -DnondexEnd=9223372036854775807 -DnondexPrintstack=false -DnondexDir="/home/shengan4/Chronicle-Wire/.nondex" -DnondexJarDir="/home/shengan4/Chronicle-Wire/.nondex" -DnondexExecid=agDAGfmhyn7vyjX23L8ViX3J3zXMqSKbw8G9wFdw= -DnondexLogging=CONFIG
[[1;34mINFO[m] No Test Failed with this configuration.
[[1;34mINFO[m] *********
[[1;34mINFO[m] *********
[[1;34mINFO[m] mvn nondex:nondex  -DnondexFilter='.*' -DnondexMode=FULL -DnondexSeed=4704582 -DnondexStart=0 -DnondexEnd=9223372036854775807 -DnondexPrintstack=false -DnondexDir="/home/shengan4/Chronicle-Wire/.nondex" -DnondexJarDir="/home/shengan4/Chronicle-Wire/.nondex" -DnondexExecid=pHs7Sa1QEpyhtWOG9ZZrTnVKYwHYjPaRsrnpbMWAsM= -DnondexLogging=CONFIG
[[1;34mINFO[m] No Test Failed with this configuration.
[[1;34mINFO[m] *********
[[1;34mINFO[m] *********
[[1;34mINFO[m] mvn nondex:nondex  -DnondexFilter='.*' -DnondexMode=FULL -DnondexSeed=4746026 -DnondexStart=0 -DnondexEnd=9223372036854775807 -DnondexPrintstack=false -DnondexDir="/home/shengan4/Chronicle-Wire/.nondex" -DnondexJarDir="/home/shengan4/Chronicle-Wire/.nondex" -DnondexExecid=B1SXpFgs7t7djdmfsC9G3pscDEQXRMft3JjovCyZHhw= -DnondexLogging=CONFIG
[[1;34mINFO[m] No Test Failed with this configuration.
[[1;34mINFO[m] *********
[[1;34mINFO[m] *********
[[1;34mINFO[m] mvn nondex:nondex  -DnondexFilter='.*' -DnondexMode=FULL -DnondexSeed=4787470 -DnondexStart=0 -DnondexEnd=9223372036854775807 -DnondexPrintstack=false -DnondexDir="/home/shengan4/Chronicle-Wire/.nondex" -DnondexJarDir="/home/shengan4/Chronicle-Wire/.nondex" -DnondexExecid=z5Nbg3czYD+12RipHJeaXLoGCUkRMZiW7hWYG9A9gd0= -DnondexLogging=CONFIG
[[1;34mINFO[m] No Test Failed with this configuration.
[[1;34mINFO[m] *********
[[1;34mINFO[m] *********
[[1;34mINFO[m] mvn nondex:nondex  -DnondexFilter='.*' -DnondexMode=FULL -DnondexSeed=4828914 -DnondexStart=0 -DnondexEnd=9223372036854775807 -DnondexPrintstack=false -DnondexDir="/home/shengan4/Chronicle-Wire/.nondex" -DnondexJarDir="/home/shengan4/Chronicle-Wire/.nondex" -DnondexExecid=5qfnz9NG7MxHtH2HLm62Tyr7wsZa3cLrmHi3hMliE= -DnondexLogging=CONFIG
[[1;34mINFO[m] No Test Failed with this configuration.
[[1;34mINFO[m] *********
[[1;34mINFO[m] *********
[[1;34mINFO[m] mvn nondex:nondex  -DnondexFilter='.*' -DnondexMode=FULL -DnondexSeed=4870358 -DnondexStart=0 -DnondexEnd=9223372036854775807 -DnondexPrintstack=false -DnondexDir="/home/shengan4/Chronicle-Wire/.nondex" -DnondexJarDir="/home/shengan4/Chronicle-Wire/.nondex" -DnondexExecid=VC1uadFr5cywdPLjs2seCFBM8aampyisJwwZpZPeljE= -DnondexLogging=CONFIG
[[1;34mINFO[m] No Test Failed with this configuration.
[[1;34mINFO[m] *********
[[1;34mINFO[m] *********
[[1;34mINFO[m] mvn nondex:nondex  -DnondexFilter='.*' -DnondexMode=FULL -DnondexSeed=4911802 -DnondexStart=0 -DnondexEnd=9223372036854775807 -DnondexPrintstack=false -DnondexDir="/home/shengan4/Chronicle-Wire/.nondex" -DnondexJarDir="/home/shengan4/Chronicle-Wire/.nondex" -DnondexExecid=gNmWHH8uLSnhN0+wCqjs+wbWPeZD7Q0jwJG30eE58PM= -DnondexLogging=CONFIG
[[1;34mINFO[m] No Test Failed with this configuration.
[[1;34mINFO[m] *********
[[1;34mINFO[m] *********
[[1;34mINFO[m] mvn nondex:nondex  -DnondexFilter='.*' -DnondexMode=FULL -DnondexSeed=4953246 -DnondexStart=0 -DnondexEnd=9223372036854775807 -DnondexPrintstack=false -DnondexDir="/home/shengan4/Chronicle-Wire/.nondex" -DnondexJarDir="/home/shengan4/Chronicle-Wire/.nondex" -DnondexExecid=L8gRGnGgFy0ZFhW7S7ROv7ONDikM4rLkuCxJuKSDy5Y= -DnondexLogging=CONFIG
[[1;34mINFO[m] No Test Failed with this configuration.
[[1;34mINFO[m] *********
[[1;34mINFO[m] *********
[[1;34mINFO[m] mvn nondex:nondex  -DnondexFilter='.*' -DnondexMode=FULL -DnondexSeed=4994690 -DnondexStart=0 -DnondexEnd=9223372036854775807 -DnondexPrintstack=false -DnondexDir="/home/shengan4/Chronicle-Wire/.nondex" -DnondexJarDir="/home/shengan4/Chronicle-Wire/.nondex" -DnondexExecid=rtYB08S3klmVDdks1HVPz79Fhds3JgRMYpruQRgHNrs= -DnondexLogging=CONFIG
[[1;34mINFO[m] No Test Failed with this configuration.
[[1;34mINFO[m] *********
[[1;34mINFO[m] *********
[[1;34mINFO[m] mvn nondex:nondex  -DnondexFilter='.*' -DnondexMode=FULL -DnondexSeed=5036134 -DnondexStart=0 -DnondexEnd=9223372036854775807 -DnondexPrintstack=false -DnondexDir="/home/shengan4/Chronicle-Wire/.nondex" -DnondexJarDir="/home/shengan4/Chronicle-Wire/.nondex" -DnondexExecid=7PRwHv97w6ZLz0arj4L0JZvBhgfqaPKZYHUfiBQGM0= -DnondexLogging=CONFIG
[[1;34mINFO[m] No Test Failed with this configuration.
[[1;34mINFO[m] *********
[[1;34mINFO[m] Across all seeds:
[[1;34mINFO[m] Test results can be found at: 
[[1;34mINFO[m] file:///home/shengan4/Chronicle-Wire/.nondex/zjgTBZVCPCTOt1nR+jjmpX7qq7i6RsadKKUrrvdBg=/test_results.html
[[1;34mINFO[m] [NonDex] The id of this run is: zjgTBZVCPCTOt1nR+jjmpX7qq7i6RsadKKUrrvdBg=
[[1;34mINFO[m] [1m------------------------------------------------------------------------[m
[[1;34mINFO[m] [1;32mBUILD SUCCESS[m
[[1;34mINFO[m] [1m------------------------------------------------------------------------[m
[[1;34mINFO[m] Total time:  01:43 min
[[1;34mINFO[m] Finished at: 2021-09-01T15:41:34-05:00
[[1;34mINFO[m] [1m------------------------------------------------------------------------[m
